Using pre-set license
Built from '2021.3/staging' branch; Version is '2021.3.18f1 (3129e69bc0c7) revision 3221990'; Using compiler version '192829333'; Build Type 'Release'
OS: 'Windows 10  (10.0.19044) 64bit Core' Language: 'ko' Physical Memory: 32706 MB
BatchMode: 1, IsHumanControllingUs: 0, StartBugReporterOnCrash: 0, Is64bit: 1, IsPro: 1

COMMAND LINE ARGUMENTS:
D:\Unity 2021.3.18f1\Editor\Unity.exe
-adb2
-batchMode
-noUpm
-name
AssetImportWorker0
-projectPath
D:/Github/graduate/graduate project
-logFile
Logs/AssetImportWorker0.log
-srvPort
50261
Successfully changed project path to: D:/Github/graduate/graduate project
D:/Github/graduate/graduate project
[UnityMemory] Configuration Parameters - Can be set up in boot.config
    "memorysetup-bucket-allocator-granularity=16"
    "memorysetup-bucket-allocator-bucket-count=8"
    "memorysetup-bucket-allocator-block-size=33554432"
    "memorysetup-bucket-allocator-block-count=8"
    "memorysetup-main-allocator-block-size=16777216"
    "memorysetup-thread-allocator-block-size=16777216"
    "memorysetup-gfx-main-allocator-block-size=16777216"
    "memorysetup-gfx-thread-allocator-block-size=16777216"
    "memorysetup-cache-allocator-block-size=4194304"
    "memorysetup-typetree-allocator-block-size=2097152"
    "memorysetup-profiler-bucket-allocator-granularity=16"
    "memorysetup-profiler-bucket-allocator-bucket-count=8"
    "memorysetup-profiler-bucket-allocator-block-size=33554432"
    "memorysetup-profiler-bucket-allocator-block-count=8"
    "memorysetup-profiler-allocator-block-size=16777216"
    "memorysetup-profiler-editor-allocator-block-size=1048576"
    "memorysetup-temp-allocator-size-main=16777216"
    "memorysetup-job-temp-allocator-block-size=2097152"
    "memorysetup-job-temp-allocator-block-size-background=1048576"
    "memorysetup-job-temp-allocator-reduction-small-platforms=262144"
    "memorysetup-temp-allocator-size-background-worker=32768"
    "memorysetup-temp-allocator-size-job-worker=262144"
    "memorysetup-temp-allocator-size-preload-manager=33554432"
    "memorysetup-temp-allocator-size-nav-mesh-worker=65536"
    "memorysetup-temp-allocator-size-audio-worker=65536"
    "memorysetup-temp-allocator-size-cloud-worker=32768"
    "memorysetup-temp-allocator-size-gi-baking-worker=262144"
    "memorysetup-temp-allocator-size-gfx=262144"
Player connection [10856] Host "[IP] 192.168.45.112 [Port] 0 [Flags] 2 [Guid] 1737323839 [EditorId] 1737323839 [Version] 1048832 [Id] WindowsEditor(7,DESKTOP-C0Q4G6T) [Debug] 1 [PackageName] WindowsEditor [ProjectName] Editor" joined multi-casting on [225.0.0.222:54997]...

Player connection [10856] Host "[IP] 192.168.45.112 [Port] 0 [Flags] 2 [Guid] 1737323839 [EditorId] 1737323839 [Version] 1048832 [Id] WindowsEditor(7,DESKTOP-C0Q4G6T) [Debug] 1 [PackageName] WindowsEditor [ProjectName] Editor" joined alternative multi-casting on [225.0.0.222:34997]...

Refreshing native plugins compatible for Editor in 70.84 ms, found 3 plugins.
Preloading 0 native plugins for Editor in 0.00 ms.
Initialize engine version: 2021.3.18f1 (3129e69bc0c7)
[Subsystems] Discovering subsystems at path D:/Unity 2021.3.18f1/Editor/Data/Resources/UnitySubsystems
[Subsystems] Discovering subsystems at path D:/Github/graduate/graduate project/Assets
GfxDevice: creating device client; threaded=0; jobified=0
Direct3D:
    Version:  Direct3D 11.0 [level 11.1]
    Renderer: NVIDIA GeForce RTX 3060 (ID=0x2503)
    Vendor:   NVIDIA
    VRAM:     12142 MB
    Driver:   31.0.15.1694
Initialize mono
Mono path[0] = 'D:/Unity 2021.3.18f1/Editor/Data/Managed'
Mono path[1] = 'D:/Unity 2021.3.18f1/Editor/Data/MonoBleedingEdge/lib/mono/unityjit-win32'
Mono config path = 'D:/Unity 2021.3.18f1/Editor/Data/MonoBleedingEdge/etc'
Using monoOptions --debugger-agent=transport=dt_socket,embedding=1,server=y,suspend=n,address=127.0.0.1:56224
Begin MonoManager ReloadAssembly
Registering precompiled unity dll's ...
Register platform support module: D:/Unity 2021.3.18f1/Editor/Data/PlaybackEngines/WindowsStandaloneSupport/UnityEditor.WindowsStandalone.Extensions.dll
Registered in 0.002578 seconds.
Native extension for WindowsStandalone target not found
Refreshing native plugins compatible for Editor in 69.80 ms, found 3 plugins.
Preloading 0 native plugins for Editor in 0.00 ms.
Mono: successfully reloaded assembly
- Completed reload, in  0.544 seconds
Domain Reload Profiling:
	ReloadAssembly (544ms)
		BeginReloadAssembly (79ms)
			ExecutionOrderSort (0ms)
			DisableScriptedObjects (0ms)
			BackupInstance (0ms)
			ReleaseScriptingObjects (0ms)
			CreateAndSetChildDomain (1ms)
		EndReloadAssembly (378ms)
			LoadAssemblies (79ms)
			RebuildTransferFunctionScriptingTraits (0ms)
			SetupTypeCache (92ms)
			ReleaseScriptCaches (0ms)
			RebuildScriptCaches (23ms)
			SetupLoadedEditorAssemblies (224ms)
				LogAssemblyErrors (0ms)
				InitializePlatformSupportModulesInManaged (5ms)
				SetLoadedEditorAssemblies (0ms)
				RefreshPlugins (70ms)
				BeforeProcessingInitializeOnLoad (1ms)
				ProcessInitializeOnLoadAttributes (102ms)
				ProcessInitializeOnLoadMethodAttributes (45ms)
				AfterProcessingInitializeOnLoad (0ms)
				EditorAssembliesLoaded (0ms)
			ExecutionOrderSort2 (0ms)
			AwakeInstancesAfterBackupRestoration (0ms)
Platform modules already initialized, skipping
Registering precompiled user dll's ...
Registered in 0.005024 seconds.
Begin MonoManager ReloadAssembly
Symbol file LoadedFromMemory doesn't match image D:\Github\graduate\graduate project\Library\PackageCache\com.unity.visualscripting@1.8.0\Editor\VisualScripting.Core\Dependencies\YamlDotNet\Unity.VisualScripting.YamlDotNet.dll
Symbol file LoadedFromMemory doesn't match image D:\Github\graduate\graduate project\Library\PackageCache\com.unity.visualscripting@1.8.0\Editor\VisualScripting.Core\Dependencies\DotNetZip\Unity.VisualScripting.IonicZip.dll
Native extension for WindowsStandalone target not found
Refreshing native plugins compatible for Editor in 0.47 ms, found 3 plugins.
Preloading 0 native plugins for Editor in 0.00 ms.
Mono: successfully reloaded assembly
- Completed reload, in  0.842 seconds
Domain Reload Profiling:
	ReloadAssembly (843ms)
		BeginReloadAssembly (109ms)
			ExecutionOrderSort (0ms)
			DisableScriptedObjects (5ms)
			BackupInstance (0ms)
			ReleaseScriptingObjects (0ms)
			CreateAndSetChildDomain (16ms)
		EndReloadAssembly (640ms)
			LoadAssemblies (87ms)
			RebuildTransferFunctionScriptingTraits (0ms)
			SetupTypeCache (218ms)
			ReleaseScriptCaches (0ms)
			RebuildScriptCaches (42ms)
			SetupLoadedEditorAssemblies (273ms)
				LogAssemblyErrors (0ms)
				InitializePlatformSupportModulesInManaged (4ms)
				SetLoadedEditorAssemblies (0ms)
				RefreshPlugins (1ms)
				BeforeProcessingInitializeOnLoad (66ms)
				ProcessInitializeOnLoadAttributes (184ms)
				ProcessInitializeOnLoadMethodAttributes (16ms)
				AfterProcessingInitializeOnLoad (3ms)
				EditorAssembliesLoaded (0ms)
			ExecutionOrderSort2 (0ms)
			AwakeInstancesAfterBackupRestoration (13ms)
Platform modules already initialized, skipping
========================================================================
Worker process is ready to serve import requests
Launched and connected shader compiler UnityShaderCompiler.exe after 0.05 seconds
Refreshing native plugins compatible for Editor in 0.83 ms, found 3 plugins.
Preloading 0 native plugins for Editor in 0.00 ms.
Unloading 3051 Unused Serialized files (Serialized files now loaded: 0)
Unloading 24 unused Assets / (113.4 KB). Loaded Objects now: 3519.
Memory consumption went from 108.6 MB to 108.5 MB.
Total: 3.603200 ms (FindLiveObjects: 0.289200 ms CreateObjectMapping: 0.286800 ms MarkObjects: 2.894300 ms  DeleteObjects: 0.131800 ms)

AssetImportParameters requested are different than current active one (requested -> active):
  custom:video-decoder-ogg-theora: a1e56fd34408186e4bbccfd4996cb3dc -> 
  custom:container-muxer-webm: aa71ff27fc2769a1b78a27578f13a17b -> 
  custom:container-demuxer-webm: 4f35f7cbe854078d1ac9338744f61a02 -> 
  custom:video-encoder-webm-vp8: eb34c28f22e8b96e1ab97ce403110664 -> 
  custom:audio-encoder-webm-vorbis: bf7c407c2cedff20999df2af8eb42d56 -> 
  custom:framework-win-MediaFoundation: 216162199b28c13a410421893ffa2e32 -> 
  custom:container-demuxer-ogg: 62fdf1f143b41e24485cea50d1cbac27 -> 
  custom:video-decoder-webm-vp8: 9c59270c3fd7afecdb556c50c9e8de78 -> 
  custom:audio-decoder-ogg-vorbis: bf7c407c2cedff20999df2af8eb42d56 -> 
========================================================================
Received Import Request.
  Time since last request: 269607.145529 seconds.
  path: Assets/ManyWorlds/Space Station/Sci Fi Base/DemoScene/1stPersonDemoSceneSettings.lighting
  artifactKey: Guid(55872131f015fdb46b70bad46fc71232) Importer(815301076,1909f56bfc062723c751e8b465ee728b)
Start importing Assets/ManyWorlds/Space Station/Sci Fi Base/DemoScene/1stPersonDemoSceneSettings.lighting using Guid(55872131f015fdb46b70bad46fc71232) Importer(815301076,1909f56bfc062723c751e8b465ee728b) LightingSettings: switching bake backend from 1 to 0.
 -> (artifact id: '20fe4b1717e5d1eed2e77b44feb72e16') in 0.039589 seconds 
========================================================================
Received Import Request.
  Time since last request: 1.699540 seconds.
  path: Assets/ManyWorlds/Space Station/Sci Fi Base/DemoScene/1stPersonDemoScene.unity
  artifactKey: Guid(92041b126b4b8734ba17d870746c34e9) Importer(815301076,1909f56bfc062723c751e8b465ee728b)
Start importing Assets/ManyWorlds/Space Station/Sci Fi Base/DemoScene/1stPersonDemoScene.unity using Guid(92041b126b4b8734ba17d870746c34e9) Importer(815301076,1909f56bfc062723c751e8b465ee728b)  -> (artifact id: 'e04442be63e3c846e8713328a5c25c15') in 0.005263 seconds 
========================================================================
Received Import Request.
  Time since last request: 21.864504 seconds.
  path: Assets/ManyWorlds/Space Station/Sci Fi Base/Maps/Cubemap
  artifactKey: Guid(ce0aa61116518c24da47dc3618bc8875) Importer(815301076,1909f56bfc062723c751e8b465ee728b)
Start importing Assets/ManyWorlds/Space Station/Sci Fi Base/Maps/Cubemap using Guid(ce0aa61116518c24da47dc3618bc8875) Importer(815301076,1909f56bfc062723c751e8b465ee728b)  -> (artifact id: '5ba1cfa00b0045deaf93a7531e98c6fb') in 0.004999 seconds 
========================================================================
Received Import Request.
  Time since last request: 0.048031 seconds.
  path: Assets/ManyWorlds/Space Station/Sci Fi Base/Maps/Cubemap/Sky.mat
  artifactKey: Guid(c0b2c7a0ad2dd8d4194670fccaa8f6d2) Importer(815301076,1909f56bfc062723c751e8b465ee728b)
Start importing Assets/ManyWorlds/Space Station/Sci Fi Base/Maps/Cubemap/Sky.mat using Guid(c0b2c7a0ad2dd8d4194670fccaa8f6d2) Importer(815301076,1909f56bfc062723c751e8b465ee728b)  -> (artifact id: 'c8550be483f6f3bc17d1893aa723e0b4') in 0.099761 seconds 
========================================================================
Received Import Request.
  Time since last request: 0.000012 seconds.
  path: Assets/ManyWorlds/Space Station/Sci Fi Base/Maps/Cubemap/space_down.png
  artifactKey: Guid(1ff9bbd0209596944a3549d60c74ec5f) Importer(815301076,1909f56bfc062723c751e8b465ee728b)
Start importing Assets/ManyWorlds/Space Station/Sci Fi Base/Maps/Cubemap/space_down.png using Guid(1ff9bbd0209596944a3549d60c74ec5f) Importer(815301076,1909f56bfc062723c751e8b465ee728b)  -> (artifact id: 'f89b7ef6519e284705432537900a8aa8') in 0.074792 seconds 
========================================================================
Received Import Request.
  Time since last request: 0.000013 seconds.
  path: Assets/ManyWorlds/Space Station/Sci Fi Base/Maps/Cubemap/space_up.png
  artifactKey: Guid(6c2e991fda2d5d14399a2d2031b00cee) Importer(815301076,1909f56bfc062723c751e8b465ee728b)
Start importing Assets/ManyWorlds/Space Station/Sci Fi Base/Maps/Cubemap/space_up.png using Guid(6c2e991fda2d5d14399a2d2031b00cee) Importer(815301076,1909f56bfc062723c751e8b465ee728b)  -> (artifact id: '65544efef68cb98f5bab2488de1de605') in 0.010224 seconds 
========================================================================
Received Import Request.
  Time since last request: 0.000018 seconds.
  path: Assets/ManyWorlds/Space Station/Sci Fi Base/Maps/Cubemap/space_front.png
  artifactKey: Guid(6011521f63e0b0e419fc4bf96c5e6c71) Importer(815301076,1909f56bfc062723c751e8b465ee728b)
Start importing Assets/ManyWorlds/Space Station/Sci Fi Base/Maps/Cubemap/space_front.png using Guid(6011521f63e0b0e419fc4bf96c5e6c71) Importer(815301076,1909f56bfc062723c751e8b465ee728b)  -> (artifact id: 'd2a2787913c2296f5ad18993c57a27a3') in 0.010459 seconds 
========================================================================
Received Import Request.
  Time since last request: 0.000015 seconds.
  path: Assets/ManyWorlds/Space Station/Sci Fi Base/Maps/Cubemap/space_right.png
  artifactKey: Guid(e5d5077e2e414e04b80a1f9f65a20e95) Importer(815301076,1909f56bfc062723c751e8b465ee728b)
Start importing Assets/ManyWorlds/Space Station/Sci Fi Base/Maps/Cubemap/space_right.png using Guid(e5d5077e2e414e04b80a1f9f65a20e95) Importer(815301076,1909f56bfc062723c751e8b465ee728b)  -> (artifact id: 'b03858dfdd74251f1d8dde1a8e8fba94') in 0.010809 seconds 
========================================================================
Received Import Request.
  Time since last request: 0.000014 seconds.
  path: Assets/ManyWorlds/Space Station/Sci Fi Base/Maps/Cubemap/space_left.png
  artifactKey: Guid(5465b4a035e84a343ae7b55c600ea78c) Importer(815301076,1909f56bfc062723c751e8b465ee728b)
Start importing Assets/ManyWorlds/Space Station/Sci Fi Base/Maps/Cubemap/space_left.png using Guid(5465b4a035e84a343ae7b55c600ea78c) Importer(815301076,1909f56bfc062723c751e8b465ee728b)  -> (artifact id: 'e8b33e0f03d82ff88e2aaf707f435dcc') in 0.011255 seconds 
========================================================================
Received Import Request.
  Time since last request: 0.000014 seconds.
  path: Assets/ManyWorlds/Space Station/Sci Fi Base/Maps/Cubemap/space_back.png
  artifactKey: Guid(d95a0433987c25649977659ebc1b5ace) Importer(815301076,1909f56bfc062723c751e8b465ee728b)
Start importing Assets/ManyWorlds/Space Station/Sci Fi Base/Maps/Cubemap/space_back.png using Guid(d95a0433987c25649977659ebc1b5ace) Importer(815301076,1909f56bfc062723c751e8b465ee728b)  -> (artifact id: 'bf7981fffc7ea7fffc1b8c6fcdcd986d') in 0.010288 seconds 
