Using pre-set license
Built from '2021.3/staging' branch; Version is '2021.3.18f1 (3129e69bc0c7) revision 3221990'; Using compiler version '192829333'; Build Type 'Release'
OS: 'Windows 10  (10.0.19044) 64bit Core' Language: 'ko' Physical Memory: 32706 MB
BatchMode: 1, IsHumanControllingUs: 0, StartBugReporterOnCrash: 0, Is64bit: 1, IsPro: 1

COMMAND LINE ARGUMENTS:
D:\Unity 2021.3.18f1\Editor\Unity.exe
-adb2
-batchMode
-noUpm
-name
AssetImportWorker4
-projectPath
D:/Github/graduate/graduate project
-logFile
Logs/AssetImportWorker4.log
-srvPort
53343
Successfully changed project path to: D:/Github/graduate/graduate project
D:/Github/graduate/graduate project
[UnityMemory] Configuration Parameters - Can be set up in boot.config
    "memorysetup-bucket-allocator-granularity=16"
    "memorysetup-bucket-allocator-bucket-count=8"
    "memorysetup-bucket-allocator-block-size=33554432"
    "memorysetup-bucket-allocator-block-count=8"
    "memorysetup-main-allocator-block-size=16777216"
    "memorysetup-thread-allocator-block-size=16777216"
    "memorysetup-gfx-main-allocator-block-size=16777216"
    "memorysetup-gfx-thread-allocator-block-size=16777216"
    "memorysetup-cache-allocator-block-size=4194304"
    "memorysetup-typetree-allocator-block-size=2097152"
    "memorysetup-profiler-bucket-allocator-granularity=16"
    "memorysetup-profiler-bucket-allocator-bucket-count=8"
    "memorysetup-profiler-bucket-allocator-block-size=33554432"
    "memorysetup-profiler-bucket-allocator-block-count=8"
    "memorysetup-profiler-allocator-block-size=16777216"
    "memorysetup-profiler-editor-allocator-block-size=1048576"
    "memorysetup-temp-allocator-size-main=16777216"
    "memorysetup-job-temp-allocator-block-size=2097152"
    "memorysetup-job-temp-allocator-block-size-background=1048576"
    "memorysetup-job-temp-allocator-reduction-small-platforms=262144"
    "memorysetup-temp-allocator-size-background-worker=32768"
    "memorysetup-temp-allocator-size-job-worker=262144"
    "memorysetup-temp-allocator-size-preload-manager=33554432"
    "memorysetup-temp-allocator-size-nav-mesh-worker=65536"
    "memorysetup-temp-allocator-size-audio-worker=65536"
    "memorysetup-temp-allocator-size-cloud-worker=32768"
    "memorysetup-temp-allocator-size-gi-baking-worker=262144"
    "memorysetup-temp-allocator-size-gfx=262144"
Player connection [10348] Host "[IP] 192.168.45.112 [Port] 0 [Flags] 2 [Guid] 4108159882 [EditorId] 4108159882 [Version] 1048832 [Id] WindowsEditor(7,DESKTOP-C0Q4G6T) [Debug] 1 [PackageName] WindowsEditor [ProjectName] Editor" joined multi-casting on [225.0.0.222:54997]...

Player connection [10348] Host "[IP] 192.168.45.112 [Port] 0 [Flags] 2 [Guid] 4108159882 [EditorId] 4108159882 [Version] 1048832 [Id] WindowsEditor(7,DESKTOP-C0Q4G6T) [Debug] 1 [PackageName] WindowsEditor [ProjectName] Editor" joined alternative multi-casting on [225.0.0.222:34997]...

Refreshing native plugins compatible for Editor in 76.67 ms, found 3 plugins.
Preloading 0 native plugins for Editor in 0.00 ms.
Initialize engine version: 2021.3.18f1 (3129e69bc0c7)
[Subsystems] Discovering subsystems at path D:/Unity 2021.3.18f1/Editor/Data/Resources/UnitySubsystems
[Subsystems] Discovering subsystems at path D:/Github/graduate/graduate project/Assets
GfxDevice: creating device client; threaded=0; jobified=0
Direct3D:
    Version:  Direct3D 11.0 [level 11.1]
    Renderer: NVIDIA GeForce RTX 3060 (ID=0x2503)
    Vendor:   NVIDIA
    VRAM:     12142 MB
    Driver:   31.0.15.1694
Initialize mono
Mono path[0] = 'D:/Unity 2021.3.18f1/Editor/Data/Managed'
Mono path[1] = 'D:/Unity 2021.3.18f1/Editor/Data/MonoBleedingEdge/lib/mono/unityjit-win32'
Mono config path = 'D:/Unity 2021.3.18f1/Editor/Data/MonoBleedingEdge/etc'
Using monoOptions --debugger-agent=transport=dt_socket,embedding=1,server=y,suspend=n,address=127.0.0.1:56528
Begin MonoManager ReloadAssembly
Registering precompiled unity dll's ...
Register platform support module: D:/Unity 2021.3.18f1/Editor/Data/PlaybackEngines/WindowsStandaloneSupport/UnityEditor.WindowsStandalone.Extensions.dll
Registered in 0.003028 seconds.
Native extension for WindowsStandalone target not found
Refreshing native plugins compatible for Editor in 78.18 ms, found 3 plugins.
Preloading 0 native plugins for Editor in 0.00 ms.
Mono: successfully reloaded assembly
- Completed reload, in  0.590 seconds
Domain Reload Profiling:
	ReloadAssembly (590ms)
		BeginReloadAssembly (85ms)
			ExecutionOrderSort (0ms)
			DisableScriptedObjects (0ms)
			BackupInstance (0ms)
			ReleaseScriptingObjects (0ms)
			CreateAndSetChildDomain (1ms)
		EndReloadAssembly (407ms)
			LoadAssemblies (85ms)
			RebuildTransferFunctionScriptingTraits (0ms)
			SetupTypeCache (96ms)
			ReleaseScriptCaches (0ms)
			RebuildScriptCaches (25ms)
			SetupLoadedEditorAssemblies (245ms)
				LogAssemblyErrors (0ms)
				InitializePlatformSupportModulesInManaged (5ms)
				SetLoadedEditorAssemblies (0ms)
				RefreshPlugins (78ms)
				BeforeProcessingInitializeOnLoad (1ms)
				ProcessInitializeOnLoadAttributes (112ms)
				ProcessInitializeOnLoadMethodAttributes (48ms)
				AfterProcessingInitializeOnLoad (0ms)
				EditorAssembliesLoaded (0ms)
			ExecutionOrderSort2 (0ms)
			AwakeInstancesAfterBackupRestoration (0ms)
Platform modules already initialized, skipping
Registering precompiled user dll's ...
Registered in 0.005084 seconds.
Begin MonoManager ReloadAssembly
Symbol file LoadedFromMemory doesn't match image D:\Github\graduate\graduate project\Library\PackageCache\com.unity.visualscripting@1.8.0\Editor\VisualScripting.Core\Dependencies\YamlDotNet\Unity.VisualScripting.YamlDotNet.dll
Symbol file LoadedFromMemory doesn't match image D:\Github\graduate\graduate project\Library\PackageCache\com.unity.visualscripting@1.8.0\Editor\VisualScripting.Core\Dependencies\DotNetZip\Unity.VisualScripting.IonicZip.dll
Native extension for WindowsStandalone target not found
Refreshing native plugins compatible for Editor in 0.47 ms, found 3 plugins.
Preloading 0 native plugins for Editor in 0.00 ms.
Mono: successfully reloaded assembly
- Completed reload, in  0.878 seconds
Domain Reload Profiling:
	ReloadAssembly (878ms)
		BeginReloadAssembly (110ms)
			ExecutionOrderSort (0ms)
			DisableScriptedObjects (5ms)
			BackupInstance (0ms)
			ReleaseScriptingObjects (0ms)
			CreateAndSetChildDomain (14ms)
		EndReloadAssembly (666ms)
			LoadAssemblies (93ms)
			RebuildTransferFunctionScriptingTraits (0ms)
			SetupTypeCache (247ms)
			ReleaseScriptCaches (0ms)
			RebuildScriptCaches (41ms)
			SetupLoadedEditorAssemblies (273ms)
				LogAssemblyErrors (0ms)
				InitializePlatformSupportModulesInManaged (4ms)
				SetLoadedEditorAssemblies (0ms)
				RefreshPlugins (1ms)
				BeforeProcessingInitializeOnLoad (64ms)
				ProcessInitializeOnLoadAttributes (186ms)
				ProcessInitializeOnLoadMethodAttributes (16ms)
				AfterProcessingInitializeOnLoad (3ms)
				EditorAssembliesLoaded (0ms)
			ExecutionOrderSort2 (0ms)
			AwakeInstancesAfterBackupRestoration (11ms)
Platform modules already initialized, skipping
========================================================================
Worker process is ready to serve import requests
Launched and connected shader compiler UnityShaderCompiler.exe after 0.04 seconds
Refreshing native plugins compatible for Editor in 0.47 ms, found 3 plugins.
Preloading 0 native plugins for Editor in 0.00 ms.
Unloading 3051 Unused Serialized files (Serialized files now loaded: 0)
Unloading 24 unused Assets / (113.8 KB). Loaded Objects now: 3511.
Memory consumption went from 107.6 MB to 107.5 MB.
Total: 2.367700 ms (FindLiveObjects: 0.219700 ms CreateObjectMapping: 0.169100 ms MarkObjects: 1.886600 ms  DeleteObjects: 0.091600 ms)

AssetImportParameters requested are different than current active one (requested -> active):
  custom:video-decoder-ogg-theora: a1e56fd34408186e4bbccfd4996cb3dc -> 
  custom:container-muxer-webm: aa71ff27fc2769a1b78a27578f13a17b -> 
  custom:container-demuxer-webm: 4f35f7cbe854078d1ac9338744f61a02 -> 
  custom:video-encoder-webm-vp8: eb34c28f22e8b96e1ab97ce403110664 -> 
  custom:audio-encoder-webm-vorbis: bf7c407c2cedff20999df2af8eb42d56 -> 
  custom:framework-win-MediaFoundation: 216162199b28c13a410421893ffa2e32 -> 
  custom:container-demuxer-ogg: 62fdf1f143b41e24485cea50d1cbac27 -> 
  custom:video-decoder-webm-vp8: 9c59270c3fd7afecdb556c50c9e8de78 -> 
  custom:audio-decoder-ogg-vorbis: bf7c407c2cedff20999df2af8eb42d56 -> 
========================================================================
Received Import Request.
  Time since last request: 255832.772401 seconds.
  path: Assets/ManyWorlds/Space Station/Sci Fi Base/Prefabs/Lightning
  artifactKey: Guid(442d919b9850c2c4b9166079ce232ae2) Importer(815301076,1909f56bfc062723c751e8b465ee728b)
Start importing Assets/ManyWorlds/Space Station/Sci Fi Base/Prefabs/Lightning using Guid(442d919b9850c2c4b9166079ce232ae2) Importer(815301076,1909f56bfc062723c751e8b465ee728b)  -> (artifact id: '50e24306055593720d4c05dc5ee4c338') in 0.008793 seconds 
========================================================================
Received Import Request.
  Time since last request: 0.034920 seconds.
  path: Assets/ManyWorlds/Space Station/Sci Fi Base/Prefabs/Lightning/Props_Lights00.prefab
  artifactKey: Guid(93c817430d17b8f41bcf0348014bc225) Importer(815301076,1909f56bfc062723c751e8b465ee728b)
Start importing Assets/ManyWorlds/Space Station/Sci Fi Base/Prefabs/Lightning/Props_Lights00.prefab using Guid(93c817430d17b8f41bcf0348014bc225) Importer(815301076,1909f56bfc062723c751e8b465ee728b)  -> (artifact id: '62e7c494686f59547fac6647c9d1d302') in 0.279608 seconds 
========================================================================
Received Import Request.
  Time since last request: 6.595796 seconds.
  path: Assets/ManyWorlds/Space Station/Sci Fi Base/Prefabs/Misc/Galaxy.prefab
  artifactKey: Guid(e12ae32cfd717a64592f1df0687acfcb) Importer(815301076,1909f56bfc062723c751e8b465ee728b)
Start importing Assets/ManyWorlds/Space Station/Sci Fi Base/Prefabs/Misc/Galaxy.prefab using Guid(e12ae32cfd717a64592f1df0687acfcb) Importer(815301076,1909f56bfc062723c751e8b465ee728b)  -> (artifact id: '8b2f9626321d4e0e4aa1dbcd5abd41f1') in 0.028866 seconds 
========================================================================
Received Import Request.
  Time since last request: 0.676513 seconds.
  path: Assets/ManyWorlds/Space Station/Sci Fi Base/Prefabs/Props/bed_space01.prefab
  artifactKey: Guid(a8eb865397aa16a478fb44fa7f17678c) Importer(815301076,1909f56bfc062723c751e8b465ee728b)
Start importing Assets/ManyWorlds/Space Station/Sci Fi Base/Prefabs/Props/bed_space01.prefab using Guid(a8eb865397aa16a478fb44fa7f17678c) Importer(815301076,1909f56bfc062723c751e8b465ee728b)  -> (artifact id: '86a315597ad0fbe3a874809c799e46bf') in 0.196813 seconds 
========================================================================
Received Import Request.
  Time since last request: 0.000017 seconds.
  path: Assets/ManyWorlds/Space Station/Sci Fi Base/Prefabs/Props/Screenpedestal02.prefab
  artifactKey: Guid(f78ee4b315710f34689393d57e2cd552) Importer(815301076,1909f56bfc062723c751e8b465ee728b)
Start importing Assets/ManyWorlds/Space Station/Sci Fi Base/Prefabs/Props/Screenpedestal02.prefab using Guid(f78ee4b315710f34689393d57e2cd552) Importer(815301076,1909f56bfc062723c751e8b465ee728b)  -> (artifact id: 'e2b6b3a09fb3b4be312f2b2c3763a0e0') in 0.261956 seconds 
========================================================================
Received Import Request.
  Time since last request: 0.000019 seconds.
  path: Assets/ManyWorlds/Space Station/Sci Fi Base/Prefabs/Props/ScreenPedestal00.prefab
  artifactKey: Guid(71d1f9e67ecb59b4fb64a7a0469b31cd) Importer(815301076,1909f56bfc062723c751e8b465ee728b)
Start importing Assets/ManyWorlds/Space Station/Sci Fi Base/Prefabs/Props/ScreenPedestal00.prefab using Guid(71d1f9e67ecb59b4fb64a7a0469b31cd) Importer(815301076,1909f56bfc062723c751e8b465ee728b)  -> (artifact id: 'f50a89fd9261dad4bb5a1433cdf576c2') in 0.037622 seconds 
========================================================================
Received Import Request.
  Time since last request: 0.000013 seconds.
  path: Assets/ManyWorlds/Space Station/Sci Fi Base/Prefabs/Props/ScreenPedestal03.prefab
  artifactKey: Guid(2bdb4032bfb860a488d911bec20d87d8) Importer(815301076,1909f56bfc062723c751e8b465ee728b)
Start importing Assets/ManyWorlds/Space Station/Sci Fi Base/Prefabs/Props/ScreenPedestal03.prefab using Guid(2bdb4032bfb860a488d911bec20d87d8) Importer(815301076,1909f56bfc062723c751e8b465ee728b)  -> (artifact id: '5a987373b1ad7c816bca70293e50da0d') in 0.040718 seconds 
========================================================================
Received Import Request.
  Time since last request: 0.000015 seconds.
  path: Assets/ManyWorlds/Space Station/Sci Fi Base/Prefabs/Props/Screenpedestal08.prefab
  artifactKey: Guid(e652b3dd64f342a46802d1168dd40839) Importer(815301076,1909f56bfc062723c751e8b465ee728b)
Start importing Assets/ManyWorlds/Space Station/Sci Fi Base/Prefabs/Props/Screenpedestal08.prefab using Guid(e652b3dd64f342a46802d1168dd40839) Importer(815301076,1909f56bfc062723c751e8b465ee728b)  -> (artifact id: '2a539bef548facc58b3da08cc8524246') in 0.035653 seconds 
========================================================================
Received Import Request.
  Time since last request: 0.000012 seconds.
  path: Assets/ManyWorlds/Space Station/Sci Fi Base/Prefabs/Props/Props_Hologram001.prefab
  artifactKey: Guid(c7df64974e03c594cbb93a09a06f82fb) Importer(815301076,1909f56bfc062723c751e8b465ee728b)
Start importing Assets/ManyWorlds/Space Station/Sci Fi Base/Prefabs/Props/Props_Hologram001.prefab using Guid(c7df64974e03c594cbb93a09a06f82fb) Importer(815301076,1909f56bfc062723c751e8b465ee728b)  -> (artifact id: 'b7f0daf53890ad30a324e5f2dc5dc097') in 0.050165 seconds 
========================================================================
Received Import Request.
  Time since last request: 0.000015 seconds.
  path: Assets/ManyWorlds/Space Station/Sci Fi Base/Prefabs/Props/ScreenPedestal01.prefab
  artifactKey: Guid(475e2f0a884e6764cb179167cd45e126) Importer(815301076,1909f56bfc062723c751e8b465ee728b)
Start importing Assets/ManyWorlds/Space Station/Sci Fi Base/Prefabs/Props/ScreenPedestal01.prefab using Guid(475e2f0a884e6764cb179167cd45e126) Importer(815301076,1909f56bfc062723c751e8b465ee728b)  -> (artifact id: 'ea4f9a8addcc7fc15bafd946cb143354') in 0.040094 seconds 
========================================================================
Received Import Request.
  Time since last request: 0.000018 seconds.
  path: Assets/ManyWorlds/Space Station/Sci Fi Base/Prefabs/Props/Turbin00.prefab
  artifactKey: Guid(17a0e9e98d850fe4d9ee9ab31b6ad5ee) Importer(815301076,1909f56bfc062723c751e8b465ee728b)
Start importing Assets/ManyWorlds/Space Station/Sci Fi Base/Prefabs/Props/Turbin00.prefab using Guid(17a0e9e98d850fe4d9ee9ab31b6ad5ee) Importer(815301076,1909f56bfc062723c751e8b465ee728b)  -> (artifact id: '8fbd4327193940f40f94c0404c36ffc8') in 0.185218 seconds 
========================================================================
Received Import Request.
  Time since last request: 2.104498 seconds.
  path: Assets/ManyWorlds/Space Station/Sci Fi Base/Scripts/DoorActivatorMecanim.cs
  artifactKey: Guid(17639a2a9c29a2744a64a1d246b9f5f2) Importer(815301076,1909f56bfc062723c751e8b465ee728b)
Start importing Assets/ManyWorlds/Space Station/Sci Fi Base/Scripts/DoorActivatorMecanim.cs using Guid(17639a2a9c29a2744a64a1d246b9f5f2) Importer(815301076,1909f56bfc062723c751e8b465ee728b)  -> (artifact id: '8162d46b6d1cbfe1af4ea4889f44fdf2') in 0.015286 seconds 
========================================================================
Received Import Request.
  Time since last request: 9.111579 seconds.
  path: Assets/ManyWorlds/Space Station/Sci Fi Base/Scripts/Rotator.cs
  artifactKey: Guid(62f985e1578123840b66fe0c87ba5cb8) Importer(815301076,1909f56bfc062723c751e8b465ee728b)
Start importing Assets/ManyWorlds/Space Station/Sci Fi Base/Scripts/Rotator.cs using Guid(62f985e1578123840b66fe0c87ba5cb8) Importer(815301076,1909f56bfc062723c751e8b465ee728b)  -> (artifact id: 'fcfbc8a14cf53ad719f9dc9426c3b36e') in 0.005274 seconds 
========================================================================
Received Import Request.
  Time since last request: 1.128958 seconds.
  path: Assets/ManyWorlds/Space Station/Sci Fi Base/Scripts/DoorActivator.cs
  artifactKey: Guid(25caf7892d582ab46a6431642dbf8ccc) Importer(815301076,1909f56bfc062723c751e8b465ee728b)
Start importing Assets/ManyWorlds/Space Station/Sci Fi Base/Scripts/DoorActivator.cs using Guid(25caf7892d582ab46a6431642dbf8ccc) Importer(815301076,1909f56bfc062723c751e8b465ee728b)  -> (artifact id: '249dcb2e59511141a656ece5262659d8') in 0.005528 seconds 
========================================================================
Received Import Request.
  Time since last request: 16.836063 seconds.
  path: Assets/ManyWorlds/Space Station/Sci Fi Base/Mesh/Corridor
  artifactKey: Guid(e0ec3d55efaf34247b1328e709bfa109) Importer(815301076,1909f56bfc062723c751e8b465ee728b)
Start importing Assets/ManyWorlds/Space Station/Sci Fi Base/Mesh/Corridor using Guid(e0ec3d55efaf34247b1328e709bfa109) Importer(815301076,1909f56bfc062723c751e8b465ee728b)  -> (artifact id: '20111d0f5401d648729b850cc6eeec43') in 0.005498 seconds 
========================================================================
Received Import Request.
  Time since last request: 0.049778 seconds.
  path: Assets/ManyWorlds/Space Station/Sci Fi Base/Mesh/Corridor/Corridor_01.FBX
  artifactKey: Guid(25ff30a15142a3e4483c95f01a93cc79) Importer(815301076,1909f56bfc062723c751e8b465ee728b)
Start importing Assets/ManyWorlds/Space Station/Sci Fi Base/Mesh/Corridor/Corridor_01.FBX using Guid(25ff30a15142a3e4483c95f01a93cc79) Importer(815301076,1909f56bfc062723c751e8b465ee728b)  -> (artifact id: 'a3468b74f113c084cd79fe397db89134') in 0.091871 seconds 
========================================================================
Received Import Request.
  Time since last request: 0.000017 seconds.
  path: Assets/ManyWorlds/Space Station/Sci Fi Base/Mesh/Corridor/Separation_corridor_02.FBX
  artifactKey: Guid(8d334c5926bc6ab40a86b110510a549a) Importer(815301076,1909f56bfc062723c751e8b465ee728b)
Start importing Assets/ManyWorlds/Space Station/Sci Fi Base/Mesh/Corridor/Separation_corridor_02.FBX using Guid(8d334c5926bc6ab40a86b110510a549a) Importer(815301076,1909f56bfc062723c751e8b465ee728b)  -> (artifact id: '3db7fea9d9ca6fdba7a8f9504f2ec357') in 0.085375 seconds 
========================================================================
Received Import Request.
  Time since last request: 0.000021 seconds.
  path: Assets/ManyWorlds/Space Station/Sci Fi Base/Mesh/Corridor/Separation_corridor_04.FBX
  artifactKey: Guid(5f6555182070a2c48aaf5837d9f2abcd) Importer(815301076,1909f56bfc062723c751e8b465ee728b)
Start importing Assets/ManyWorlds/Space Station/Sci Fi Base/Mesh/Corridor/Separation_corridor_04.FBX using Guid(5f6555182070a2c48aaf5837d9f2abcd) Importer(815301076,1909f56bfc062723c751e8b465ee728b)  -> (artifact id: 'c1d797753c1817539034b06513ef72db') in 0.088508 seconds 
========================================================================
Received Import Request.
  Time since last request: 12.788730 seconds.
  path: Assets/ManyWorlds/Space Station/Sci Fi Base/Mesh/Connectors/Connect_01.FBX
  artifactKey: Guid(3c4e8330ab64e3647aa2052fc922c998) Importer(815301076,1909f56bfc062723c751e8b465ee728b)
Start importing Assets/ManyWorlds/Space Station/Sci Fi Base/Mesh/Connectors/Connect_01.FBX using Guid(3c4e8330ab64e3647aa2052fc922c998) Importer(815301076,1909f56bfc062723c751e8b465ee728b)  -> (artifact id: '42a6a8101ab3b19c2d820e185fc6faed') in 0.194744 seconds 
========================================================================
Received Import Request.
  Time since last request: 0.438684 seconds.
  path: Assets/ManyWorlds/Space Station/Sci Fi Base/Mesh/Decor/bed_space01.FBX
  artifactKey: Guid(d510f5b90690b764891e04f8306377fd) Importer(815301076,1909f56bfc062723c751e8b465ee728b)
Start importing Assets/ManyWorlds/Space Station/Sci Fi Base/Mesh/Decor/bed_space01.FBX using Guid(d510f5b90690b764891e04f8306377fd) Importer(815301076,1909f56bfc062723c751e8b465ee728b)  -> (artifact id: '13ea871ea2a4e41464f85771241d8beb') in 0.016212 seconds 
========================================================================
Received Import Request.
  Time since last request: 0.389331 seconds.
  path: Assets/ManyWorlds/Space Station/Sci Fi Base/Mesh/Doors/door_01_Bigdoor.FBX
  artifactKey: Guid(06692824ab973f34c835d7aa4e5c1435) Importer(815301076,1909f56bfc062723c751e8b465ee728b)
Start importing Assets/ManyWorlds/Space Station/Sci Fi Base/Mesh/Doors/door_01_Bigdoor.FBX using Guid(06692824ab973f34c835d7aa4e5c1435) Importer(815301076,1909f56bfc062723c751e8b465ee728b)  -> (artifact id: 'aa06471dcba74a6c13b8b7e3609f321b') in 0.110508 seconds 
========================================================================
Received Import Request.
  Time since last request: 6.130556 seconds.
  path: Assets/ManyWorlds/Space Station/Sci Fi Base/Mesh/Decor
  artifactKey: Guid(4a51c510adf50f543ab5b860f874f2e2) Importer(815301076,1909f56bfc062723c751e8b465ee728b)
Start importing Assets/ManyWorlds/Space Station/Sci Fi Base/Mesh/Decor using Guid(4a51c510adf50f543ab5b860f874f2e2) Importer(815301076,1909f56bfc062723c751e8b465ee728b)  -> (artifact id: '1c8d8090ebab329d34fa6c6a2f86afd5') in 0.005071 seconds 
========================================================================
Received Import Request.
  Time since last request: 4.092116 seconds.
  path: Assets/ManyWorlds/Space Station/Sci Fi Base/Mesh/Misc
  artifactKey: Guid(39708be3c89f7c6408ed9d79a89f3d20) Importer(815301076,1909f56bfc062723c751e8b465ee728b)
Start importing Assets/ManyWorlds/Space Station/Sci Fi Base/Mesh/Misc using Guid(39708be3c89f7c6408ed9d79a89f3d20) Importer(815301076,1909f56bfc062723c751e8b465ee728b)  -> (artifact id: 'f8d41c58bbc9fccbc86b6e56c0cde1d1') in 0.004949 seconds 
========================================================================
Received Import Request.
  Time since last request: 0.037007 seconds.
  path: Assets/ManyWorlds/Space Station/Sci Fi Base/Mesh/Misc/planet_wire_01.FBX
  artifactKey: Guid(6507b589191aeb140bc031cd01183867) Importer(815301076,1909f56bfc062723c751e8b465ee728b)
Start importing Assets/ManyWorlds/Space Station/Sci Fi Base/Mesh/Misc/planet_wire_01.FBX using Guid(6507b589191aeb140bc031cd01183867) Importer(815301076,1909f56bfc062723c751e8b465ee728b)  -> (artifact id: 'f26c0ed7a8594a05bc5926a323c61db8') in 0.072195 seconds 
========================================================================
Received Import Request.
  Time since last request: 3.957182 seconds.
  path: Assets/ManyWorlds/Space Station/Sci Fi Base/Mesh/Rooms
  artifactKey: Guid(9f0cfc514bbf3c046a1d51ef68c623e7) Importer(815301076,1909f56bfc062723c751e8b465ee728b)
Start importing Assets/ManyWorlds/Space Station/Sci Fi Base/Mesh/Rooms using Guid(9f0cfc514bbf3c046a1d51ef68c623e7) Importer(815301076,1909f56bfc062723c751e8b465ee728b)  -> (artifact id: 'a565284d50df92ba784403b4a4f0ca46') in 0.005016 seconds 
========================================================================
Received Import Request.
  Time since last request: 0.034281 seconds.
  path: Assets/ManyWorlds/Space Station/Sci Fi Base/Mesh/Rooms/camera_descompresion.FBX
  artifactKey: Guid(69be588e82febcd478977fd63c3d5e78) Importer(815301076,1909f56bfc062723c751e8b465ee728b)
Start importing Assets/ManyWorlds/Space Station/Sci Fi Base/Mesh/Rooms/camera_descompresion.FBX using Guid(69be588e82febcd478977fd63c3d5e78) Importer(815301076,1909f56bfc062723c751e8b465ee728b)  -> (artifact id: 'b6e962506961cb538408e41dda8771c1') in 0.135726 seconds 
========================================================================
Received Import Request.
  Time since last request: 9.352296 seconds.
  path: Assets/ManyWorlds/Space Station/Sci Fi Base/Mesh/Tunnels/Tunnel_vent_01.FBX
  artifactKey: Guid(0a161a47dbecf094ba7aece8ead1e79e) Importer(815301076,1909f56bfc062723c751e8b465ee728b)
Start importing Assets/ManyWorlds/Space Station/Sci Fi Base/Mesh/Tunnels/Tunnel_vent_01.FBX using Guid(0a161a47dbecf094ba7aece8ead1e79e) Importer(815301076,1909f56bfc062723c751e8b465ee728b)  -> (artifact id: '5e0e48158f360cb6ff7275dde74f1504') in 0.176429 seconds 
========================================================================
Received Import Request.
  Time since last request: 24.922732 seconds.
  path: Assets/ManyWorlds/Space Station/Sci Fi Base/Mesh/Frames/Door_frame_round_01.FBX
  artifactKey: Guid(348e3eaa014570a4195a870db6c59360) Importer(815301076,1909f56bfc062723c751e8b465ee728b)
Start importing Assets/ManyWorlds/Space Station/Sci Fi Base/Mesh/Frames/Door_frame_round_01.FBX using Guid(348e3eaa014570a4195a870db6c59360) Importer(815301076,1909f56bfc062723c751e8b465ee728b)  -> (artifact id: 'c8e4e03b4da77daa8d627d0120c538a3') in 0.021473 seconds 
========================================================================
Received Import Request.
  Time since last request: 0.450698 seconds.
  path: Assets/ManyWorlds/Space Station/Sci Fi Base/Mesh/Endings/Ending_round_01.FBX
  artifactKey: Guid(95a171a64a5230f4bb4043149f14b873) Importer(815301076,1909f56bfc062723c751e8b465ee728b)
Start importing Assets/ManyWorlds/Space Station/Sci Fi Base/Mesh/Endings/Ending_round_01.FBX using Guid(95a171a64a5230f4bb4043149f14b873) Importer(815301076,1909f56bfc062723c751e8b465ee728b)  -> (artifact id: '306ba8aed46a169e35a365f242cbbd00') in 0.040448 seconds 
========================================================================
Received Import Request.
  Time since last request: 0.000013 seconds.
  path: Assets/ManyWorlds/Space Station/Sci Fi Base/Mesh/Endings/Ending_square_03.FBX
  artifactKey: Guid(da73f811fd5141c469c494cffe45f37f) Importer(815301076,1909f56bfc062723c751e8b465ee728b)
Start importing Assets/ManyWorlds/Space Station/Sci Fi Base/Mesh/Endings/Ending_square_03.FBX using Guid(da73f811fd5141c469c494cffe45f37f) Importer(815301076,1909f56bfc062723c751e8b465ee728b)  -> (artifact id: '1d3fc859a4dfe97190bfa66590a460dc') in 0.041489 seconds 
========================================================================
Received Import Request.
  Time since last request: 15.273846 seconds.
  path: Assets/ManyWorlds/Space Station/Sci Fi Base/Mesh/Materials/12 - Default.mat
  artifactKey: Guid(c2f768c63eb946a4c94c8d24d0231a30) Importer(815301076,1909f56bfc062723c751e8b465ee728b)
Start importing Assets/ManyWorlds/Space Station/Sci Fi Base/Mesh/Materials/12 - Default.mat using Guid(c2f768c63eb946a4c94c8d24d0231a30) Importer(815301076,1909f56bfc062723c751e8b465ee728b)  -> (artifact id: 'ceff96a9ae89a9cd12737e4b9dfac5e2') in 0.028609 seconds 
========================================================================
Received Import Request.
  Time since last request: 0.000015 seconds.
  path: Assets/ManyWorlds/Space Station/Sci Fi Base/Mesh/Materials/CC_window.mat
  artifactKey: Guid(e30a674e15fdea34b8737023e1a0cb63) Importer(815301076,1909f56bfc062723c751e8b465ee728b)
Start importing Assets/ManyWorlds/Space Station/Sci Fi Base/Mesh/Materials/CC_window.mat using Guid(e30a674e15fdea34b8737023e1a0cb63) Importer(815301076,1909f56bfc062723c751e8b465ee728b)  -> (artifact id: 'd99a354fd29d22167a9f197d88b648f7') in 0.011584 seconds 
========================================================================
Received Import Request.
  Time since last request: 0.000018 seconds.
  path: Assets/ManyWorlds/Space Station/Sci Fi Base/Mesh/Materials/CD_metalframe.mat
  artifactKey: Guid(59f6d8f3ea4d99d48a8f117dcd651b25) Importer(815301076,1909f56bfc062723c751e8b465ee728b)
Start importing Assets/ManyWorlds/Space Station/Sci Fi Base/Mesh/Materials/CD_metalframe.mat using Guid(59f6d8f3ea4d99d48a8f117dcd651b25) Importer(815301076,1909f56bfc062723c751e8b465ee728b)  -> (artifact id: 'b47f368450f18b9e0dc54911b6019d2d') in 0.010720 seconds 
========================================================================
Received Import Request.
  Time since last request: 0.000020 seconds.
  path: Assets/ManyWorlds/Space Station/Sci Fi Base/Mesh/Materials/CB_doorframelight.mat
  artifactKey: Guid(b5b52edd947e81a43959ed0cbdb60944) Importer(815301076,1909f56bfc062723c751e8b465ee728b)
Start importing Assets/ManyWorlds/Space Station/Sci Fi Base/Mesh/Materials/CB_doorframelight.mat using Guid(b5b52edd947e81a43959ed0cbdb60944) Importer(815301076,1909f56bfc062723c751e8b465ee728b)  -> (artifact id: '3ee03c52259ec716ff637db8014706a9') in 0.009694 seconds 
========================================================================
Received Import Request.
  Time since last request: 0.000015 seconds.
  path: Assets/ManyWorlds/Space Station/Sci Fi Base/Mesh/Materials/CH_windows.mat
  artifactKey: Guid(6f3e9af30b461ee49ab9089f98cc8aa7) Importer(815301076,1909f56bfc062723c751e8b465ee728b)
Start importing Assets/ManyWorlds/Space Station/Sci Fi Base/Mesh/Materials/CH_windows.mat using Guid(6f3e9af30b461ee49ab9089f98cc8aa7) Importer(815301076,1909f56bfc062723c751e8b465ee728b)  -> (artifact id: '628c3e8c68a0e97c3328ab5e872dc518') in 0.196967 seconds 
========================================================================
Received Import Request.
  Time since last request: 0.000026 seconds.
  path: Assets/ManyWorlds/Space Station/Sci Fi Base/Mesh/Materials/bedr_blackrubber.mat
  artifactKey: Guid(5a8bb67a16ee5644589bd0f8ecd9a8f1) Importer(815301076,1909f56bfc062723c751e8b465ee728b)
Start importing Assets/ManyWorlds/Space Station/Sci Fi Base/Mesh/Materials/bedr_blackrubber.mat using Guid(5a8bb67a16ee5644589bd0f8ecd9a8f1) Importer(815301076,1909f56bfc062723c751e8b465ee728b)  -> (artifact id: '6a75f781c598c4c5f93d62d62e6a53d6') in 0.010510 seconds 
========================================================================
Received Import Request.
  Time since last request: 0.000015 seconds.
  path: Assets/ManyWorlds/Space Station/Sci Fi Base/Mesh/Materials/CB_frameblack.mat
  artifactKey: Guid(65d85dc3157880744826d1e6dec4d8f5) Importer(815301076,1909f56bfc062723c751e8b465ee728b)
Start importing Assets/ManyWorlds/Space Station/Sci Fi Base/Mesh/Materials/CB_frameblack.mat using Guid(65d85dc3157880744826d1e6dec4d8f5) Importer(815301076,1909f56bfc062723c751e8b465ee728b)  -> (artifact id: 'd252cd3b8f5489d796f5fd5176b6336f') in 0.012387 seconds 
========================================================================
Received Import Request.
  Time since last request: 0.000015 seconds.
  path: Assets/ManyWorlds/Space Station/Sci Fi Base/Mesh/Materials/CH_blackrubber.mat
  artifactKey: Guid(76315198241b17641901fe572ba3dde5) Importer(815301076,1909f56bfc062723c751e8b465ee728b)
Start importing Assets/ManyWorlds/Space Station/Sci Fi Base/Mesh/Materials/CH_blackrubber.mat using Guid(76315198241b17641901fe572ba3dde5) Importer(815301076,1909f56bfc062723c751e8b465ee728b)  -> (artifact id: '6d70ef8f4b99927f0d451a6ac8608b41') in 0.010221 seconds 
========================================================================
Received Import Request.
  Time since last request: 0.000015 seconds.
  path: Assets/ManyWorlds/Space Station/Sci Fi Base/Mesh/Materials/CT_Brubber.mat
  artifactKey: Guid(907e963d8fc844d42a672f7d09cb1090) Importer(815301076,1909f56bfc062723c751e8b465ee728b)
Start importing Assets/ManyWorlds/Space Station/Sci Fi Base/Mesh/Materials/CT_Brubber.mat using Guid(907e963d8fc844d42a672f7d09cb1090) Importer(815301076,1909f56bfc062723c751e8b465ee728b)  -> (artifact id: '43dcb256a27c409ee5f252c9eb72d181') in 0.010013 seconds 
========================================================================
Received Import Request.
  Time since last request: 0.000018 seconds.
  path: Assets/ManyWorlds/Space Station/Sci Fi Base/Mesh/Materials/CB_doorframerubber.mat
  artifactKey: Guid(a262ef25b464bc849a33ed972ee1eafb) Importer(815301076,1909f56bfc062723c751e8b465ee728b)
Start importing Assets/ManyWorlds/Space Station/Sci Fi Base/Mesh/Materials/CB_doorframerubber.mat using Guid(a262ef25b464bc849a33ed972ee1eafb) Importer(815301076,1909f56bfc062723c751e8b465ee728b)  -> (artifact id: '4520ef81dc7504c5f4d29cdccb7790b4') in 0.010443 seconds 
========================================================================
Received Import Request.
  Time since last request: 0.000015 seconds.
  path: Assets/ManyWorlds/Space Station/Sci Fi Base/Mesh/Materials/CH_light.mat
  artifactKey: Guid(f00371889ffd1e54fb286c37bc9cbb2c) Importer(815301076,1909f56bfc062723c751e8b465ee728b)
Start importing Assets/ManyWorlds/Space Station/Sci Fi Base/Mesh/Materials/CH_light.mat using Guid(f00371889ffd1e54fb286c37bc9cbb2c) Importer(815301076,1909f56bfc062723c751e8b465ee728b)  -> (artifact id: '70cb906a2666dc295e41d92c00628db7') in 0.009453 seconds 
========================================================================
Received Import Request.
  Time since last request: 0.000015 seconds.
  path: Assets/ManyWorlds/Space Station/Sci Fi Base/Mesh/Materials/CB_insidewalls.mat
  artifactKey: Guid(57f3550a23c9f2341ae3b6eec1d9e131) Importer(815301076,1909f56bfc062723c751e8b465ee728b)
Start importing Assets/ManyWorlds/Space Station/Sci Fi Base/Mesh/Materials/CB_insidewalls.mat using Guid(57f3550a23c9f2341ae3b6eec1d9e131) Importer(815301076,1909f56bfc062723c751e8b465ee728b)  -> (artifact id: '282cc345a46305b91422284a47bfd9a4') in 0.012145 seconds 
========================================================================
Received Import Request.
  Time since last request: 0.000015 seconds.
  path: Assets/ManyWorlds/Space Station/Sci Fi Base/Mesh/Materials/BR_light.mat
  artifactKey: Guid(f3eb10f29d8bbe446881099870bea049) Importer(815301076,1909f56bfc062723c751e8b465ee728b)
Start importing Assets/ManyWorlds/Space Station/Sci Fi Base/Mesh/Materials/BR_light.mat using Guid(f3eb10f29d8bbe446881099870bea049) Importer(815301076,1909f56bfc062723c751e8b465ee728b)  -> (artifact id: '0b2d4f0c3a67ec65d2539888b59ea283') in 0.010215 seconds 
========================================================================
Received Import Request.
  Time since last request: 0.000019 seconds.
  path: Assets/ManyWorlds/Space Station/Sci Fi Base/Mesh/Materials/CC_doorframerubber.mat
  artifactKey: Guid(b5f82dd08d3a0d4408237d13c624d012) Importer(815301076,1909f56bfc062723c751e8b465ee728b)
Start importing Assets/ManyWorlds/Space Station/Sci Fi Base/Mesh/Materials/CC_doorframerubber.mat using Guid(b5f82dd08d3a0d4408237d13c624d012) Importer(815301076,1909f56bfc062723c751e8b465ee728b)  -> (artifact id: 'fcf0ca6fb17c8bf66cd3b8f988198f7e') in 0.009847 seconds 
========================================================================
Received Import Request.
  Time since last request: 0.000015 seconds.
  path: Assets/ManyWorlds/Space Station/Sci Fi Base/Mesh/Materials/CBD_window.mat
  artifactKey: Guid(75f62e9ffbff9654b88cd36595270f1c) Importer(815301076,1909f56bfc062723c751e8b465ee728b)
Start importing Assets/ManyWorlds/Space Station/Sci Fi Base/Mesh/Materials/CBD_window.mat using Guid(75f62e9ffbff9654b88cd36595270f1c) Importer(815301076,1909f56bfc062723c751e8b465ee728b)  -> (artifact id: '65187fc72bb2c00269e51af463095ec4') in 0.011916 seconds 
========================================================================
Received Import Request.
  Time since last request: 0.000017 seconds.
  path: Assets/ManyWorlds/Space Station/Sci Fi Base/Mesh/Materials/CX_doorframe.mat
  artifactKey: Guid(b5eb7c31f67e0d541a5c4deb432ac42b) Importer(815301076,1909f56bfc062723c751e8b465ee728b)
Start importing Assets/ManyWorlds/Space Station/Sci Fi Base/Mesh/Materials/CX_doorframe.mat using Guid(b5eb7c31f67e0d541a5c4deb432ac42b) Importer(815301076,1909f56bfc062723c751e8b465ee728b)  -> (artifact id: 'fd502e98d83e849c5f806a5482a2f90f') in 0.011905 seconds 
========================================================================
Received Import Request.
  Time since last request: 0.000017 seconds.
  path: Assets/ManyWorlds/Space Station/Sci Fi Base/Mesh/Materials/CT_window.mat
  artifactKey: Guid(3c223edb00ac5f04292f9d8b86fde5d4) Importer(815301076,1909f56bfc062723c751e8b465ee728b)
Start importing Assets/ManyWorlds/Space Station/Sci Fi Base/Mesh/Materials/CT_window.mat using Guid(3c223edb00ac5f04292f9d8b86fde5d4) Importer(815301076,1909f56bfc062723c751e8b465ee728b)  -> (artifact id: '486e12afdc294f8b834f00be2b1a3b2d') in 0.011165 seconds 
========================================================================
Received Import Request.
  Time since last request: 0.000016 seconds.
  path: Assets/ManyWorlds/Space Station/Sci Fi Base/Mesh/Materials/CT_frameblack.mat
  artifactKey: Guid(e3ec05e9a3eabb44b904483461d570fb) Importer(815301076,1909f56bfc062723c751e8b465ee728b)
Start importing Assets/ManyWorlds/Space Station/Sci Fi Base/Mesh/Materials/CT_frameblack.mat using Guid(e3ec05e9a3eabb44b904483461d570fb) Importer(815301076,1909f56bfc062723c751e8b465ee728b)  -> (artifact id: 'e0e1c1377aaf1e1092c086fb02cc3a6e') in 0.010639 seconds 
========================================================================
Received Import Request.
  Time since last request: 0.000020 seconds.
  path: Assets/ManyWorlds/Space Station/Sci Fi Base/Mesh/Materials/CT_selfilum.mat
  artifactKey: Guid(4fd4adbf642059a40b905a3f8e657afa) Importer(815301076,1909f56bfc062723c751e8b465ee728b)
Start importing Assets/ManyWorlds/Space Station/Sci Fi Base/Mesh/Materials/CT_selfilum.mat using Guid(4fd4adbf642059a40b905a3f8e657afa) Importer(815301076,1909f56bfc062723c751e8b465ee728b)  -> (artifact id: 'bace17fdeeed59b201d17ffe61feff28') in 0.012003 seconds 
========================================================================
Received Import Request.
  Time since last request: 0.000024 seconds.
  path: Assets/ManyWorlds/Space Station/Sci Fi Base/Mesh/Materials/CB_indoorplastic.mat
  artifactKey: Guid(a691b939385b15c4f842d3507edfd31d) Importer(815301076,1909f56bfc062723c751e8b465ee728b)
Start importing Assets/ManyWorlds/Space Station/Sci Fi Base/Mesh/Materials/CB_indoorplastic.mat using Guid(a691b939385b15c4f842d3507edfd31d) Importer(815301076,1909f56bfc062723c751e8b465ee728b)  -> (artifact id: '5cbd29970cb0e51705a43b8e1dc7f2bf') in 0.012551 seconds 
========================================================================
Received Import Request.
  Time since last request: 0.000025 seconds.
  path: Assets/ManyWorlds/Space Station/Sci Fi Base/Mesh/Materials/CB_blackrubber.mat
  artifactKey: Guid(4b6b4092d10bf15478abbd0af7e07f65) Importer(815301076,1909f56bfc062723c751e8b465ee728b)
Start importing Assets/ManyWorlds/Space Station/Sci Fi Base/Mesh/Materials/CB_blackrubber.mat using Guid(4b6b4092d10bf15478abbd0af7e07f65) Importer(815301076,1909f56bfc062723c751e8b465ee728b)  -> (artifact id: '0fc761305606c4db40bc46137995d7f8') in 0.011302 seconds 
========================================================================
Received Import Request.
  Time since last request: 0.000030 seconds.
  path: Assets/ManyWorlds/Space Station/Sci Fi Base/Mesh/Materials/CamhalfSphere.mat
  artifactKey: Guid(c8f941d390e0c9345ba5a8b62085e14c) Importer(815301076,1909f56bfc062723c751e8b465ee728b)
Start importing Assets/ManyWorlds/Space Station/Sci Fi Base/Mesh/Materials/CamhalfSphere.mat using Guid(c8f941d390e0c9345ba5a8b62085e14c) Importer(815301076,1909f56bfc062723c751e8b465ee728b)  -> (artifact id: 'dcf2920a52c4abc6c61cd5953f831293') in 0.010684 seconds 
========================================================================
Received Import Request.
  Time since last request: 0.000014 seconds.
  path: Assets/ManyWorlds/Space Station/Sci Fi Base/Mesh/Materials/CamWhiteMaterial.mat
  artifactKey: Guid(736a1eb0c75da814a80ef3cdd15b1838) Importer(815301076,1909f56bfc062723c751e8b465ee728b)
Start importing Assets/ManyWorlds/Space Station/Sci Fi Base/Mesh/Materials/CamWhiteMaterial.mat using Guid(736a1eb0c75da814a80ef3cdd15b1838) Importer(815301076,1909f56bfc062723c751e8b465ee728b)  -> (artifact id: '4074b4a618bf1b4e1b64b80fdc576b03') in 0.011007 seconds 
========================================================================
Received Import Request.
  Time since last request: 0.000017 seconds.
  path: Assets/ManyWorlds/Space Station/Sci Fi Base/Mesh/Materials/bedr_matress.mat
  artifactKey: Guid(68a9e963b49bbe14e80572dbef76f8fa) Importer(815301076,1909f56bfc062723c751e8b465ee728b)
Start importing Assets/ManyWorlds/Space Station/Sci Fi Base/Mesh/Materials/bedr_matress.mat using Guid(68a9e963b49bbe14e80572dbef76f8fa) Importer(815301076,1909f56bfc062723c751e8b465ee728b)  -> (artifact id: 'ea2a80329e92e582c4c5568eb8e165eb') in 0.010088 seconds 
========================================================================
Received Import Request.
  Time since last request: 0.000014 seconds.
  path: Assets/ManyWorlds/Space Station/Sci Fi Base/Mesh/Materials/CBD_insidewalls.mat
  artifactKey: Guid(60462cbc1544a3b468052cf44436d5b3) Importer(815301076,1909f56bfc062723c751e8b465ee728b)
Start importing Assets/ManyWorlds/Space Station/Sci Fi Base/Mesh/Materials/CBD_insidewalls.mat using Guid(60462cbc1544a3b468052cf44436d5b3) Importer(815301076,1909f56bfc062723c751e8b465ee728b)  -> (artifact id: 'cd05a17263543880a122edcb208f282a') in 0.010603 seconds 
========================================================================
Received Import Request.
  Time since last request: 0.000014 seconds.
  path: Assets/ManyWorlds/Space Station/Sci Fi Base/Mesh/Materials/bedr_window.mat
  artifactKey: Guid(84346774987939e4da9f40be7d4622ef) Importer(815301076,1909f56bfc062723c751e8b465ee728b)
Start importing Assets/ManyWorlds/Space Station/Sci Fi Base/Mesh/Materials/bedr_window.mat using Guid(84346774987939e4da9f40be7d4622ef) Importer(815301076,1909f56bfc062723c751e8b465ee728b)  -> (artifact id: '07c22e84abe6825954f91cb02c2fa7fa') in 0.011037 seconds 
========================================================================
Received Import Request.
  Time since last request: 0.000024 seconds.
  path: Assets/ManyWorlds/Space Station/Sci Fi Base/Mesh/Materials/CH_Brubber.mat
  artifactKey: Guid(90215c281994b1446a0e97e5119a15e6) Importer(815301076,1909f56bfc062723c751e8b465ee728b)
Start importing Assets/ManyWorlds/Space Station/Sci Fi Base/Mesh/Materials/CH_Brubber.mat using Guid(90215c281994b1446a0e97e5119a15e6) Importer(815301076,1909f56bfc062723c751e8b465ee728b)  -> (artifact id: '6df47a23d4bcaa4c5d9ba5bf0276b02a') in 0.010036 seconds 
========================================================================
Received Import Request.
  Time since last request: 0.000014 seconds.
  path: Assets/ManyWorlds/Space Station/Sci Fi Base/Mesh/Materials/CX_selfilum.mat
  artifactKey: Guid(8e77b09832308d943bd379364332095b) Importer(815301076,1909f56bfc062723c751e8b465ee728b)
Start importing Assets/ManyWorlds/Space Station/Sci Fi Base/Mesh/Materials/CX_selfilum.mat using Guid(8e77b09832308d943bd379364332095b) Importer(815301076,1909f56bfc062723c751e8b465ee728b)  -> (artifact id: 'af6a3447bb1fe28fca4bb74ccc735989') in 0.010777 seconds 
========================================================================
Received Import Request.
  Time since last request: 0.000013 seconds.
  path: Assets/ManyWorlds/Space Station/Sci Fi Base/Mesh/Materials/CR1_Brubber.mat
  artifactKey: Guid(9f77eb8af6b28744f880d254e6ff8695) Importer(815301076,1909f56bfc062723c751e8b465ee728b)
Start importing Assets/ManyWorlds/Space Station/Sci Fi Base/Mesh/Materials/CR1_Brubber.mat using Guid(9f77eb8af6b28744f880d254e6ff8695) Importer(815301076,1909f56bfc062723c751e8b465ee728b)  -> (artifact id: '1ab1c8c790ab4b8e633433cf0afb1f55') in 0.010814 seconds 
========================================================================
Received Import Request.
  Time since last request: 0.000015 seconds.
  path: Assets/ManyWorlds/Space Station/Sci Fi Base/Mesh/Materials/CT_blackrubber.mat
  artifactKey: Guid(3e1423b6fb1090d4cb05a36a04e585a5) Importer(815301076,1909f56bfc062723c751e8b465ee728b)
Start importing Assets/ManyWorlds/Space Station/Sci Fi Base/Mesh/Materials/CT_blackrubber.mat using Guid(3e1423b6fb1090d4cb05a36a04e585a5) Importer(815301076,1909f56bfc062723c751e8b465ee728b)  -> (artifact id: '3afc650bc2912fde344a0f9f05e36e7b') in 0.009957 seconds 
========================================================================
Received Import Request.
  Time since last request: 0.290691 seconds.
  path: Assets/ManyWorlds/Space Station/Sci Fi Base/Mesh/Materials/CX_window.mat
  artifactKey: Guid(d1d98998bf7cd1549aed50aa7c502281) Importer(815301076,1909f56bfc062723c751e8b465ee728b)
Start importing Assets/ManyWorlds/Space Station/Sci Fi Base/Mesh/Materials/CX_window.mat using Guid(d1d98998bf7cd1549aed50aa7c502281) Importer(815301076,1909f56bfc062723c751e8b465ee728b)  -> (artifact id: '8e937d0676234172b443a997c42b999c') in 0.010998 seconds 
========================================================================
Received Import Request.
  Time since last request: 0.000015 seconds.
  path: Assets/ManyWorlds/Space Station/Sci Fi Base/Mesh/Materials/Doors2_Blackrubber.mat
  artifactKey: Guid(bc61784e24fbcb54fa7a0ba4649b93a3) Importer(815301076,1909f56bfc062723c751e8b465ee728b)
Start importing Assets/ManyWorlds/Space Station/Sci Fi Base/Mesh/Materials/Doors2_Blackrubber.mat using Guid(bc61784e24fbcb54fa7a0ba4649b93a3) Importer(815301076,1909f56bfc062723c751e8b465ee728b)  -> (artifact id: 'c60627daf3e7408cdaeaa52f25a8f207') in 0.010331 seconds 
========================================================================
Received Import Request.
  Time since last request: 0.000013 seconds.
  path: Assets/ManyWorlds/Space Station/Sci Fi Base/Mesh/Materials/doors_Brubber.mat
  artifactKey: Guid(faea2ca1381e64244833eebedf45685a) Importer(815301076,1909f56bfc062723c751e8b465ee728b)
Start importing Assets/ManyWorlds/Space Station/Sci Fi Base/Mesh/Materials/doors_Brubber.mat using Guid(faea2ca1381e64244833eebedf45685a) Importer(815301076,1909f56bfc062723c751e8b465ee728b)  -> (artifact id: '257d099d9371d9121ccb5b8a67a53402') in 0.010164 seconds 
========================================================================
Received Import Request.
  Time since last request: 0.000021 seconds.
  path: Assets/ManyWorlds/Space Station/Sci Fi Base/Mesh/Materials/Doors2_whiteplastic.mat
  artifactKey: Guid(467cde45ecf8cc84aa453a0cbc34b89f) Importer(815301076,1909f56bfc062723c751e8b465ee728b)
Start importing Assets/ManyWorlds/Space Station/Sci Fi Base/Mesh/Materials/Doors2_whiteplastic.mat using Guid(467cde45ecf8cc84aa453a0cbc34b89f) Importer(815301076,1909f56bfc062723c751e8b465ee728b)  -> (artifact id: '8c8da17693f306f0a110dc25f8fb3578') in 0.013646 seconds 
========================================================================
Received Import Request.
  Time since last request: 0.000012 seconds.
  path: Assets/ManyWorlds/Space Station/Sci Fi Base/Mesh/Materials/DoorBlack.mat
  artifactKey: Guid(f1bfc42c662c4bd45bc6936b2fb79b78) Importer(815301076,1909f56bfc062723c751e8b465ee728b)
Start importing Assets/ManyWorlds/Space Station/Sci Fi Base/Mesh/Materials/DoorBlack.mat using Guid(f1bfc42c662c4bd45bc6936b2fb79b78) Importer(815301076,1909f56bfc062723c751e8b465ee728b)  -> (artifact id: 'ec85cbe4deb8a68a82577842662a2b44') in 0.011229 seconds 
========================================================================
Received Import Request.
  Time since last request: 0.005931 seconds.
  path: Assets/ManyWorlds/Space Station/Sci Fi Base/Mesh/Materials/doors_metalFrame.mat
  artifactKey: Guid(670a02983f262e24792185a59fd316dc) Importer(815301076,1909f56bfc062723c751e8b465ee728b)
Start importing Assets/ManyWorlds/Space Station/Sci Fi Base/Mesh/Materials/doors_metalFrame.mat using Guid(670a02983f262e24792185a59fd316dc) Importer(815301076,1909f56bfc062723c751e8b465ee728b)  -> (artifact id: '5d260c61f38bbe277d60efb772c88aa5') in 0.011380 seconds 
========================================================================
Received Import Request.
  Time since last request: 0.000015 seconds.
  path: Assets/ManyWorlds/Space Station/Sci Fi Base/Mesh/Materials/m_mat_salas_cristal_cama.mat
  artifactKey: Guid(5f785a35e2a38f94783208ccc0979267) Importer(815301076,1909f56bfc062723c751e8b465ee728b)
Start importing Assets/ManyWorlds/Space Station/Sci Fi Base/Mesh/Materials/m_mat_salas_cristal_cama.mat using Guid(5f785a35e2a38f94783208ccc0979267) Importer(815301076,1909f56bfc062723c751e8b465ee728b)  -> (artifact id: 'd46b0448e80dbc0af942a114980eead8') in 0.012671 seconds 
========================================================================
Received Import Request.
  Time since last request: 0.000013 seconds.
  path: Assets/ManyWorlds/Space Station/Sci Fi Base/Mesh/Materials/EC_metalframe.mat
  artifactKey: Guid(9c6f8f3c21e4f1b4e8efea4e18122ab7) Importer(815301076,1909f56bfc062723c751e8b465ee728b)
Start importing Assets/ManyWorlds/Space Station/Sci Fi Base/Mesh/Materials/EC_metalframe.mat using Guid(9c6f8f3c21e4f1b4e8efea4e18122ab7) Importer(815301076,1909f56bfc062723c751e8b465ee728b)  -> (artifact id: '69a9f3786555bf4da0ba1c4befc0f2ea') in 0.013068 seconds 
========================================================================
Received Import Request.
  Time since last request: 0.000020 seconds.
  path: Assets/ManyWorlds/Space Station/Sci Fi Base/Mesh/Materials/m_mat_salas_negro_cama.mat
  artifactKey: Guid(89e43520d736f274d96419945a53ab3f) Importer(815301076,1909f56bfc062723c751e8b465ee728b)
Start importing Assets/ManyWorlds/Space Station/Sci Fi Base/Mesh/Materials/m_mat_salas_negro_cama.mat using Guid(89e43520d736f274d96419945a53ab3f) Importer(815301076,1909f56bfc062723c751e8b465ee728b)  -> (artifact id: '170a0900fbc3b38042022f195d532f9a') in 0.016449 seconds 
========================================================================
Received Import Request.
  Time since last request: 0.000016 seconds.
  path: Assets/ManyWorlds/Space Station/Sci Fi Base/Mesh/Materials/M_standard.mat
  artifactKey: Guid(257171a2c9d155a4db75383164ba2df0) Importer(815301076,1909f56bfc062723c751e8b465ee728b)
Start importing Assets/ManyWorlds/Space Station/Sci Fi Base/Mesh/Materials/M_standard.mat using Guid(257171a2c9d155a4db75383164ba2df0) Importer(815301076,1909f56bfc062723c751e8b465ee728b)  -> (artifact id: '3f6e76476763902ff525062201ba2c38') in 0.011997 seconds 
========================================================================
Received Import Request.
  Time since last request: 0.000017 seconds.
  path: Assets/ManyWorlds/Space Station/Sci Fi Base/Mesh/Materials/Material #25.mat
  artifactKey: Guid(4f647d4e38d260d45ac5cf63c90f3174) Importer(815301076,1909f56bfc062723c751e8b465ee728b)
Start importing Assets/ManyWorlds/Space Station/Sci Fi Base/Mesh/Materials/Material #25.mat using Guid(4f647d4e38d260d45ac5cf63c90f3174) Importer(815301076,1909f56bfc062723c751e8b465ee728b)  -> (artifact id: '4d41cfd1e975c5010df723bc823c02db') in 0.012844 seconds 
========================================================================
Received Import Request.
  Time since last request: 0.000021 seconds.
  path: Assets/ManyWorlds/Space Station/Sci Fi Base/Mesh/Materials/MDoorR_ClearCristal.mat
  artifactKey: Guid(c0642041582b7da4f8b73f61e8330dc2) Importer(815301076,1909f56bfc062723c751e8b465ee728b)
Start importing Assets/ManyWorlds/Space Station/Sci Fi Base/Mesh/Materials/MDoorR_ClearCristal.mat using Guid(c0642041582b7da4f8b73f61e8330dc2) Importer(815301076,1909f56bfc062723c751e8b465ee728b)  -> (artifact id: 'c799d47647565629d4e9ff32dfa08e36') in 0.009699 seconds 
========================================================================
Received Import Request.
  Time since last request: 0.000019 seconds.
  path: Assets/ManyWorlds/Space Station/Sci Fi Base/Mesh/Materials/doors_plasticdoor.mat
  artifactKey: Guid(843a4511f11c0e34a9b7e727dcee174b) Importer(815301076,1909f56bfc062723c751e8b465ee728b)
Start importing Assets/ManyWorlds/Space Station/Sci Fi Base/Mesh/Materials/doors_plasticdoor.mat using Guid(843a4511f11c0e34a9b7e727dcee174b) Importer(815301076,1909f56bfc062723c751e8b465ee728b)  -> (artifact id: '239823b0b4e78e7f27059ba0b34d9125') in 0.013248 seconds 
========================================================================
Received Import Request.
  Time since last request: 0.000023 seconds.
  path: Assets/ManyWorlds/Space Station/Sci Fi Base/Mesh/Materials/MDoor_WhitePlastic.mat
  artifactKey: Guid(65eb391c5ad864246a1ff983fdf1d6de) Importer(815301076,1909f56bfc062723c751e8b465ee728b)
Start importing Assets/ManyWorlds/Space Station/Sci Fi Base/Mesh/Materials/MDoor_WhitePlastic.mat using Guid(65eb391c5ad864246a1ff983fdf1d6de) Importer(815301076,1909f56bfc062723c751e8b465ee728b)  -> (artifact id: '3e452612f8276da7a8882e4c48f7338a') in 0.012472 seconds 
========================================================================
Received Import Request.
  Time since last request: 0.000030 seconds.
  path: Assets/ManyWorlds/Space Station/Sci Fi Base/Mesh/Materials/MatPump2.mat
  artifactKey: Guid(35e6f9b73e133c84abac1ee0f34c1d7d) Importer(815301076,1909f56bfc062723c751e8b465ee728b)
Start importing Assets/ManyWorlds/Space Station/Sci Fi Base/Mesh/Materials/MatPump2.mat using Guid(35e6f9b73e133c84abac1ee0f34c1d7d) Importer(815301076,1909f56bfc062723c751e8b465ee728b)  -> (artifact id: 'd6eb8816d90154851dab2746bf57b9f4') in 0.010845 seconds 
========================================================================
Received Import Request.
  Time since last request: 0.256688 seconds.
  path: Assets/ManyWorlds/Space Station/Sci Fi Base/Mesh/Materials/MM_CB_ClearCristal.mat
  artifactKey: Guid(1c83d376d7d9f884d93f9d4e9b0afe06) Importer(815301076,1909f56bfc062723c751e8b465ee728b)
Start importing Assets/ManyWorlds/Space Station/Sci Fi Base/Mesh/Materials/MM_CB_ClearCristal.mat using Guid(1c83d376d7d9f884d93f9d4e9b0afe06) Importer(815301076,1909f56bfc062723c751e8b465ee728b)  -> (artifact id: 'abb61d9f970ab228874be9d5141e9057') in 0.009878 seconds 
========================================================================
Received Import Request.
  Time since last request: 0.000016 seconds.
  path: Assets/ManyWorlds/Space Station/Sci Fi Base/Mesh/Materials/PumpPaintmat.mat
  artifactKey: Guid(5ebd6210dd31ccc4784213a6d77b4816) Importer(815301076,1909f56bfc062723c751e8b465ee728b)
Start importing Assets/ManyWorlds/Space Station/Sci Fi Base/Mesh/Materials/PumpPaintmat.mat using Guid(5ebd6210dd31ccc4784213a6d77b4816) Importer(815301076,1909f56bfc062723c751e8b465ee728b)  -> (artifact id: 'de3eb38993c7bfe04037731fb8f8de89') in 0.011640 seconds 
========================================================================
Received Import Request.
  Time since last request: 0.000012 seconds.
  path: Assets/ManyWorlds/Space Station/Sci Fi Base/Mesh/Materials/S0R_window.mat
  artifactKey: Guid(9fa947470a805734387ebc3cca527dfb) Importer(815301076,1909f56bfc062723c751e8b465ee728b)
Start importing Assets/ManyWorlds/Space Station/Sci Fi Base/Mesh/Materials/S0R_window.mat using Guid(9fa947470a805734387ebc3cca527dfb) Importer(815301076,1909f56bfc062723c751e8b465ee728b)  -> (artifact id: '06f9be73780de53995cba67c49414d75') in 0.010964 seconds 
========================================================================
Received Import Request.
  Time since last request: 0.000019 seconds.
  path: Assets/ManyWorlds/Space Station/Sci Fi Base/Mesh/Materials/PumpMetal.mat
  artifactKey: Guid(e57a2cf26ac901249b26a406fec7a76b) Importer(815301076,1909f56bfc062723c751e8b465ee728b)
Start importing Assets/ManyWorlds/Space Station/Sci Fi Base/Mesh/Materials/PumpMetal.mat using Guid(e57a2cf26ac901249b26a406fec7a76b) Importer(815301076,1909f56bfc062723c751e8b465ee728b)  -> (artifact id: '6d0e2c9e0ad4453b32b1cca5858ef340') in 0.010924 seconds 
========================================================================
Received Import Request.
  Time since last request: 0.000023 seconds.
  path: Assets/ManyWorlds/Space Station/Sci Fi Base/Mesh/Materials/S01b_metalframe.mat
  artifactKey: Guid(1384a091a54eafe43b973851a7e2535a) Importer(815301076,1909f56bfc062723c751e8b465ee728b)
Start importing Assets/ManyWorlds/Space Station/Sci Fi Base/Mesh/Materials/S01b_metalframe.mat using Guid(1384a091a54eafe43b973851a7e2535a) Importer(815301076,1909f56bfc062723c751e8b465ee728b)  -> (artifact id: '377ef15e76b699fc33ee98e84075c081') in 0.011228 seconds 
========================================================================
Received Import Request.
  Time since last request: 0.000013 seconds.
  path: Assets/ManyWorlds/Space Station/Sci Fi Base/Mesh/Materials/S01b_whiteplastic.mat
  artifactKey: Guid(75e45a70227e77447837652ef6e3ba2d) Importer(815301076,1909f56bfc062723c751e8b465ee728b)
Start importing Assets/ManyWorlds/Space Station/Sci Fi Base/Mesh/Materials/S01b_whiteplastic.mat using Guid(75e45a70227e77447837652ef6e3ba2d) Importer(815301076,1909f56bfc062723c751e8b465ee728b)  -> (artifact id: 'f41ce7d9162cb9cb186c41016570a0e8') in 0.014798 seconds 
========================================================================
Received Import Request.
  Time since last request: 0.000016 seconds.
  path: Assets/ManyWorlds/Space Station/Sci Fi Base/Mesh/Materials/Sala02_Mfloor.mat
  artifactKey: Guid(a446fcbcea54d0644863053aec1819f2) Importer(815301076,1909f56bfc062723c751e8b465ee728b)
Start importing Assets/ManyWorlds/Space Station/Sci Fi Base/Mesh/Materials/Sala02_Mfloor.mat using Guid(a446fcbcea54d0644863053aec1819f2) Importer(815301076,1909f56bfc062723c751e8b465ee728b)  -> (artifact id: '8b2ad0d43d4a5e869482af5db98c4cc1') in 0.013667 seconds 
========================================================================
Received Import Request.
  Time since last request: 0.000016 seconds.
  path: Assets/ManyWorlds/Space Station/Sci Fi Base/Mesh/Materials/sala00_light.mat
  artifactKey: Guid(da366e67a04de3d4b83fb4181c9eed25) Importer(815301076,1909f56bfc062723c751e8b465ee728b)
Start importing Assets/ManyWorlds/Space Station/Sci Fi Base/Mesh/Materials/sala00_light.mat using Guid(da366e67a04de3d4b83fb4181c9eed25) Importer(815301076,1909f56bfc062723c751e8b465ee728b)  -> (artifact id: 'dadb24ac18e4a8cc71fe4e1adb984ebb') in 0.011694 seconds 
========================================================================
Received Import Request.
  Time since last request: 0.000016 seconds.
  path: Assets/ManyWorlds/Space Station/Sci Fi Base/Mesh/Materials/S0_light.mat
  artifactKey: Guid(b4e7953ff88fca84cab221f2630059e8) Importer(815301076,1909f56bfc062723c751e8b465ee728b)
Start importing Assets/ManyWorlds/Space Station/Sci Fi Base/Mesh/Materials/S0_light.mat using Guid(b4e7953ff88fca84cab221f2630059e8) Importer(815301076,1909f56bfc062723c751e8b465ee728b)  -> (artifact id: '7a4d2733c479b74c14685e2a098b8bc8') in 0.010646 seconds 
========================================================================
Received Import Request.
  Time since last request: 0.000016 seconds.
  path: Assets/ManyWorlds/Space Station/Sci Fi Base/Mesh/Materials/space estation planet03.mat
  artifactKey: Guid(bf845c29bec72e748a90b03ecf871e7d) Importer(815301076,1909f56bfc062723c751e8b465ee728b)
Start importing Assets/ManyWorlds/Space Station/Sci Fi Base/Mesh/Materials/space estation planet03.mat using Guid(bf845c29bec72e748a90b03ecf871e7d) Importer(815301076,1909f56bfc062723c751e8b465ee728b)  -> (artifact id: '16063a471d1e59552912c9aa3ce8a4ad') in 0.010900 seconds 
========================================================================
Received Import Request.
  Time since last request: 0.000023 seconds.
  path: Assets/ManyWorlds/Space Station/Sci Fi Base/Mesh/Materials/space estation lineplanet01.mat
  artifactKey: Guid(a9cd8e55858f0674f9f73abbc2180ca5) Importer(815301076,1909f56bfc062723c751e8b465ee728b)
Start importing Assets/ManyWorlds/Space Station/Sci Fi Base/Mesh/Materials/space estation lineplanet01.mat using Guid(a9cd8e55858f0674f9f73abbc2180ca5) Importer(815301076,1909f56bfc062723c751e8b465ee728b)  -> (artifact id: '005e3e3a4af46de41d8bfabf462cbecd') in 0.010142 seconds 
========================================================================
Received Import Request.
  Time since last request: 0.000025 seconds.
  path: Assets/ManyWorlds/Space Station/Sci Fi Base/Mesh/Materials/space estation planet01.mat
  artifactKey: Guid(a0cf937adf1e1ae449b77fba596e78f2) Importer(815301076,1909f56bfc062723c751e8b465ee728b)
Start importing Assets/ManyWorlds/Space Station/Sci Fi Base/Mesh/Materials/space estation planet01.mat using Guid(a0cf937adf1e1ae449b77fba596e78f2) Importer(815301076,1909f56bfc062723c751e8b465ee728b)  -> (artifact id: '754b97505922957e98740c1de0c53ddf') in 0.011641 seconds 
========================================================================
Received Import Request.
  Time since last request: 0.000018 seconds.
  path: Assets/ManyWorlds/Space Station/Sci Fi Base/Mesh/Materials/S01b_metal.mat
  artifactKey: Guid(9387d5072cdf2894eb9d6dc46dd5dfc8) Importer(815301076,1909f56bfc062723c751e8b465ee728b)
Start importing Assets/ManyWorlds/Space Station/Sci Fi Base/Mesh/Materials/S01b_metal.mat using Guid(9387d5072cdf2894eb9d6dc46dd5dfc8) Importer(815301076,1909f56bfc062723c751e8b465ee728b)  -> (artifact id: 'ab7de6ef71c807b8c2a42e4ca5633faa') in 0.011637 seconds 
========================================================================
Received Import Request.
  Time since last request: 0.000015 seconds.
  path: Assets/ManyWorlds/Space Station/Sci Fi Base/Mesh/Materials/space estation planet02.mat
  artifactKey: Guid(cb9c6f0e2ef8c694fb198bb5de37e319) Importer(815301076,1909f56bfc062723c751e8b465ee728b)
Start importing Assets/ManyWorlds/Space Station/Sci Fi Base/Mesh/Materials/space estation planet02.mat using Guid(cb9c6f0e2ef8c694fb198bb5de37e319) Importer(815301076,1909f56bfc062723c751e8b465ee728b)  -> (artifact id: '11659cfcf500744214436dd4045f9447') in 0.012176 seconds 
========================================================================
Received Import Request.
  Time since last request: 0.000014 seconds.
  path: Assets/ManyWorlds/Space Station/Sci Fi Base/Mesh/Materials/sala00_wplastic.mat
  artifactKey: Guid(351b8e13181f95248a4d7ed3fe521ac1) Importer(815301076,1909f56bfc062723c751e8b465ee728b)
Start importing Assets/ManyWorlds/Space Station/Sci Fi Base/Mesh/Materials/sala00_wplastic.mat using Guid(351b8e13181f95248a4d7ed3fe521ac1) Importer(815301076,1909f56bfc062723c751e8b465ee728b)  -> (artifact id: '53adafd08eaa654089be58f909fa69b3') in 0.011051 seconds 
========================================================================
Received Import Request.
  Time since last request: 0.000015 seconds.
  path: Assets/ManyWorlds/Space Station/Sci Fi Base/Mesh/Materials/S0_windows.mat
  artifactKey: Guid(82eca2b0bf962f3419802b27c380def9) Importer(815301076,1909f56bfc062723c751e8b465ee728b)
Start importing Assets/ManyWorlds/Space Station/Sci Fi Base/Mesh/Materials/S0_windows.mat using Guid(82eca2b0bf962f3419802b27c380def9) Importer(815301076,1909f56bfc062723c751e8b465ee728b)  -> (artifact id: 'e417ea43e1cd0c6b5244668856baafae') in 0.011257 seconds 
========================================================================
Received Import Request.
  Time since last request: 0.000019 seconds.
  path: Assets/ManyWorlds/Space Station/Sci Fi Base/Mesh/Materials/sala00_framemetal.mat
  artifactKey: Guid(8c3e05fc5b1263d4ba8da41802484fa9) Importer(815301076,1909f56bfc062723c751e8b465ee728b)
Start importing Assets/ManyWorlds/Space Station/Sci Fi Base/Mesh/Materials/sala00_framemetal.mat using Guid(8c3e05fc5b1263d4ba8da41802484fa9) Importer(815301076,1909f56bfc062723c751e8b465ee728b)  -> (artifact id: '6025c3dc245b98ec0a37a541a2de0fa8') in 0.012097 seconds 
========================================================================
Received Import Request.
  Time since last request: 0.000014 seconds.
  path: Assets/ManyWorlds/Space Station/Sci Fi Base/Mesh/Materials/mud_n_render-1024x1024.mat
  artifactKey: Guid(0d5b5df680a9c45489983b4e44386f9e) Importer(815301076,1909f56bfc062723c751e8b465ee728b)
Start importing Assets/ManyWorlds/Space Station/Sci Fi Base/Mesh/Materials/mud_n_render-1024x1024.mat using Guid(0d5b5df680a9c45489983b4e44386f9e) Importer(815301076,1909f56bfc062723c751e8b465ee728b)  -> (artifact id: '4cac031322b17657849a9028a9faec0a') in 0.145328 seconds 
========================================================================
Received Import Request.
  Time since last request: 7.103633 seconds.
  path: Assets/ManyWorlds/Space Station/Sci Fi Base/Mesh/Props/Props.FBX
  artifactKey: Guid(5180990db85dc864dbc643877f6c3bf2) Importer(815301076,1909f56bfc062723c751e8b465ee728b)
Start importing Assets/ManyWorlds/Space Station/Sci Fi Base/Mesh/Props/Props.FBX using Guid(5180990db85dc864dbc643877f6c3bf2) Importer(815301076,1909f56bfc062723c751e8b465ee728b)  -> (artifact id: '8c2312157bcf91f64c113b9ee854b56d') in 0.380365 seconds 
========================================================================
Received Import Request.
  Time since last request: 19.330838 seconds.
  path: Assets/ManyWorlds/Space Station/Sci Fi Base/Prefabs/Build Pieces/Corridor
  artifactKey: Guid(87410b0c9ba10ca4ea787b7e22caca3c) Importer(815301076,1909f56bfc062723c751e8b465ee728b)
Start importing Assets/ManyWorlds/Space Station/Sci Fi Base/Prefabs/Build Pieces/Corridor using Guid(87410b0c9ba10ca4ea787b7e22caca3c) Importer(815301076,1909f56bfc062723c751e8b465ee728b)  -> (artifact id: '24f0c2229913465edd8ea42eef78583a') in 0.005011 seconds 
========================================================================
Received Import Request.
  Time since last request: 0.033324 seconds.
  path: Assets/ManyWorlds/Space Station/Sci Fi Base/Prefabs/Build Pieces/Corridor/Corridor_01.prefab
  artifactKey: Guid(6016480e107cbd940a0e68f4ec17b250) Importer(815301076,1909f56bfc062723c751e8b465ee728b)
Start importing Assets/ManyWorlds/Space Station/Sci Fi Base/Prefabs/Build Pieces/Corridor/Corridor_01.prefab using Guid(6016480e107cbd940a0e68f4ec17b250) Importer(815301076,1909f56bfc062723c751e8b465ee728b)  -> (artifact id: '2f8a1038276707ab160f0fc80ce9fe3c') in 0.011920 seconds 
========================================================================
Received Import Request.
  Time since last request: 0.000018 seconds.
  path: Assets/ManyWorlds/Space Station/Sci Fi Base/Prefabs/Build Pieces/Corridor/Door_corridor_02.prefab
  artifactKey: Guid(3e224c43fda183e428368184f8597223) Importer(815301076,1909f56bfc062723c751e8b465ee728b)
Start importing Assets/ManyWorlds/Space Station/Sci Fi Base/Prefabs/Build Pieces/Corridor/Door_corridor_02.prefab using Guid(3e224c43fda183e428368184f8597223) Importer(815301076,1909f56bfc062723c751e8b465ee728b)  -> (artifact id: '1e4bd9f810366aa1f233ec750cc92a05') in 0.012065 seconds 
========================================================================
Received Import Request.
  Time since last request: 0.000023 seconds.
  path: Assets/ManyWorlds/Space Station/Sci Fi Base/Prefabs/Build Pieces/Corridor/Door_corridor_01.prefab
  artifactKey: Guid(e717e6fc128b64449b6add9b113442fa) Importer(815301076,1909f56bfc062723c751e8b465ee728b)
Start importing Assets/ManyWorlds/Space Station/Sci Fi Base/Prefabs/Build Pieces/Corridor/Door_corridor_01.prefab using Guid(e717e6fc128b64449b6add9b113442fa) Importer(815301076,1909f56bfc062723c751e8b465ee728b)  -> (artifact id: '8267bdb7ae4d43e7a710035ac6ff9e31') in 0.009435 seconds 
========================================================================
Received Import Request.
  Time since last request: 6.996100 seconds.
  path: Assets/ManyWorlds/Space Station/Sci Fi Base/Prefabs/Build Pieces/Endings/Ending_round_01.prefab
  artifactKey: Guid(6a2e04a2ed1004549bb9fc50f04dc466) Importer(815301076,1909f56bfc062723c751e8b465ee728b)
Start importing Assets/ManyWorlds/Space Station/Sci Fi Base/Prefabs/Build Pieces/Endings/Ending_round_01.prefab using Guid(6a2e04a2ed1004549bb9fc50f04dc466) Importer(815301076,1909f56bfc062723c751e8b465ee728b)  -> (artifact id: '97c8280d4c7ae27e1f2b5983ceeefddc') in 0.030625 seconds 
========================================================================
Received Import Request.
  Time since last request: 0.000013 seconds.
  path: Assets/ManyWorlds/Space Station/Sci Fi Base/Prefabs/Build Pieces/Endings/Ending_tube_02.prefab
  artifactKey: Guid(324d7c7e862a95441b6602e8e1df8607) Importer(815301076,1909f56bfc062723c751e8b465ee728b)
Start importing Assets/ManyWorlds/Space Station/Sci Fi Base/Prefabs/Build Pieces/Endings/Ending_tube_02.prefab using Guid(324d7c7e862a95441b6602e8e1df8607) Importer(815301076,1909f56bfc062723c751e8b465ee728b)  -> (artifact id: '27cf493888c55b5f47df56bc33c14adf') in 0.034177 seconds 
========================================================================
Received Import Request.
  Time since last request: 6.923519 seconds.
  path: Assets/ManyWorlds/Space Station/Sci Fi Base/Prefabs/Build Pieces/Rooms/Room_bedModule.prefab
  artifactKey: Guid(0cf4e3be5cb0b834c98f872a4a372462) Importer(815301076,1909f56bfc062723c751e8b465ee728b)
Start importing Assets/ManyWorlds/Space Station/Sci Fi Base/Prefabs/Build Pieces/Rooms/Room_bedModule.prefab using Guid(0cf4e3be5cb0b834c98f872a4a372462) Importer(815301076,1909f56bfc062723c751e8b465ee728b)  -> (artifact id: '4fbbb54a936b6b9173af210189eac353') in 0.014918 seconds 
========================================================================
Received Import Request.
  Time since last request: 0.000017 seconds.
  path: Assets/ManyWorlds/Space Station/Sci Fi Base/Prefabs/Build Pieces/Rooms/Room_spaceview.prefab
  artifactKey: Guid(51871eb73f532354da52cccf2339faa0) Importer(815301076,1909f56bfc062723c751e8b465ee728b)
Start importing Assets/ManyWorlds/Space Station/Sci Fi Base/Prefabs/Build Pieces/Rooms/Room_spaceview.prefab using Guid(51871eb73f532354da52cccf2339faa0) Importer(815301076,1909f56bfc062723c751e8b465ee728b)  -> (artifact id: '45920a056fa91d850e9a26a38273f093') in 0.022201 seconds 
========================================================================
Received Import Request.
  Time since last request: 0.000016 seconds.
  path: Assets/ManyWorlds/Space Station/Sci Fi Base/Prefabs/Build Pieces/Rooms/Room_pipes.prefab
  artifactKey: Guid(856c800e1101c47499a4781a7fff2c39) Importer(815301076,1909f56bfc062723c751e8b465ee728b)
Start importing Assets/ManyWorlds/Space Station/Sci Fi Base/Prefabs/Build Pieces/Rooms/Room_pipes.prefab using Guid(856c800e1101c47499a4781a7fff2c39) Importer(815301076,1909f56bfc062723c751e8b465ee728b)  -> (artifact id: '46c28e783c9741e4acc509e438935f84') in 0.142675 seconds 
========================================================================
Received Import Request.
  Time since last request: 888.294217 seconds.
  path: Assets/ManyWorlds/Space Station/Sci Fi Base/Maps
  artifactKey: Guid(d58378fe8b8537442aac1225f17083bf) Importer(815301076,1909f56bfc062723c751e8b465ee728b)
Start importing Assets/ManyWorlds/Space Station/Sci Fi Base/Maps using Guid(d58378fe8b8537442aac1225f17083bf) Importer(815301076,1909f56bfc062723c751e8b465ee728b)  -> (artifact id: '5abd224fa1a0119c1e31c801834278be') in 0.005700 seconds 
========================================================================
Received Import Request.
  Time since last request: 5.260588 seconds.
  path: Assets/ManyWorlds/Space Station
  artifactKey: Guid(7a50e174943199b4d9497d39ba503d24) Importer(815301076,1909f56bfc062723c751e8b465ee728b)
Start importing Assets/ManyWorlds/Space Station using Guid(7a50e174943199b4d9497d39ba503d24) Importer(815301076,1909f56bfc062723c751e8b465ee728b)  -> (artifact id: 'e4481f5a6db81035d2d2398e6189f368') in 0.005840 seconds 
========================================================================
Received Import Request.
  Time since last request: 4.429039 seconds.
  path: Assets/ManyWorlds/Space Station/Sci Fi Base/Scripts
  artifactKey: Guid(e5dbf1c9a7c4c154db223caba7b8b8c3) Importer(815301076,1909f56bfc062723c751e8b465ee728b)
Start importing Assets/ManyWorlds/Space Station/Sci Fi Base/Scripts using Guid(e5dbf1c9a7c4c154db223caba7b8b8c3) Importer(815301076,1909f56bfc062723c751e8b465ee728b)  -> (artifact id: 'bcae29065500a44f824f1e58063b1380') in 0.005530 seconds 
========================================================================
Received Import Request.
  Time since last request: 3.883124 seconds.
  path: Assets/ManyWorlds/Space Station/Sci Fi Base/DemoScene
  artifactKey: Guid(20a6556a49ea5e349ac7080e710966aa) Importer(815301076,1909f56bfc062723c751e8b465ee728b)
Start importing Assets/ManyWorlds/Space Station/Sci Fi Base/DemoScene using Guid(20a6556a49ea5e349ac7080e710966aa) Importer(815301076,1909f56bfc062723c751e8b465ee728b)  -> (artifact id: 'f1ec0e61362ffffcc1211ee72611911c') in 0.004920 seconds 
========================================================================
Received Import Request.
  Time since last request: 1.690382 seconds.
  path: Assets/ManyWorlds/Space Station/Sci Fi Base/DemoScene/1stPersonDemoScene.unity
  artifactKey: Guid(92041b126b4b8734ba17d870746c34e9) Importer(815301076,1909f56bfc062723c751e8b465ee728b)
Start importing Assets/ManyWorlds/Space Station/Sci Fi Base/DemoScene/1stPersonDemoScene.unity using Guid(92041b126b4b8734ba17d870746c34e9) Importer(815301076,1909f56bfc062723c751e8b465ee728b)  -> (artifact id: '060af8fb2d75641d54b6b7fd640ab71b') in 0.004983 seconds 
========================================================================
Received Import Request.
  Time since last request: 3.241242 seconds.
  path: Assets/ManyWorlds/Space Station/Sci Fi Base/DemoScene/FreeUnusedStuff_DEPRECATED
  artifactKey: Guid(d5f72b9d5dba80b4394cc82044324c0e) Importer(815301076,1909f56bfc062723c751e8b465ee728b)
Start importing Assets/ManyWorlds/Space Station/Sci Fi Base/DemoScene/FreeUnusedStuff_DEPRECATED using Guid(d5f72b9d5dba80b4394cc82044324c0e) Importer(815301076,1909f56bfc062723c751e8b465ee728b)  -> (artifact id: '7745d9c6c00f658c70ed1e7a737df461') in 0.005080 seconds 
========================================================================
Received Import Request.
  Time since last request: 2.914821 seconds.
  path: Assets/ManyWorlds/Space Station/Sci Fi Base/DemoScene/1stPersonDemoScene/LightingData.asset
  artifactKey: Guid(cacdb5eb686935c4bb64274d98b3974e) Importer(815301076,1909f56bfc062723c751e8b465ee728b)
Start importing Assets/ManyWorlds/Space Station/Sci Fi Base/DemoScene/1stPersonDemoScene/LightingData.asset using Guid(cacdb5eb686935c4bb64274d98b3974e) Importer(815301076,1909f56bfc062723c751e8b465ee728b)  -> (artifact id: '1347add2c351e65df5b53558b39c0527') in 0.010760 seconds 
========================================================================
Received Import Request.
  Time since last request: 0.001649 seconds.
  path: Assets/ManyWorlds/Space Station/Sci Fi Base/DemoScene/1stPersonDemoScene/Lightmap-0_comp_light.exr
  artifactKey: Guid(41ddacd4dda7951489708f3fd48da58c) Importer(815301076,1909f56bfc062723c751e8b465ee728b)
Start importing Assets/ManyWorlds/Space Station/Sci Fi Base/DemoScene/1stPersonDemoScene/Lightmap-0_comp_light.exr using Guid(41ddacd4dda7951489708f3fd48da58c) Importer(815301076,1909f56bfc062723c751e8b465ee728b)  -> (artifact id: '418ea03c3ce1a3a18d34c6ccc95f9d1a') in 0.050081 seconds 
========================================================================
Received Import Request.
  Time since last request: 0.000018 seconds.
  path: Assets/ManyWorlds/Space Station/Sci Fi Base/DemoScene/1stPersonDemoScene/Lightmap-8_comp_light.exr
  artifactKey: Guid(5f78b4a6c6ad24c44b8cc784d0b9c526) Importer(815301076,1909f56bfc062723c751e8b465ee728b)
Start importing Assets/ManyWorlds/Space Station/Sci Fi Base/DemoScene/1stPersonDemoScene/Lightmap-8_comp_light.exr using Guid(5f78b4a6c6ad24c44b8cc784d0b9c526) Importer(815301076,1909f56bfc062723c751e8b465ee728b)  -> (artifact id: '37dd1fd65f49879d941b77b4c0f529aa') in 0.035183 seconds 
========================================================================
Received Import Request.
  Time since last request: 0.000018 seconds.
  path: Assets/ManyWorlds/Space Station/Sci Fi Base/DemoScene/1stPersonDemoScene/Lightmap-4_comp_light.exr
  artifactKey: Guid(52ac8867ec0a507408a76a2e348a0b99) Importer(815301076,1909f56bfc062723c751e8b465ee728b)
Start importing Assets/ManyWorlds/Space Station/Sci Fi Base/DemoScene/1stPersonDemoScene/Lightmap-4_comp_light.exr using Guid(52ac8867ec0a507408a76a2e348a0b99) Importer(815301076,1909f56bfc062723c751e8b465ee728b)  -> (artifact id: '22fe038a8369b835b2ac74ae37337135') in 0.015416 seconds 
========================================================================
Received Import Request.
  Time since last request: 0.000023 seconds.
  path: Assets/ManyWorlds/Space Station/Sci Fi Base/DemoScene/1stPersonDemoScene/Lightmap-9_comp_light.exr
  artifactKey: Guid(0c9e722183ca9384da3150b5f27f5503) Importer(815301076,1909f56bfc062723c751e8b465ee728b)
Start importing Assets/ManyWorlds/Space Station/Sci Fi Base/DemoScene/1stPersonDemoScene/Lightmap-9_comp_light.exr using Guid(0c9e722183ca9384da3150b5f27f5503) Importer(815301076,1909f56bfc062723c751e8b465ee728b)  -> (artifact id: '7d6b93805ec9e93168f961bfd571749d') in 0.015121 seconds 
========================================================================
Received Import Request.
  Time since last request: 0.000017 seconds.
  path: Assets/ManyWorlds/Space Station/Sci Fi Base/DemoScene/1stPersonDemoScene/Lightmap-5_comp_light.exr
  artifactKey: Guid(7b9caef706bacde45a98098ebb1e9ed1) Importer(815301076,1909f56bfc062723c751e8b465ee728b)
Start importing Assets/ManyWorlds/Space Station/Sci Fi Base/DemoScene/1stPersonDemoScene/Lightmap-5_comp_light.exr using Guid(7b9caef706bacde45a98098ebb1e9ed1) Importer(815301076,1909f56bfc062723c751e8b465ee728b)  -> (artifact id: 'afc4d32f630e24e16894168b446c214b') in 0.015643 seconds 
========================================================================
Received Import Request.
  Time since last request: 0.000017 seconds.
  path: Assets/ManyWorlds/Space Station/Sci Fi Base/DemoScene/1stPersonDemoScene/ReflectionProbe-25.exr
  artifactKey: Guid(b62b501a5e0976a4eb25d18db00691b9) Importer(815301076,1909f56bfc062723c751e8b465ee728b)
Start importing Assets/ManyWorlds/Space Station/Sci Fi Base/DemoScene/1stPersonDemoScene/ReflectionProbe-25.exr using Guid(b62b501a5e0976a4eb25d18db00691b9) Importer(815301076,1909f56bfc062723c751e8b465ee728b)  -> (artifact id: '1c8be1693c254e197ee09be5f7492a66') in 0.020024 seconds 
========================================================================
Received Import Request.
  Time since last request: 0.000017 seconds.
  path: Assets/ManyWorlds/Space Station/Sci Fi Base/DemoScene/1stPersonDemoScene/ReflectionProbe-21.exr
  artifactKey: Guid(95051ff6625344f409c360899192c971) Importer(815301076,1909f56bfc062723c751e8b465ee728b)
Start importing Assets/ManyWorlds/Space Station/Sci Fi Base/DemoScene/1stPersonDemoScene/ReflectionProbe-21.exr using Guid(95051ff6625344f409c360899192c971) Importer(815301076,1909f56bfc062723c751e8b465ee728b)  -> (artifact id: '6c11b92ee17b08d3b1d9a218610d9afc') in 0.014175 seconds 
========================================================================
Received Import Request.
  Time since last request: 0.000013 seconds.
  path: Assets/ManyWorlds/Space Station/Sci Fi Base/DemoScene/1stPersonDemoScene/ReflectionProbe-3.exr
  artifactKey: Guid(d205d5863f681e24da383eb2d8ef18ee) Importer(815301076,1909f56bfc062723c751e8b465ee728b)
Start importing Assets/ManyWorlds/Space Station/Sci Fi Base/DemoScene/1stPersonDemoScene/ReflectionProbe-3.exr using Guid(d205d5863f681e24da383eb2d8ef18ee) Importer(815301076,1909f56bfc062723c751e8b465ee728b)  -> (artifact id: 'ec89a8a787822fd8297b259a2024dc39') in 0.013048 seconds 
========================================================================
Received Import Request.
  Time since last request: 0.000019 seconds.
  path: Assets/ManyWorlds/Space Station/Sci Fi Base/DemoScene/1stPersonDemoScene/ReflectionProbe-1.exr
  artifactKey: Guid(7f270324e1bcc314588af980429b5e5d) Importer(815301076,1909f56bfc062723c751e8b465ee728b)
Start importing Assets/ManyWorlds/Space Station/Sci Fi Base/DemoScene/1stPersonDemoScene/ReflectionProbe-1.exr using Guid(7f270324e1bcc314588af980429b5e5d) Importer(815301076,1909f56bfc062723c751e8b465ee728b)  -> (artifact id: '3d25f6efd2820efee354687e3676503b') in 0.013146 seconds 
========================================================================
Received Import Request.
  Time since last request: 0.000027 seconds.
  path: Assets/ManyWorlds/Space Station/Sci Fi Base/DemoScene/1stPersonDemoScene/LightmapSnapshot.asset
  artifactKey: Guid(38802d6a96aae42da8d69209c8ea49e3) Importer(815301076,1909f56bfc062723c751e8b465ee728b)
Start importing Assets/ManyWorlds/Space Station/Sci Fi Base/DemoScene/1stPersonDemoScene/LightmapSnapshot.asset using Guid(38802d6a96aae42da8d69209c8ea49e3) Importer(815301076,1909f56bfc062723c751e8b465ee728b) Lighting data asset LightmapSnapshot is incompatible with the current Unity version. Please use Generate Lighting to rebuild the lighting data. Realtime Global Illumination cannot be used until the lighting data is rebuilt.
 -> (artifact id: '2f673402dedda2d6defbfa592e082fc2') in 0.945256 seconds 
========================================================================
Received Prepare
Registering precompiled user dll's ...
Registered in 0.004454 seconds.
Begin MonoManager ReloadAssembly
Symbol file LoadedFromMemory doesn't match image D:\Github\graduate\graduate project\Library\PackageCache\com.unity.visualscripting@1.8.0\Editor\VisualScripting.Core\Dependencies\YamlDotNet\Unity.VisualScripting.YamlDotNet.dll
Symbol file LoadedFromMemory doesn't match image D:\Github\graduate\graduate project\Library\PackageCache\com.unity.visualscripting@1.8.0\Editor\VisualScripting.Core\Dependencies\DotNetZip\Unity.VisualScripting.IonicZip.dll
Native extension for WindowsStandalone target not found
Refreshing native plugins compatible for Editor in 0.50 ms, found 3 plugins.
Preloading 0 native plugins for Editor in 0.00 ms.
Mono: successfully reloaded assembly
- Completed reload, in  0.930 seconds
Domain Reload Profiling:
	ReloadAssembly (931ms)
		BeginReloadAssembly (136ms)
			ExecutionOrderSort (0ms)
			DisableScriptedObjects (4ms)
			BackupInstance (0ms)
			ReleaseScriptingObjects (0ms)
			CreateAndSetChildDomain (28ms)
		EndReloadAssembly (707ms)
			LoadAssemblies (97ms)
			RebuildTransferFunctionScriptingTraits (0ms)
			SetupTypeCache (260ms)
			ReleaseScriptCaches (1ms)
			RebuildScriptCaches (40ms)
			SetupLoadedEditorAssemblies (283ms)
				LogAssemblyErrors (0ms)
				InitializePlatformSupportModulesInManaged (12ms)
				SetLoadedEditorAssemblies (0ms)
				RefreshPlugins (1ms)
				BeforeProcessingInitializeOnLoad (59ms)
				ProcessInitializeOnLoadAttributes (188ms)
				ProcessInitializeOnLoadMethodAttributes (19ms)
				AfterProcessingInitializeOnLoad (3ms)
				EditorAssembliesLoaded (0ms)
			ExecutionOrderSort2 (0ms)
			AwakeInstancesAfterBackupRestoration (13ms)
Platform modules already initialized, skipping
Refreshing native plugins compatible for Editor in 1.83 ms, found 3 plugins.
Preloading 0 native plugins for Editor in 0.00 ms.
Unloading 3046 Unused Serialized files (Serialized files now loaded: 0)
Unloading 17 unused Assets / (80.3 KB). Loaded Objects now: 3565.
Memory consumption went from 113.6 MB to 113.5 MB.
Total: 2.796700 ms (FindLiveObjects: 0.234400 ms CreateObjectMapping: 0.188000 ms MarkObjects: 2.284200 ms  DeleteObjects: 0.089200 ms)

AssetImportParameters requested are different than current active one (requested -> active):
  custom:video-decoder-ogg-theora: a1e56fd34408186e4bbccfd4996cb3dc -> 
  custom:container-muxer-webm: aa71ff27fc2769a1b78a27578f13a17b -> 
  custom:container-demuxer-webm: 4f35f7cbe854078d1ac9338744f61a02 -> 
  custom:video-encoder-webm-vp8: eb34c28f22e8b96e1ab97ce403110664 -> 
  custom:audio-encoder-webm-vorbis: bf7c407c2cedff20999df2af8eb42d56 -> 
  custom:framework-win-MediaFoundation: 216162199b28c13a410421893ffa2e32 -> 
  custom:container-demuxer-ogg: 62fdf1f143b41e24485cea50d1cbac27 -> 
  custom:video-decoder-webm-vp8: 9c59270c3fd7afecdb556c50c9e8de78 -> 
  custom:audio-decoder-ogg-vorbis: bf7c407c2cedff20999df2af8eb42d56 -> 
Editor requested this worker to shutdown with reason: Scaling down because of idle timeout
AssetImportWorker is now disconnected from the server
Process exiting
Exiting without the bug reporter. Application will terminate with return code 0