Using pre-set license
Built from '2021.3/staging' branch; Version is '2021.3.18f1 (3129e69bc0c7) revision 3221990'; Using compiler version '192829333'; Build Type 'Release'
OS: 'Windows 10  (10.0.19044) 64bit Education' Language: 'ko' Physical Memory: 15774 MB
BatchMode: 1, IsHumanControllingUs: 0, StartBugReporterOnCrash: 0, Is64bit: 1, IsPro: 1

COMMAND LINE ARGUMENTS:
C:\Program Files\Unity 2021.3.18f1\Editor\Unity.exe
-adb2
-batchMode
-noUpm
-name
AssetImportWorker4
-projectPath
C:/GitHub/graduate
-logFile
Logs/AssetImportWorker4.log
-srvPort
60912
Successfully changed project path to: C:/GitHub/graduate
C:/GitHub/graduate
[UnityMemory] Configuration Parameters - Can be set up in boot.config
    "memorysetup-bucket-allocator-granularity=16"
    "memorysetup-bucket-allocator-bucket-count=8"
    "memorysetup-bucket-allocator-block-size=33554432"
    "memorysetup-bucket-allocator-block-count=8"
    "memorysetup-main-allocator-block-size=16777216"
    "memorysetup-thread-allocator-block-size=16777216"
    "memorysetup-gfx-main-allocator-block-size=16777216"
    "memorysetup-gfx-thread-allocator-block-size=16777216"
    "memorysetup-cache-allocator-block-size=4194304"
    "memorysetup-typetree-allocator-block-size=2097152"
    "memorysetup-profiler-bucket-allocator-granularity=16"
    "memorysetup-profiler-bucket-allocator-bucket-count=8"
    "memorysetup-profiler-bucket-allocator-block-size=33554432"
    "memorysetup-profiler-bucket-allocator-block-count=8"
    "memorysetup-profiler-allocator-block-size=16777216"
    "memorysetup-profiler-editor-allocator-block-size=1048576"
    "memorysetup-temp-allocator-size-main=16777216"
    "memorysetup-job-temp-allocator-block-size=2097152"
    "memorysetup-job-temp-allocator-block-size-background=1048576"
    "memorysetup-job-temp-allocator-reduction-small-platforms=262144"
    "memorysetup-temp-allocator-size-background-worker=32768"
    "memorysetup-temp-allocator-size-job-worker=262144"
    "memorysetup-temp-allocator-size-preload-manager=33554432"
    "memorysetup-temp-allocator-size-nav-mesh-worker=65536"
    "memorysetup-temp-allocator-size-audio-worker=65536"
    "memorysetup-temp-allocator-size-cloud-worker=32768"
    "memorysetup-temp-allocator-size-gi-baking-worker=262144"
    "memorysetup-temp-allocator-size-gfx=262144"
Player connection [12560] Host "[IP] 169.254.99.81 [Port] 0 [Flags] 2 [Guid] 2264110835 [EditorId] 2264110835 [Version] 1048832 [Id] WindowsEditor(7,DESKTOP-02P3CFR) [Debug] 1 [PackageName] WindowsEditor [ProjectName] Editor" joined multi-casting on [225.0.0.222:54997]...

Player connection [12560] Host "[IP] 169.254.99.81 [Port] 0 [Flags] 2 [Guid] 2264110835 [EditorId] 2264110835 [Version] 1048832 [Id] WindowsEditor(7,DESKTOP-02P3CFR) [Debug] 1 [PackageName] WindowsEditor [ProjectName] Editor" joined alternative multi-casting on [225.0.0.222:34997]...

Refreshing native plugins compatible for Editor in 87.90 ms, found 3 plugins.
Preloading 0 native plugins for Editor in 0.00 ms.
Initialize engine version: 2021.3.18f1 (3129e69bc0c7)
[Subsystems] Discovering subsystems at path C:/Program Files/Unity 2021.3.18f1/Editor/Data/Resources/UnitySubsystems
[Subsystems] Discovering subsystems at path C:/GitHub/graduate/Assets
GfxDevice: creating device client; threaded=0; jobified=0
Direct3D:
    Version:  Direct3D 11.0 [level 11.1]
    Renderer: NVIDIA GeForce RTX 3070 Laptop GPU (ID=0x249d)
    Vendor:   NVIDIA
    VRAM:     8044 MB
    Driver:   30.0.15.1295
Initialize mono
Mono path[0] = 'C:/Program Files/Unity 2021.3.18f1/Editor/Data/Managed'
Mono path[1] = 'C:/Program Files/Unity 2021.3.18f1/Editor/Data/MonoBleedingEdge/lib/mono/unityjit-win32'
Mono config path = 'C:/Program Files/Unity 2021.3.18f1/Editor/Data/MonoBleedingEdge/etc'
Using monoOptions --debugger-agent=transport=dt_socket,embedding=1,server=y,suspend=n,address=127.0.0.1:56236
Begin MonoManager ReloadAssembly
Registering precompiled unity dll's ...
Register platform support module: C:/Program Files/Unity 2021.3.18f1/Editor/Data/PlaybackEngines/WindowsStandaloneSupport/UnityEditor.WindowsStandalone.Extensions.dll
Registered in 0.013930 seconds.
Native extension for WindowsStandalone target not found
Refreshing native plugins compatible for Editor in 71.04 ms, found 3 plugins.
Preloading 0 native plugins for Editor in 0.00 ms.
Mono: successfully reloaded assembly
- Completed reload, in  0.656 seconds
Domain Reload Profiling:
	ReloadAssembly (657ms)
		BeginReloadAssembly (126ms)
			ExecutionOrderSort (0ms)
			DisableScriptedObjects (0ms)
			BackupInstance (0ms)
			ReleaseScriptingObjects (0ms)
			CreateAndSetChildDomain (1ms)
		EndReloadAssembly (403ms)
			LoadAssemblies (121ms)
			RebuildTransferFunctionScriptingTraits (0ms)
			SetupTypeCache (92ms)
			ReleaseScriptCaches (0ms)
			RebuildScriptCaches (21ms)
			SetupLoadedEditorAssemblies (235ms)
				LogAssemblyErrors (0ms)
				InitializePlatformSupportModulesInManaged (10ms)
				SetLoadedEditorAssemblies (0ms)
				RefreshPlugins (71ms)
				BeforeProcessingInitializeOnLoad (1ms)
				ProcessInitializeOnLoadAttributes (105ms)
				ProcessInitializeOnLoadMethodAttributes (48ms)
				AfterProcessingInitializeOnLoad (0ms)
				EditorAssembliesLoaded (0ms)
			ExecutionOrderSort2 (0ms)
			AwakeInstancesAfterBackupRestoration (0ms)
Platform modules already initialized, skipping
Registering precompiled user dll's ...
Registered in 0.011324 seconds.
Begin MonoManager ReloadAssembly
Symbol file LoadedFromMemory doesn't match image C:\GitHub\graduate\Library\PackageCache\com.unity.visualscripting@1.8.0\Editor\VisualScripting.Core\Dependencies\YamlDotNet\Unity.VisualScripting.YamlDotNet.dll
Symbol file LoadedFromMemory doesn't match image C:\GitHub\graduate\Library\PackageCache\com.unity.visualscripting@1.8.0\Editor\VisualScripting.Core\Dependencies\DotNetZip\Unity.VisualScripting.IonicZip.dll
Native extension for WindowsStandalone target not found
Refreshing native plugins compatible for Editor in 0.66 ms, found 3 plugins.
Preloading 0 native plugins for Editor in 0.00 ms.
Mono: successfully reloaded assembly
- Completed reload, in  1.002 seconds
Domain Reload Profiling:
	ReloadAssembly (1003ms)
		BeginReloadAssembly (157ms)
			ExecutionOrderSort (0ms)
			DisableScriptedObjects (5ms)
			BackupInstance (0ms)
			ReleaseScriptingObjects (0ms)
			CreateAndSetChildDomain (23ms)
		EndReloadAssembly (723ms)
			LoadAssemblies (134ms)
			RebuildTransferFunctionScriptingTraits (0ms)
			SetupTypeCache (213ms)
			ReleaseScriptCaches (0ms)
			RebuildScriptCaches (40ms)
			SetupLoadedEditorAssemblies (338ms)
				LogAssemblyErrors (0ms)
				InitializePlatformSupportModulesInManaged (7ms)
				SetLoadedEditorAssemblies (0ms)
				RefreshPlugins (1ms)
				BeforeProcessingInitializeOnLoad (93ms)
				ProcessInitializeOnLoadAttributes (200ms)
				ProcessInitializeOnLoadMethodAttributes (17ms)
				AfterProcessingInitializeOnLoad (20ms)
				EditorAssembliesLoaded (0ms)
			ExecutionOrderSort2 (0ms)
			AwakeInstancesAfterBackupRestoration (13ms)
Platform modules already initialized, skipping
========================================================================
Worker process is ready to serve import requests
Launched and connected shader compiler UnityShaderCompiler.exe after 0.08 seconds
Refreshing native plugins compatible for Editor in 1.08 ms, found 3 plugins.
Preloading 0 native plugins for Editor in 0.00 ms.
Unloading 3051 Unused Serialized files (Serialized files now loaded: 0)
Unloading 23 unused Assets / (87.6 KB). Loaded Objects now: 3520.
Memory consumption went from 108.7 MB to 108.6 MB.
Total: 5.032600 ms (FindLiveObjects: 0.561500 ms CreateObjectMapping: 0.182700 ms MarkObjects: 4.144700 ms  DeleteObjects: 0.142500 ms)

AssetImportParameters requested are different than current active one (requested -> active):
  custom:video-decoder-ogg-theora: a1e56fd34408186e4bbccfd4996cb3dc -> 
  custom:container-muxer-webm: aa71ff27fc2769a1b78a27578f13a17b -> 
  custom:container-demuxer-webm: 4f35f7cbe854078d1ac9338744f61a02 -> 
  custom:video-encoder-webm-vp8: eb34c28f22e8b96e1ab97ce403110664 -> 
  custom:audio-encoder-webm-vorbis: bf7c407c2cedff20999df2af8eb42d56 -> 
  custom:framework-win-MediaFoundation: 216162199b28c13a410421893ffa2e32 -> 
  custom:container-demuxer-ogg: 62fdf1f143b41e24485cea50d1cbac27 -> 
  custom:video-decoder-webm-vp8: 9c59270c3fd7afecdb556c50c9e8de78 -> 
  custom:audio-decoder-ogg-vorbis: bf7c407c2cedff20999df2af8eb42d56 -> 
========================================================================
Received Import Request.
  Time since last request: 356316.054060 seconds.
  path: Assets/ManyWorlds/Space Station
  artifactKey: Guid(7a50e174943199b4d9497d39ba503d24) Importer(815301076,1909f56bfc062723c751e8b465ee728b)
Start importing Assets/ManyWorlds/Space Station using Guid(7a50e174943199b4d9497d39ba503d24) Importer(815301076,1909f56bfc062723c751e8b465ee728b)  -> (artifact id: 'e4481f5a6db81035d2d2398e6189f368') in 0.011454 seconds 
========================================================================
Received Import Request.
  Time since last request: 3.020701 seconds.
  path: Assets/InGameMap.unity
  artifactKey: Guid(92041b126b4b8734ba17d870746c34e9) Importer(815301076,1909f56bfc062723c751e8b465ee728b)
Start importing Assets/InGameMap.unity using Guid(92041b126b4b8734ba17d870746c34e9) Importer(815301076,1909f56bfc062723c751e8b465ee728b)  -> (artifact id: '4d8a823218dcff22806d6602dc09e6e3') in 0.004359 seconds 
========================================================================
Received Import Request.
  Time since last request: 1321.698559 seconds.
  path: Assets/ManyWorlds/Space Station/Sci Fi Base/Mesh/Materials/Sala02_autoilum.mat
  artifactKey: Guid(103bd3ff2fd9f6b45bfcd4a40a13fef3) Importer(815301076,1909f56bfc062723c751e8b465ee728b)
Start importing Assets/ManyWorlds/Space Station/Sci Fi Base/Mesh/Materials/Sala02_autoilum.mat using Guid(103bd3ff2fd9f6b45bfcd4a40a13fef3) Importer(815301076,1909f56bfc062723c751e8b465ee728b)  -> (artifact id: '1d9a2fa86a8aa90ba735cdbce6ab2a00') in 0.140149 seconds 
========================================================================
Received Import Request.
  Time since last request: 0.000034 seconds.
  path: Assets/ManyWorlds/Space Station/Sci Fi Base/Mesh/Materials/space estation planet01.mat
  artifactKey: Guid(a0cf937adf1e1ae449b77fba596e78f2) Importer(815301076,1909f56bfc062723c751e8b465ee728b)
Start importing Assets/ManyWorlds/Space Station/Sci Fi Base/Mesh/Materials/space estation planet01.mat using Guid(a0cf937adf1e1ae449b77fba596e78f2) Importer(815301076,1909f56bfc062723c751e8b465ee728b)  -> (artifact id: '8c0d9dd9f78bab0941cf262590453b72') in 0.019785 seconds 
========================================================================
Received Import Request.
  Time since last request: 0.000027 seconds.
  path: Assets/ManyWorlds/Space Station/Sci Fi Base/Mesh/Materials/Sala02_light.mat
  artifactKey: Guid(947469c996e62dd42a67c43e70678a8d) Importer(815301076,1909f56bfc062723c751e8b465ee728b)
Start importing Assets/ManyWorlds/Space Station/Sci Fi Base/Mesh/Materials/Sala02_light.mat using Guid(947469c996e62dd42a67c43e70678a8d) Importer(815301076,1909f56bfc062723c751e8b465ee728b)  -> (artifact id: 'c7e5519f11b61bf65c5ab6602c0d70e7') in 0.018308 seconds 
========================================================================
Received Import Request.
  Time since last request: 0.000044 seconds.
  path: Assets/ManyWorlds/Space Station/Sci Fi Base/Mesh/Materials/Sala02_Mfloor.mat
  artifactKey: Guid(a446fcbcea54d0644863053aec1819f2) Importer(815301076,1909f56bfc062723c751e8b465ee728b)
Start importing Assets/ManyWorlds/Space Station/Sci Fi Base/Mesh/Materials/Sala02_Mfloor.mat using Guid(a446fcbcea54d0644863053aec1819f2) Importer(815301076,1909f56bfc062723c751e8b465ee728b)  -> (artifact id: '2b552e50bc54127a12677d97fc0909aa') in 0.014992 seconds 
========================================================================
Received Import Request.
  Time since last request: 0.000037 seconds.
  path: Assets/ManyWorlds/Space Station/Sci Fi Base/Mesh/Materials/Sala02_wplastic.mat
  artifactKey: Guid(9442d3faa1582b843a6f3719907b9fc0) Importer(815301076,1909f56bfc062723c751e8b465ee728b)
Start importing Assets/ManyWorlds/Space Station/Sci Fi Base/Mesh/Materials/Sala02_wplastic.mat using Guid(9442d3faa1582b843a6f3719907b9fc0) Importer(815301076,1909f56bfc062723c751e8b465ee728b)  -> (artifact id: 'd7b630ac68f1d65fa393b8030c6463ee') in 0.016764 seconds 
========================================================================
Received Import Request.
  Time since last request: 0.000024 seconds.
  path: Assets/ManyWorlds/Space Station/Sci Fi Base/Mesh/Materials/space estation planet04.mat
  artifactKey: Guid(b0a5283b936e5ee41804f6e7daa28df9) Importer(815301076,1909f56bfc062723c751e8b465ee728b)
Start importing Assets/ManyWorlds/Space Station/Sci Fi Base/Mesh/Materials/space estation planet04.mat using Guid(b0a5283b936e5ee41804f6e7daa28df9) Importer(815301076,1909f56bfc062723c751e8b465ee728b)  -> (artifact id: '5f58763ac6b3d22abda3ec4a674f8883') in 0.019135 seconds 
========================================================================
Received Import Request.
  Time since last request: 0.000017 seconds.
  path: Assets/ManyWorlds/Space Station/Sci Fi Base/Mesh/Materials/space estation normal.mat
  artifactKey: Guid(209d4a7fdb64fb341beda450ca48171a) Importer(815301076,1909f56bfc062723c751e8b465ee728b)
Start importing Assets/ManyWorlds/Space Station/Sci Fi Base/Mesh/Materials/space estation normal.mat using Guid(209d4a7fdb64fb341beda450ca48171a) Importer(815301076,1909f56bfc062723c751e8b465ee728b)  -> (artifact id: 'ef37d36d4f53f1a0621f4825e77e1c9b') in 0.017239 seconds 
========================================================================
Received Import Request.
  Time since last request: 0.000020 seconds.
  path: Assets/ManyWorlds/Space Station/Sci Fi Base/Mesh/Materials/ScreenP.mat
  artifactKey: Guid(ec472d54363b10644a5fad7bc3065ae8) Importer(815301076,1909f56bfc062723c751e8b465ee728b)
Start importing Assets/ManyWorlds/Space Station/Sci Fi Base/Mesh/Materials/ScreenP.mat using Guid(ec472d54363b10644a5fad7bc3065ae8) Importer(815301076,1909f56bfc062723c751e8b465ee728b)  -> (artifact id: '684f59f9796e1d6787e430478a9f122e') in 0.023813 seconds 
========================================================================
Received Import Request.
  Time since last request: 0.000027 seconds.
  path: Assets/ManyWorlds/Space Station/Sci Fi Base/Mesh/Materials/space estation lineplanet02.mat
  artifactKey: Guid(50d8c71b949be82499d02f2dcb3584fb) Importer(815301076,1909f56bfc062723c751e8b465ee728b)
Start importing Assets/ManyWorlds/Space Station/Sci Fi Base/Mesh/Materials/space estation lineplanet02.mat using Guid(50d8c71b949be82499d02f2dcb3584fb) Importer(815301076,1909f56bfc062723c751e8b465ee728b)  -> (artifact id: '7c622ac1a6b612635ad0d8b0bdddedb7') in 0.013474 seconds 
========================================================================
Received Import Request.
  Time since last request: 0.472416 seconds.
  path: Assets/ManyWorlds/Space Station/Sci Fi Base/Mesh/Materials/sala00_whiteplastic.mat
  artifactKey: Guid(bff7d9c76e777fc428bc14e938ca5d09) Importer(815301076,1909f56bfc062723c751e8b465ee728b)
Start importing Assets/ManyWorlds/Space Station/Sci Fi Base/Mesh/Materials/sala00_whiteplastic.mat using Guid(bff7d9c76e777fc428bc14e938ca5d09) Importer(815301076,1909f56bfc062723c751e8b465ee728b)  -> (artifact id: 'fe45d50973c55d7019570c1a670d8fe0') in 0.012513 seconds 
========================================================================
Received Import Request.
  Time since last request: 0.000022 seconds.
  path: Assets/ManyWorlds/Space Station/Sci Fi Base/Mesh/Materials/sala00_wplastic.mat
  artifactKey: Guid(351b8e13181f95248a4d7ed3fe521ac1) Importer(815301076,1909f56bfc062723c751e8b465ee728b)
Start importing Assets/ManyWorlds/Space Station/Sci Fi Base/Mesh/Materials/sala00_wplastic.mat using Guid(351b8e13181f95248a4d7ed3fe521ac1) Importer(815301076,1909f56bfc062723c751e8b465ee728b)  -> (artifact id: 'b69bed6aa7b95716ac91aa29ec5a43fc') in 0.014248 seconds 
========================================================================
Received Import Request.
  Time since last request: 0.032443 seconds.
  path: Assets/ManyWorlds/Space Station/Sci Fi Base/Mesh/Materials/sala00_framemetal.mat
  artifactKey: Guid(8c3e05fc5b1263d4ba8da41802484fa9) Importer(815301076,1909f56bfc062723c751e8b465ee728b)
Start importing Assets/ManyWorlds/Space Station/Sci Fi Base/Mesh/Materials/sala00_framemetal.mat using Guid(8c3e05fc5b1263d4ba8da41802484fa9) Importer(815301076,1909f56bfc062723c751e8b465ee728b)  -> (artifact id: '8bb1c8f2e49337dc5d028b19f0966523') in 0.027302 seconds 
========================================================================
Received Import Request.
  Time since last request: 0.000031 seconds.
  path: Assets/ManyWorlds/Space Station/Sci Fi Base/Mesh/Materials/sala00_tiles.mat
  artifactKey: Guid(581ea5dd5c2842e4090f85e1fced3b3f) Importer(815301076,1909f56bfc062723c751e8b465ee728b)
Start importing Assets/ManyWorlds/Space Station/Sci Fi Base/Mesh/Materials/sala00_tiles.mat using Guid(581ea5dd5c2842e4090f85e1fced3b3f) Importer(815301076,1909f56bfc062723c751e8b465ee728b)  -> (artifact id: '41f8de3f0a0b9826b7b2fcee931b2264') in 0.012745 seconds 
========================================================================
Received Import Request.
  Time since last request: 0.000043 seconds.
  path: Assets/ManyWorlds/Space Station/Sci Fi Base/Mesh/Materials/sala00_screens.mat
  artifactKey: Guid(6a57524c56048454eb5681870833d4ad) Importer(815301076,1909f56bfc062723c751e8b465ee728b)
Start importing Assets/ManyWorlds/Space Station/Sci Fi Base/Mesh/Materials/sala00_screens.mat using Guid(6a57524c56048454eb5681870833d4ad) Importer(815301076,1909f56bfc062723c751e8b465ee728b)  -> (artifact id: '9426c83edcdad9658b8f6643bffea040') in 0.016219 seconds 
========================================================================
Received Import Request.
  Time since last request: 0.000023 seconds.
  path: Assets/ManyWorlds/Space Station/Sci Fi Base/Mesh/Materials/sala00_screen.mat
  artifactKey: Guid(0f3e7f4ba5c88c04ea9ecdefdb4e803b) Importer(815301076,1909f56bfc062723c751e8b465ee728b)
Start importing Assets/ManyWorlds/Space Station/Sci Fi Base/Mesh/Materials/sala00_screen.mat using Guid(0f3e7f4ba5c88c04ea9ecdefdb4e803b) Importer(815301076,1909f56bfc062723c751e8b465ee728b)  -> (artifact id: '98fcac4e966e2e7f379e219bb29834bc') in 0.016497 seconds 
========================================================================
Received Import Request.
  Time since last request: 0.115631 seconds.
  path: Assets/ManyWorlds/Space Station/Sci Fi Base/Mesh/Materials/sala00_autoilum.mat
  artifactKey: Guid(13608c1690c4b234598fd278880b716c) Importer(815301076,1909f56bfc062723c751e8b465ee728b)
Start importing Assets/ManyWorlds/Space Station/Sci Fi Base/Mesh/Materials/sala00_autoilum.mat using Guid(13608c1690c4b234598fd278880b716c) Importer(815301076,1909f56bfc062723c751e8b465ee728b)  -> (artifact id: '291bbc64b704dbe9d2661722b3ec3929') in 0.012819 seconds 
========================================================================
Received Import Request.
  Time since last request: 0.000023 seconds.
  path: Assets/ManyWorlds/Space Station/Sci Fi Base/Mesh/Materials/S01b_windows.mat
  artifactKey: Guid(b7ab93208c258814fa3e7895ebe85b14) Importer(815301076,1909f56bfc062723c751e8b465ee728b)
Start importing Assets/ManyWorlds/Space Station/Sci Fi Base/Mesh/Materials/S01b_windows.mat using Guid(b7ab93208c258814fa3e7895ebe85b14) Importer(815301076,1909f56bfc062723c751e8b465ee728b)  -> (artifact id: '07b8cd11a9ee77062ca186487c355f19') in 0.019888 seconds 
========================================================================
Received Import Request.
  Time since last request: 0.000023 seconds.
  path: Assets/ManyWorlds/Space Station/Sci Fi Base/Mesh/Materials/sala00_brubber.mat
  artifactKey: Guid(09fac3c5f1a172a49ac87773736d18e2) Importer(815301076,1909f56bfc062723c751e8b465ee728b)
Start importing Assets/ManyWorlds/Space Station/Sci Fi Base/Mesh/Materials/sala00_brubber.mat using Guid(09fac3c5f1a172a49ac87773736d18e2) Importer(815301076,1909f56bfc062723c751e8b465ee728b)  -> (artifact id: 'c40b74013d7cc9409a921a9f7d65ff86') in 0.019360 seconds 
========================================================================
Received Import Request.
  Time since last request: 0.000025 seconds.
  path: Assets/ManyWorlds/Space Station/Sci Fi Base/Mesh/Materials/S01b_metal.mat
  artifactKey: Guid(9387d5072cdf2894eb9d6dc46dd5dfc8) Importer(815301076,1909f56bfc062723c751e8b465ee728b)
Start importing Assets/ManyWorlds/Space Station/Sci Fi Base/Mesh/Materials/S01b_metal.mat using Guid(9387d5072cdf2894eb9d6dc46dd5dfc8) Importer(815301076,1909f56bfc062723c751e8b465ee728b)  -> (artifact id: '9b1ceb0fc85f940ea6d7342d362ee464') in 0.013677 seconds 
========================================================================
Received Import Request.
  Time since last request: 0.000023 seconds.
  path: Assets/ManyWorlds/Space Station/Sci Fi Base/Mesh/Materials/sala00_blackrubber.mat
  artifactKey: Guid(1179225e97dfe5e40a7a3cd25275c95c) Importer(815301076,1909f56bfc062723c751e8b465ee728b)
Start importing Assets/ManyWorlds/Space Station/Sci Fi Base/Mesh/Materials/sala00_blackrubber.mat using Guid(1179225e97dfe5e40a7a3cd25275c95c) Importer(815301076,1909f56bfc062723c751e8b465ee728b)  -> (artifact id: '9bf6cc1b3ffc967cae9f198ace06a00b') in 0.013273 seconds 
========================================================================
Received Import Request.
  Time since last request: 0.000076 seconds.
  path: Assets/ManyWorlds/Space Station/Sci Fi Base/Mesh/Materials/S01b_Bmetal.mat
  artifactKey: Guid(5d615331ce431124081983b55a20b317) Importer(815301076,1909f56bfc062723c751e8b465ee728b)
Start importing Assets/ManyWorlds/Space Station/Sci Fi Base/Mesh/Materials/S01b_Bmetal.mat using Guid(5d615331ce431124081983b55a20b317) Importer(815301076,1909f56bfc062723c751e8b465ee728b)  -> (artifact id: '2220286a263e2a4930e5c3371bf2278f') in 0.011927 seconds 
========================================================================
Received Import Request.
  Time since last request: 0.496499 seconds.
  path: Assets/ManyWorlds/Space Station/Sci Fi Base/Mesh/Materials/S01_metalwalls.mat
  artifactKey: Guid(a5657417f20c4d34694e27352b778e55) Importer(815301076,1909f56bfc062723c751e8b465ee728b)
Start importing Assets/ManyWorlds/Space Station/Sci Fi Base/Mesh/Materials/S01_metalwalls.mat using Guid(a5657417f20c4d34694e27352b778e55) Importer(815301076,1909f56bfc062723c751e8b465ee728b)  -> (artifact id: '7a27ada5c8aa6fa45750de942795377d') in 0.012079 seconds 
========================================================================
Received Import Request.
  Time since last request: 0.000017 seconds.
  path: Assets/ManyWorlds/Space Station/Sci Fi Base/Mesh/Materials/S01b_autoilum.mat
  artifactKey: Guid(7d3d4892c57b0174c88de59ccc8bc8b0) Importer(815301076,1909f56bfc062723c751e8b465ee728b)
Start importing Assets/ManyWorlds/Space Station/Sci Fi Base/Mesh/Materials/S01b_autoilum.mat using Guid(7d3d4892c57b0174c88de59ccc8bc8b0) Importer(815301076,1909f56bfc062723c751e8b465ee728b)  -> (artifact id: '0a0ff33322832a247420ed0432584792') in 0.012647 seconds 
========================================================================
Received Import Request.
  Time since last request: 0.000019 seconds.
  path: Assets/ManyWorlds/Space Station/Sci Fi Base/Mesh/Materials/S01_light.mat
  artifactKey: Guid(a88a3a555a34ac344bbe98cc0e78c38a) Importer(815301076,1909f56bfc062723c751e8b465ee728b)
Start importing Assets/ManyWorlds/Space Station/Sci Fi Base/Mesh/Materials/S01_light.mat using Guid(a88a3a555a34ac344bbe98cc0e78c38a) Importer(815301076,1909f56bfc062723c751e8b465ee728b)  -> (artifact id: 'dacea52cc1543005da1023e29d72f42c') in 0.012279 seconds 
========================================================================
Received Import Request.
  Time since last request: 0.000017 seconds.
  path: Assets/ManyWorlds/Space Station/Sci Fi Base/Mesh/Materials/S01_metalinside.mat
  artifactKey: Guid(d467c6d552382db41ba3220eca2aad03) Importer(815301076,1909f56bfc062723c751e8b465ee728b)
Start importing Assets/ManyWorlds/Space Station/Sci Fi Base/Mesh/Materials/S01_metalinside.mat using Guid(d467c6d552382db41ba3220eca2aad03) Importer(815301076,1909f56bfc062723c751e8b465ee728b)  -> (artifact id: 'e93d07bf56d337611e51efba3472f731') in 0.013769 seconds 
========================================================================
Received Import Request.
  Time since last request: 0.007164 seconds.
  path: Assets/ManyWorlds/Space Station/Sci Fi Base/Mesh/Materials/S01_autoilum.mat
  artifactKey: Guid(c3ec7cbec96ae754086da1af66914da3) Importer(815301076,1909f56bfc062723c751e8b465ee728b)
Start importing Assets/ManyWorlds/Space Station/Sci Fi Base/Mesh/Materials/S01_autoilum.mat using Guid(c3ec7cbec96ae754086da1af66914da3) Importer(815301076,1909f56bfc062723c751e8b465ee728b)  -> (artifact id: '5c89c045861e84ff1463b58f5a836a2a') in 0.011317 seconds 
========================================================================
Received Import Request.
  Time since last request: 0.000020 seconds.
  path: Assets/ManyWorlds/Space Station/Sci Fi Base/Mesh/Materials/S01_blackrubber.mat
  artifactKey: Guid(15511d80239c6cc4895b31d409d2b875) Importer(815301076,1909f56bfc062723c751e8b465ee728b)
Start importing Assets/ManyWorlds/Space Station/Sci Fi Base/Mesh/Materials/S01_blackrubber.mat using Guid(15511d80239c6cc4895b31d409d2b875) Importer(815301076,1909f56bfc062723c751e8b465ee728b)  -> (artifact id: 'e1d7f9a0664ff72ab28ce0b40298eb7d') in 0.012465 seconds 
========================================================================
Received Import Request.
  Time since last request: 0.001842 seconds.
  path: Assets/ManyWorlds/Space Station/Sci Fi Base/Mesh/Materials/S0_windows.mat
  artifactKey: Guid(82eca2b0bf962f3419802b27c380def9) Importer(815301076,1909f56bfc062723c751e8b465ee728b)
Start importing Assets/ManyWorlds/Space Station/Sci Fi Base/Mesh/Materials/S0_windows.mat using Guid(82eca2b0bf962f3419802b27c380def9) Importer(815301076,1909f56bfc062723c751e8b465ee728b)  -> (artifact id: 'e1a4323ead57d2aa381d94460bad167d') in 0.013612 seconds 
========================================================================
Received Import Request.
  Time since last request: 0.000024 seconds.
  path: Assets/ManyWorlds/Space Station/Sci Fi Base/Mesh/Materials/S0R_window.mat
  artifactKey: Guid(9fa947470a805734387ebc3cca527dfb) Importer(815301076,1909f56bfc062723c751e8b465ee728b)
Start importing Assets/ManyWorlds/Space Station/Sci Fi Base/Mesh/Materials/S0R_window.mat using Guid(9fa947470a805734387ebc3cca527dfb) Importer(815301076,1909f56bfc062723c751e8b465ee728b)  -> (artifact id: 'e66bc98a9c64552b941b503ce0f6505e') in 0.012490 seconds 
========================================================================
Received Import Request.
  Time since last request: 0.126546 seconds.
  path: Assets/ManyWorlds/Space Station/Sci Fi Base/Mesh/Materials/S0_Brubber.mat
  artifactKey: Guid(3ea0b196f93e92948874cbe13139c2fe) Importer(815301076,1909f56bfc062723c751e8b465ee728b)
Start importing Assets/ManyWorlds/Space Station/Sci Fi Base/Mesh/Materials/S0_Brubber.mat using Guid(3ea0b196f93e92948874cbe13139c2fe) Importer(815301076,1909f56bfc062723c751e8b465ee728b)  -> (artifact id: 'b2bed8dde7c7ab4a983887f2d698b63b') in 0.011923 seconds 
========================================================================
Received Import Request.
  Time since last request: 0.000020 seconds.
  path: Assets/ManyWorlds/Space Station/Sci Fi Base/Mesh/Materials/S0_light.mat
  artifactKey: Guid(b4e7953ff88fca84cab221f2630059e8) Importer(815301076,1909f56bfc062723c751e8b465ee728b)
Start importing Assets/ManyWorlds/Space Station/Sci Fi Base/Mesh/Materials/S0_light.mat using Guid(b4e7953ff88fca84cab221f2630059e8) Importer(815301076,1909f56bfc062723c751e8b465ee728b)  -> (artifact id: '9df905e9eb78fa2ea62b7ccf5f836d5a') in 0.013186 seconds 
========================================================================
Received Import Request.
  Time since last request: 0.002947 seconds.
  path: Assets/ManyWorlds/Space Station/Sci Fi Base/Mesh/Materials/roof02_detail.mat
  artifactKey: Guid(9b9d9003ba34f3546bed6fcc8cb0e51b) Importer(815301076,1909f56bfc062723c751e8b465ee728b)
Start importing Assets/ManyWorlds/Space Station/Sci Fi Base/Mesh/Materials/roof02_detail.mat using Guid(9b9d9003ba34f3546bed6fcc8cb0e51b) Importer(815301076,1909f56bfc062723c751e8b465ee728b)  -> (artifact id: 'c945e4c8e67c14b76ea71f214a16655c') in 0.014110 seconds 
========================================================================
Received Import Request.
  Time since last request: 0.000041 seconds.
  path: Assets/ManyWorlds/Space Station/Sci Fi Base/Mesh/Materials/roof02metaldetail.mat
  artifactKey: Guid(18dddbc56adcfd14d959c2c9b8895179) Importer(815301076,1909f56bfc062723c751e8b465ee728b)
Start importing Assets/ManyWorlds/Space Station/Sci Fi Base/Mesh/Materials/roof02metaldetail.mat using Guid(18dddbc56adcfd14d959c2c9b8895179) Importer(815301076,1909f56bfc062723c751e8b465ee728b)  -> (artifact id: '706d8b28ccbe87ea2b81aa6be0ac11ef') in 0.011309 seconds 
========================================================================
Received Import Request.
  Time since last request: 0.000021 seconds.
  path: Assets/ManyWorlds/Space Station/Sci Fi Base/Mesh/Materials/PumpDarkmaterial.mat
  artifactKey: Guid(e28530a8924ebb641b60eb978ea27c16) Importer(815301076,1909f56bfc062723c751e8b465ee728b)
Start importing Assets/ManyWorlds/Space Station/Sci Fi Base/Mesh/Materials/PumpDarkmaterial.mat using Guid(e28530a8924ebb641b60eb978ea27c16) Importer(815301076,1909f56bfc062723c751e8b465ee728b)  -> (artifact id: 'aaa85ce1ef956728ce2b5761f328704c') in 0.014047 seconds 
========================================================================
Received Import Request.
  Time since last request: 0.000018 seconds.
  path: Assets/ManyWorlds/Space Station/Sci Fi Base/Mesh/Materials/roof02_blackwall.mat
  artifactKey: Guid(f2569e3ae3f6a2b4899b006b60c3fee7) Importer(815301076,1909f56bfc062723c751e8b465ee728b)
Start importing Assets/ManyWorlds/Space Station/Sci Fi Base/Mesh/Materials/roof02_blackwall.mat using Guid(f2569e3ae3f6a2b4899b006b60c3fee7) Importer(815301076,1909f56bfc062723c751e8b465ee728b)  -> (artifact id: 'c53210450aaaa6f80a384e1520689946') in 0.012507 seconds 
========================================================================
Received Import Request.
  Time since last request: 0.000023 seconds.
  path: Assets/ManyWorlds/Space Station/Sci Fi Base/Mesh/Materials/PumpMetal.mat
  artifactKey: Guid(e57a2cf26ac901249b26a406fec7a76b) Importer(815301076,1909f56bfc062723c751e8b465ee728b)
Start importing Assets/ManyWorlds/Space Station/Sci Fi Base/Mesh/Materials/PumpMetal.mat using Guid(e57a2cf26ac901249b26a406fec7a76b) Importer(815301076,1909f56bfc062723c751e8b465ee728b)  -> (artifact id: '6d20ce9093dff4d1847018c8c6dee858') in 0.012506 seconds 
========================================================================
Received Import Request.
  Time since last request: 0.000022 seconds.
  path: Assets/ManyWorlds/Space Station/Sci Fi Base/Mesh/Materials/roof02_blackrubber.mat
  artifactKey: Guid(459052c0c5fc82f41ae627c69df51362) Importer(815301076,1909f56bfc062723c751e8b465ee728b)
Start importing Assets/ManyWorlds/Space Station/Sci Fi Base/Mesh/Materials/roof02_blackrubber.mat using Guid(459052c0c5fc82f41ae627c69df51362) Importer(815301076,1909f56bfc062723c751e8b465ee728b)  -> (artifact id: '228380190b8399afd1580ed0defbe968') in 0.012920 seconds 
========================================================================
Received Import Request.
  Time since last request: 0.120055 seconds.
  path: Assets/ManyWorlds/Space Station/Sci Fi Base/Mesh/Materials/pasted__lambert2.mat
  artifactKey: Guid(a64c1c2eadb67014db4d6589bf6d13bc) Importer(815301076,1909f56bfc062723c751e8b465ee728b)
Start importing Assets/ManyWorlds/Space Station/Sci Fi Base/Mesh/Materials/pasted__lambert2.mat using Guid(a64c1c2eadb67014db4d6589bf6d13bc) Importer(815301076,1909f56bfc062723c751e8b465ee728b)  -> (artifact id: '6e40d776a6dbe1597ab7a35b02bafa21') in 0.020415 seconds 
========================================================================
Received Import Request.
  Time since last request: 0.019998 seconds.
  path: Assets/ManyWorlds/Space Station/Sci Fi Base/Mesh/Materials/MM_CB_WhitePlastic.mat
  artifactKey: Guid(c0d9a430cedca9646b1a465b05e1ae0d) Importer(815301076,1909f56bfc062723c751e8b465ee728b)
Start importing Assets/ManyWorlds/Space Station/Sci Fi Base/Mesh/Materials/MM_CB_WhitePlastic.mat using Guid(c0d9a430cedca9646b1a465b05e1ae0d) Importer(815301076,1909f56bfc062723c751e8b465ee728b)  -> (artifact id: 'ff7790ec2eabe76d6908de8dcd180866') in 0.012616 seconds 
========================================================================
Received Import Request.
  Time since last request: 0.004858 seconds.
  path: Assets/ManyWorlds/Space Station/Sci Fi Base/Mesh/Materials/MM__DoorWhiteLight01.mat
  artifactKey: Guid(93a1e25f3905e464ba57d6f8e55e241e) Importer(815301076,1909f56bfc062723c751e8b465ee728b)
Start importing Assets/ManyWorlds/Space Station/Sci Fi Base/Mesh/Materials/MM__DoorWhiteLight01.mat using Guid(93a1e25f3905e464ba57d6f8e55e241e) Importer(815301076,1909f56bfc062723c751e8b465ee728b)  -> (artifact id: '17ca4ab3a88c47a3332c88fc252280b8') in 0.013526 seconds 
========================================================================
Received Import Request.
  Time since last request: 0.000019 seconds.
  path: Assets/ManyWorlds/Space Station/Sci Fi Base/Mesh/Materials/MM_CB_DoorGreyRubber01.mat
  artifactKey: Guid(e23c6edc09e292e4b926d3aea75fbb59) Importer(815301076,1909f56bfc062723c751e8b465ee728b)
Start importing Assets/ManyWorlds/Space Station/Sci Fi Base/Mesh/Materials/MM_CB_DoorGreyRubber01.mat using Guid(e23c6edc09e292e4b926d3aea75fbb59) Importer(815301076,1909f56bfc062723c751e8b465ee728b)  -> (artifact id: '479a1ae196209734a7d574a589b6e40b') in 0.012490 seconds 
========================================================================
Received Import Request.
  Time since last request: 0.000024 seconds.
  path: Assets/ManyWorlds/Space Station/Sci Fi Base/Mesh/Materials/MM_CB_ClearCristal.mat
  artifactKey: Guid(1c83d376d7d9f884d93f9d4e9b0afe06) Importer(815301076,1909f56bfc062723c751e8b465ee728b)
Start importing Assets/ManyWorlds/Space Station/Sci Fi Base/Mesh/Materials/MM_CB_ClearCristal.mat using Guid(1c83d376d7d9f884d93f9d4e9b0afe06) Importer(815301076,1909f56bfc062723c751e8b465ee728b)  -> (artifact id: '785017b76b4d5aba885e385b11dec5b3') in 0.012096 seconds 
========================================================================
Received Import Request.
  Time since last request: 0.000031 seconds.
  path: Assets/ManyWorlds/Space Station/Sci Fi Base/Mesh/Materials/MM_CB_DoorWhitePlastic1.mat
  artifactKey: Guid(585970a0d78f66f4588d2f6f6419e148) Importer(815301076,1909f56bfc062723c751e8b465ee728b)
Start importing Assets/ManyWorlds/Space Station/Sci Fi Base/Mesh/Materials/MM_CB_DoorWhitePlastic1.mat using Guid(585970a0d78f66f4588d2f6f6419e148) Importer(815301076,1909f56bfc062723c751e8b465ee728b)  -> (artifact id: '31936a079168d5117a58f90c1961c57a') in 0.012043 seconds 
========================================================================
Received Import Request.
  Time since last request: 0.142367 seconds.
  path: Assets/ManyWorlds/Space Station/Sci Fi Base/DemoScene/FreeUnusedStuff_DEPRECATED/Mesh/Materials/MetalTubes00.mat
  artifactKey: Guid(9523a8761dbc19f42ae4adaf743f79b4) Importer(815301076,1909f56bfc062723c751e8b465ee728b)
Start importing Assets/ManyWorlds/Space Station/Sci Fi Base/DemoScene/FreeUnusedStuff_DEPRECATED/Mesh/Materials/MetalTubes00.mat using Guid(9523a8761dbc19f42ae4adaf743f79b4) Importer(815301076,1909f56bfc062723c751e8b465ee728b)  -> (artifact id: 'e42faa5327d20b08a93b74193761ebba') in 0.017755 seconds 
========================================================================
Received Import Request.
  Time since last request: 0.000021 seconds.
  path: Assets/ManyWorlds/Space Station/Sci Fi Base/Mesh/Materials/MM__DoorGreyRubber01.mat
  artifactKey: Guid(e9b4c6986540fc8468bd74115ce5e0c6) Importer(815301076,1909f56bfc062723c751e8b465ee728b)
Start importing Assets/ManyWorlds/Space Station/Sci Fi Base/Mesh/Materials/MM__DoorGreyRubber01.mat using Guid(e9b4c6986540fc8468bd74115ce5e0c6) Importer(815301076,1909f56bfc062723c751e8b465ee728b)  -> (artifact id: '7b77454f9020d97f0f9161c1649d5c65') in 0.013656 seconds 
========================================================================
Received Import Request.
  Time since last request: 0.000028 seconds.
  path: Assets/ManyWorlds/Space Station/Sci Fi Base/DemoScene/FreeUnusedStuff_DEPRECATED/Mesh/Materials/MetalPlanks03.mat
  artifactKey: Guid(dd53b10371acc8c44a8ebd3c7d47b305) Importer(815301076,1909f56bfc062723c751e8b465ee728b)
Start importing Assets/ManyWorlds/Space Station/Sci Fi Base/DemoScene/FreeUnusedStuff_DEPRECATED/Mesh/Materials/MetalPlanks03.mat using Guid(dd53b10371acc8c44a8ebd3c7d47b305) Importer(815301076,1909f56bfc062723c751e8b465ee728b)  -> (artifact id: '63db6dc7e06e97a71fc54922aa5db3ca') in 0.016707 seconds 
========================================================================
Received Import Request.
  Time since last request: 0.000023 seconds.
  path: Assets/ManyWorlds/Space Station/Sci Fi Base/DemoScene/FreeUnusedStuff_DEPRECATED/Mesh/Materials/MetalRust00.mat
  artifactKey: Guid(f356374225e6635458fd9b8a01fe1063) Importer(815301076,1909f56bfc062723c751e8b465ee728b)
Start importing Assets/ManyWorlds/Space Station/Sci Fi Base/DemoScene/FreeUnusedStuff_DEPRECATED/Mesh/Materials/MetalRust00.mat using Guid(f356374225e6635458fd9b8a01fe1063) Importer(815301076,1909f56bfc062723c751e8b465ee728b)  -> (artifact id: 'c26c9bcab887356b86af1532fc6bad03') in 0.016971 seconds 
========================================================================
Received Import Request.
  Time since last request: 0.000028 seconds.
  path: Assets/ManyWorlds/Space Station/Sci Fi Base/DemoScene/FreeUnusedStuff_DEPRECATED/Mesh/Materials/MetalFloor00.mat
  artifactKey: Guid(f82d9dadb6c5c7647b1631751edf19e0) Importer(815301076,1909f56bfc062723c751e8b465ee728b)
Start importing Assets/ManyWorlds/Space Station/Sci Fi Base/DemoScene/FreeUnusedStuff_DEPRECATED/Mesh/Materials/MetalFloor00.mat using Guid(f82d9dadb6c5c7647b1631751edf19e0) Importer(815301076,1909f56bfc062723c751e8b465ee728b)  -> (artifact id: '2ff5d08d4ef816b8a5ed38c69eeba19c') in 0.015303 seconds 
========================================================================
Received Import Request.
  Time since last request: 0.000018 seconds.
  path: Assets/ManyWorlds/Space Station/Sci Fi Base/Mesh/Materials/MDoor_WhitePlastic.mat
  artifactKey: Guid(65eb391c5ad864246a1ff983fdf1d6de) Importer(815301076,1909f56bfc062723c751e8b465ee728b)
Start importing Assets/ManyWorlds/Space Station/Sci Fi Base/Mesh/Materials/MDoor_WhitePlastic.mat using Guid(65eb391c5ad864246a1ff983fdf1d6de) Importer(815301076,1909f56bfc062723c751e8b465ee728b)  -> (artifact id: '7483f6bad8617b7d649bd45069c0200b') in 0.013017 seconds 
========================================================================
Received Import Request.
  Time since last request: 0.000017 seconds.
  path: Assets/ManyWorlds/Space Station/Sci Fi Base/Mesh/Materials/MDoorR_DoorGreyRubber01.mat
  artifactKey: Guid(bd00f5dd17de2134482397e3ceef072e) Importer(815301076,1909f56bfc062723c751e8b465ee728b)
Start importing Assets/ManyWorlds/Space Station/Sci Fi Base/Mesh/Materials/MDoorR_DoorGreyRubber01.mat using Guid(bd00f5dd17de2134482397e3ceef072e) Importer(815301076,1909f56bfc062723c751e8b465ee728b)  -> (artifact id: 'c72299546c7eb1cbc580c47a55b525cc') in 0.013007 seconds 
========================================================================
Received Import Request.
  Time since last request: 0.000017 seconds.
  path: Assets/ManyWorlds/Space Station/Sci Fi Base/DemoScene/FreeUnusedStuff_DEPRECATED/Mesh/Materials/MetalBare00.mat
  artifactKey: Guid(a1e60bd732d0c6b428e25111c6d4a600) Importer(815301076,1909f56bfc062723c751e8b465ee728b)
Start importing Assets/ManyWorlds/Space Station/Sci Fi Base/DemoScene/FreeUnusedStuff_DEPRECATED/Mesh/Materials/MetalBare00.mat using Guid(a1e60bd732d0c6b428e25111c6d4a600) Importer(815301076,1909f56bfc062723c751e8b465ee728b)  -> (artifact id: '6bb20d28cd5b9e5617b43a0129d660cf') in 0.015885 seconds 
========================================================================
Received Import Request.
  Time since last request: 0.000018 seconds.
  path: Assets/ManyWorlds/Space Station/Sci Fi Base/DemoScene/FreeUnusedStuff_DEPRECATED/Mesh/Materials/MetalRust01.mat
  artifactKey: Guid(edeab39006aa16f4d92f0743605b38a2) Importer(815301076,1909f56bfc062723c751e8b465ee728b)
Start importing Assets/ManyWorlds/Space Station/Sci Fi Base/DemoScene/FreeUnusedStuff_DEPRECATED/Mesh/Materials/MetalRust01.mat using Guid(edeab39006aa16f4d92f0743605b38a2) Importer(815301076,1909f56bfc062723c751e8b465ee728b)  -> (artifact id: '55987144e97d8d29b230b3ef4b0c53b2') in 0.017093 seconds 
========================================================================
Received Import Request.
  Time since last request: 0.000023 seconds.
  path: Assets/ManyWorlds/Space Station/Sci Fi Base/DemoScene/FreeUnusedStuff_DEPRECATED/Mesh/Materials/MetalPlanks02.mat
  artifactKey: Guid(65f05005db9d35d41b1554210ca2376b) Importer(815301076,1909f56bfc062723c751e8b465ee728b)
Start importing Assets/ManyWorlds/Space Station/Sci Fi Base/DemoScene/FreeUnusedStuff_DEPRECATED/Mesh/Materials/MetalPlanks02.mat using Guid(65f05005db9d35d41b1554210ca2376b) Importer(815301076,1909f56bfc062723c751e8b465ee728b)  -> (artifact id: 'dd483754c52d7a938eeb8db015114290') in 0.016185 seconds 
========================================================================
Received Import Request.
  Time since last request: 0.000024 seconds.
  path: Assets/ManyWorlds/Space Station/Sci Fi Base/Mesh/Materials/MDoorR_DoorWhiteLight01.mat
  artifactKey: Guid(d5e59bb79ee707541a61db79fb2e2ad5) Importer(815301076,1909f56bfc062723c751e8b465ee728b)
Start importing Assets/ManyWorlds/Space Station/Sci Fi Base/Mesh/Materials/MDoorR_DoorWhiteLight01.mat using Guid(d5e59bb79ee707541a61db79fb2e2ad5) Importer(815301076,1909f56bfc062723c751e8b465ee728b)  -> (artifact id: '6d80668f92bb64fe496ab49a23c8a690') in 0.011047 seconds 
========================================================================
Received Import Request.
  Time since last request: 0.000019 seconds.
  path: Assets/ManyWorlds/Space Station/Sci Fi Base/DemoScene/FreeUnusedStuff_DEPRECATED/Mesh/Materials/MetalBeam00.mat
  artifactKey: Guid(6bb64b2f09a4c5a45b56fa98f0871fc8) Importer(815301076,1909f56bfc062723c751e8b465ee728b)
Start importing Assets/ManyWorlds/Space Station/Sci Fi Base/DemoScene/FreeUnusedStuff_DEPRECATED/Mesh/Materials/MetalBeam00.mat using Guid(6bb64b2f09a4c5a45b56fa98f0871fc8) Importer(815301076,1909f56bfc062723c751e8b465ee728b)  -> (artifact id: 'ea326252633f3eed28df5054241c8af0') in 0.017403 seconds 
========================================================================
Received Import Request.
  Time since last request: 0.000041 seconds.
  path: Assets/ManyWorlds/Space Station/Sci Fi Base/DemoScene/FreeUnusedStuff_DEPRECATED/Mesh/Materials/MetalBeansPainted00.mat
  artifactKey: Guid(ab46c85f7e65fae458d1a6ce408f23a3) Importer(815301076,1909f56bfc062723c751e8b465ee728b)
Start importing Assets/ManyWorlds/Space Station/Sci Fi Base/DemoScene/FreeUnusedStuff_DEPRECATED/Mesh/Materials/MetalBeansPainted00.mat using Guid(ab46c85f7e65fae458d1a6ce408f23a3) Importer(815301076,1909f56bfc062723c751e8b465ee728b)  -> (artifact id: '1bd6927b129394edee965292c8ef1355') in 0.017312 seconds 
========================================================================
Received Import Request.
  Time since last request: 0.039115 seconds.
  path: Assets/ManyWorlds/Space Station/Sci Fi Base/Mesh/Materials/Material #25.mat
  artifactKey: Guid(4f647d4e38d260d45ac5cf63c90f3174) Importer(815301076,1909f56bfc062723c751e8b465ee728b)
Start importing Assets/ManyWorlds/Space Station/Sci Fi Base/Mesh/Materials/Material #25.mat using Guid(4f647d4e38d260d45ac5cf63c90f3174) Importer(815301076,1909f56bfc062723c751e8b465ee728b)  -> (artifact id: '797575f1ced5469794eb64805cfb0489') in 0.012816 seconds 
========================================================================
Received Import Request.
  Time since last request: 0.000021 seconds.
  path: Assets/ManyWorlds/Space Station/Sci Fi Base/Mesh/Materials/MDoor_WhiteLight00.mat
  artifactKey: Guid(15974c9dd313f4a459afdafe554a3c4b) Importer(815301076,1909f56bfc062723c751e8b465ee728b)
Start importing Assets/ManyWorlds/Space Station/Sci Fi Base/Mesh/Materials/MDoor_WhiteLight00.mat using Guid(15974c9dd313f4a459afdafe554a3c4b) Importer(815301076,1909f56bfc062723c751e8b465ee728b)  -> (artifact id: '5edede6b8fded30ead062edc6be1b487') in 0.013336 seconds 
========================================================================
Received Import Request.
  Time since last request: 0.000026 seconds.
  path: Assets/ManyWorlds/Space Station/Sci Fi Base/Mesh/Materials/Main3_WhitePlastic.mat
  artifactKey: Guid(6c06e524897b2884c9d5c344106a7409) Importer(815301076,1909f56bfc062723c751e8b465ee728b)
Start importing Assets/ManyWorlds/Space Station/Sci Fi Base/Mesh/Materials/Main3_WhitePlastic.mat using Guid(6c06e524897b2884c9d5c344106a7409) Importer(815301076,1909f56bfc062723c751e8b465ee728b)  -> (artifact id: 'ca1310f61230f144f69082030936e2e7') in 0.012834 seconds 
========================================================================
Received Import Request.
  Time since last request: 0.000029 seconds.
  path: Assets/ManyWorlds/Space Station/Sci Fi Base/Mesh/Materials/M_rub.mat
  artifactKey: Guid(a82260519b452d34c8e6d38fde526e2b) Importer(815301076,1909f56bfc062723c751e8b465ee728b)
Start importing Assets/ManyWorlds/Space Station/Sci Fi Base/Mesh/Materials/M_rub.mat using Guid(a82260519b452d34c8e6d38fde526e2b) Importer(815301076,1909f56bfc062723c751e8b465ee728b)  -> (artifact id: '432a4e31d383d0e19d4ffa616c9cbd19') in 0.013851 seconds 
========================================================================
Received Import Request.
  Time since last request: 0.000022 seconds.
  path: Assets/ManyWorlds/Space Station/Sci Fi Base/Mesh/Materials/m_mat_salas_cristal_cama.mat
  artifactKey: Guid(5f785a35e2a38f94783208ccc0979267) Importer(815301076,1909f56bfc062723c751e8b465ee728b)
Start importing Assets/ManyWorlds/Space Station/Sci Fi Base/Mesh/Materials/m_mat_salas_cristal_cama.mat using Guid(5f785a35e2a38f94783208ccc0979267) Importer(815301076,1909f56bfc062723c751e8b465ee728b)  -> (artifact id: 'b54177cabc00477265d462a98e7c5850') in 0.013696 seconds 
========================================================================
Received Import Request.
  Time since last request: 0.000028 seconds.
  path: Assets/ManyWorlds/Space Station/Sci Fi Base/Mesh/Materials/m_mat_salas_negro_cama.mat
  artifactKey: Guid(89e43520d736f274d96419945a53ab3f) Importer(815301076,1909f56bfc062723c751e8b465ee728b)
Start importing Assets/ManyWorlds/Space Station/Sci Fi Base/Mesh/Materials/m_mat_salas_negro_cama.mat using Guid(89e43520d736f274d96419945a53ab3f) Importer(815301076,1909f56bfc062723c751e8b465ee728b)  -> (artifact id: '33afd640cadec26abf06fd706b3d335b') in 0.014028 seconds 
========================================================================
Received Import Request.
  Time since last request: 0.000019 seconds.
  path: Assets/ManyWorlds/Space Station/Sci Fi Base/DemoScene/FreeUnusedStuff_DEPRECATED/Mesh/Materials/Light00.mat
  artifactKey: Guid(a2bf06c7cb1479049a16deba76d13302) Importer(815301076,1909f56bfc062723c751e8b465ee728b)
Start importing Assets/ManyWorlds/Space Station/Sci Fi Base/DemoScene/FreeUnusedStuff_DEPRECATED/Mesh/Materials/Light00.mat using Guid(a2bf06c7cb1479049a16deba76d13302) Importer(815301076,1909f56bfc062723c751e8b465ee728b)  -> (artifact id: '3294b149a4223ea37a3a6f425cc7b8b2') in 0.024702 seconds 
========================================================================
Received Import Request.
  Time since last request: 0.147457 seconds.
  path: Assets/ManyWorlds/Space Station/Sci Fi Base/Mesh/Materials/GreyRubber00.mat
  artifactKey: Guid(3a93ec137fef64242a7a2c4d9a437200) Importer(815301076,1909f56bfc062723c751e8b465ee728b)
Start importing Assets/ManyWorlds/Space Station/Sci Fi Base/Mesh/Materials/GreyRubber00.mat using Guid(3a93ec137fef64242a7a2c4d9a437200) Importer(815301076,1909f56bfc062723c751e8b465ee728b)  -> (artifact id: 'f145d9532afb04026b52dca18926dda0') in 0.011537 seconds 
========================================================================
Received Import Request.
  Time since last request: 0.000055 seconds.
  path: Assets/ManyWorlds/Space Station/Sci Fi Base/Mesh/Materials/Fuel.mat
  artifactKey: Guid(bdb552515a6ab1f49b7a1daad5f32c05) Importer(815301076,1909f56bfc062723c751e8b465ee728b)
Start importing Assets/ManyWorlds/Space Station/Sci Fi Base/Mesh/Materials/Fuel.mat using Guid(bdb552515a6ab1f49b7a1daad5f32c05) Importer(815301076,1909f56bfc062723c751e8b465ee728b)  -> (artifact id: '73602aafedf9d7e9714f17fb4065c32b') in 0.014116 seconds 
========================================================================
Received Import Request.
  Time since last request: 0.025231 seconds.
  path: Assets/ManyWorlds/Space Station/Sci Fi Base/Mesh/Materials/EC_blackrubber.mat
  artifactKey: Guid(e6173c13ab09c8e4d8228ba526009a48) Importer(815301076,1909f56bfc062723c751e8b465ee728b)
Start importing Assets/ManyWorlds/Space Station/Sci Fi Base/Mesh/Materials/EC_blackrubber.mat using Guid(e6173c13ab09c8e4d8228ba526009a48) Importer(815301076,1909f56bfc062723c751e8b465ee728b)  -> (artifact id: 'a91753fcf7bb822d63f7cf6ef528c0f5') in 0.012820 seconds 
========================================================================
Received Import Request.
  Time since last request: 0.162391 seconds.
  path: Assets/ManyWorlds/Space Station/Sci Fi Base/Mesh/Materials/DoorWhiteLight00.mat
  artifactKey: Guid(da0020d652bd7b54aaa0c7be60ace089) Importer(815301076,1909f56bfc062723c751e8b465ee728b)
Start importing Assets/ManyWorlds/Space Station/Sci Fi Base/Mesh/Materials/DoorWhiteLight00.mat using Guid(da0020d652bd7b54aaa0c7be60ace089) Importer(815301076,1909f56bfc062723c751e8b465ee728b)  -> (artifact id: '208fa96758eb38682293a5dc5a44d487') in 0.012353 seconds 
========================================================================
Received Import Request.
  Time since last request: 0.000024 seconds.
  path: Assets/ManyWorlds/Space Station/Sci Fi Base/Mesh/Materials/EC_autoilum.mat
  artifactKey: Guid(9b2b5c4b2b51ad04fb22806290f3b0a8) Importer(815301076,1909f56bfc062723c751e8b465ee728b)
Start importing Assets/ManyWorlds/Space Station/Sci Fi Base/Mesh/Materials/EC_autoilum.mat using Guid(9b2b5c4b2b51ad04fb22806290f3b0a8) Importer(815301076,1909f56bfc062723c751e8b465ee728b)  -> (artifact id: 'f4d4bd32268329b59946333d5d377e82') in 0.012704 seconds 
========================================================================
Received Import Request.
  Time since last request: 0.000026 seconds.
  path: Assets/ManyWorlds/Space Station/Sci Fi Base/Mesh/Materials/Doorwindow.mat
  artifactKey: Guid(4b9ffd8f14c1aa840a321e3018240939) Importer(815301076,1909f56bfc062723c751e8b465ee728b)
Start importing Assets/ManyWorlds/Space Station/Sci Fi Base/Mesh/Materials/Doorwindow.mat using Guid(4b9ffd8f14c1aa840a321e3018240939) Importer(815301076,1909f56bfc062723c751e8b465ee728b)  -> (artifact id: '6d62d3488f82326570ba65a12ea8d1d4') in 0.012794 seconds 
========================================================================
Received Import Request.
  Time since last request: 0.000019 seconds.
  path: Assets/ManyWorlds/Space Station/Sci Fi Base/Mesh/Materials/doors_plasticdoor.mat
  artifactKey: Guid(843a4511f11c0e34a9b7e727dcee174b) Importer(815301076,1909f56bfc062723c751e8b465ee728b)
Start importing Assets/ManyWorlds/Space Station/Sci Fi Base/Mesh/Materials/doors_plasticdoor.mat using Guid(843a4511f11c0e34a9b7e727dcee174b) Importer(815301076,1909f56bfc062723c751e8b465ee728b)  -> (artifact id: '837810040938a04a870d447f36c1427e') in 0.012978 seconds 
========================================================================
Received Import Request.
  Time since last request: 0.000020 seconds.
  path: Assets/ManyWorlds/Space Station/Sci Fi Base/Mesh/Materials/doors_doBlackrubber.mat
  artifactKey: Guid(2a7a2f74f797945458f0c2d3c84f4942) Importer(815301076,1909f56bfc062723c751e8b465ee728b)
Start importing Assets/ManyWorlds/Space Station/Sci Fi Base/Mesh/Materials/doors_doBlackrubber.mat using Guid(2a7a2f74f797945458f0c2d3c84f4942) Importer(815301076,1909f56bfc062723c751e8b465ee728b)  -> (artifact id: 'd4e46173011e67246ad68273d1acc618') in 0.015002 seconds 
========================================================================
Received Import Request.
  Time since last request: 0.000018 seconds.
  path: Assets/ManyWorlds/Space Station/Sci Fi Base/Mesh/Materials/Doors2_plastic.mat
  artifactKey: Guid(626eaeae5d941e340ab822b906dcbf33) Importer(815301076,1909f56bfc062723c751e8b465ee728b)
Start importing Assets/ManyWorlds/Space Station/Sci Fi Base/Mesh/Materials/Doors2_plastic.mat using Guid(626eaeae5d941e340ab822b906dcbf33) Importer(815301076,1909f56bfc062723c751e8b465ee728b)  -> (artifact id: '43389db48ea200e02389d224a2e0de95') in 0.016309 seconds 
========================================================================
Received Import Request.
  Time since last request: 0.000029 seconds.
  path: Assets/ManyWorlds/Space Station/Sci Fi Base/Mesh/Materials/doors_autoilumdoor.mat
  artifactKey: Guid(e6a9867609cd9a64b8ac11d4a82e9a65) Importer(815301076,1909f56bfc062723c751e8b465ee728b)
Start importing Assets/ManyWorlds/Space Station/Sci Fi Base/Mesh/Materials/doors_autoilumdoor.mat using Guid(e6a9867609cd9a64b8ac11d4a82e9a65) Importer(815301076,1909f56bfc062723c751e8b465ee728b)  -> (artifact id: 'a08e37078c6005a35ffe0eaee4f112b5') in 0.013815 seconds 
========================================================================
Received Import Request.
  Time since last request: 0.000028 seconds.
  path: Assets/ManyWorlds/Space Station/Sci Fi Base/Mesh/Materials/doors_metalFrame.mat
  artifactKey: Guid(670a02983f262e24792185a59fd316dc) Importer(815301076,1909f56bfc062723c751e8b465ee728b)
Start importing Assets/ManyWorlds/Space Station/Sci Fi Base/Mesh/Materials/doors_metalFrame.mat using Guid(670a02983f262e24792185a59fd316dc) Importer(815301076,1909f56bfc062723c751e8b465ee728b)  -> (artifact id: 'f3bdab7dac9f83b81ffc8ba44356ffaa') in 0.024012 seconds 
========================================================================
Received Import Request.
  Time since last request: 0.000022 seconds.
  path: Assets/ManyWorlds/Space Station/Sci Fi Base/Mesh/Materials/Doors2_rubber.mat
  artifactKey: Guid(45e1c7b5d6725a241adb8511008dee67) Importer(815301076,1909f56bfc062723c751e8b465ee728b)
Start importing Assets/ManyWorlds/Space Station/Sci Fi Base/Mesh/Materials/Doors2_rubber.mat using Guid(45e1c7b5d6725a241adb8511008dee67) Importer(815301076,1909f56bfc062723c751e8b465ee728b)  -> (artifact id: '397ebe34d8d9185d3e643d0091a54f1d') in 0.013189 seconds 
========================================================================
Received Import Request.
  Time since last request: 0.000024 seconds.
  path: Assets/ManyWorlds/Space Station/Sci Fi Base/Mesh/Materials/doors_plastic1.mat
  artifactKey: Guid(0053fd7102b7f6e48aeb3a0c0789ed8d) Importer(815301076,1909f56bfc062723c751e8b465ee728b)
Start importing Assets/ManyWorlds/Space Station/Sci Fi Base/Mesh/Materials/doors_plastic1.mat using Guid(0053fd7102b7f6e48aeb3a0c0789ed8d) Importer(815301076,1909f56bfc062723c751e8b465ee728b)  -> (artifact id: '926f4f2161440e15e70f7cf9144227c5') in 0.013215 seconds 
========================================================================
Received Import Request.
  Time since last request: 0.063754 seconds.
  path: Assets/ManyWorlds/Space Station/Sci Fi Base/Mesh/Materials/DoorGreyRubber00.mat
  artifactKey: Guid(f202fffcd14ceba47914c3a5e361ae67) Importer(815301076,1909f56bfc062723c751e8b465ee728b)
Start importing Assets/ManyWorlds/Space Station/Sci Fi Base/Mesh/Materials/DoorGreyRubber00.mat using Guid(f202fffcd14ceba47914c3a5e361ae67) Importer(815301076,1909f56bfc062723c751e8b465ee728b)  -> (artifact id: '6797806be092006d89dbb009b98362f8') in 0.012630 seconds 
========================================================================
Received Import Request.
  Time since last request: 0.000017 seconds.
  path: Assets/ManyWorlds/Space Station/Sci Fi Base/Mesh/Materials/Doors2_Blackrubber.mat
  artifactKey: Guid(bc61784e24fbcb54fa7a0ba4649b93a3) Importer(815301076,1909f56bfc062723c751e8b465ee728b)
Start importing Assets/ManyWorlds/Space Station/Sci Fi Base/Mesh/Materials/Doors2_Blackrubber.mat using Guid(bc61784e24fbcb54fa7a0ba4649b93a3) Importer(815301076,1909f56bfc062723c751e8b465ee728b)  -> (artifact id: '0c6d4616c733f5e6f82636e95faa3deb') in 0.016069 seconds 
========================================================================
Received Import Request.
  Time since last request: 0.023157 seconds.
  path: Assets/ManyWorlds/Space Station/Sci Fi Base/Mesh/Materials/CX_light.mat
  artifactKey: Guid(d16c03df3ee49234989b563614b5f3d3) Importer(815301076,1909f56bfc062723c751e8b465ee728b)
Start importing Assets/ManyWorlds/Space Station/Sci Fi Base/Mesh/Materials/CX_light.mat using Guid(d16c03df3ee49234989b563614b5f3d3) Importer(815301076,1909f56bfc062723c751e8b465ee728b)  -> (artifact id: 'b93817524034b8b60a4d222eb38ee2b6') in 0.012306 seconds 
========================================================================
Received Import Request.
  Time since last request: 0.000022 seconds.
  path: Assets/ManyWorlds/Space Station/Sci Fi Base/Mesh/Materials/Door_hex_GreyRubber01.mat
  artifactKey: Guid(a3c0db0428ef52a40aad8b6459c4634c) Importer(815301076,1909f56bfc062723c751e8b465ee728b)
Start importing Assets/ManyWorlds/Space Station/Sci Fi Base/Mesh/Materials/Door_hex_GreyRubber01.mat using Guid(a3c0db0428ef52a40aad8b6459c4634c) Importer(815301076,1909f56bfc062723c751e8b465ee728b)  -> (artifact id: '09528d43fee0a5585f82669fb5fd5a07') in 0.016167 seconds 
========================================================================
Received Import Request.
  Time since last request: 0.000021 seconds.
  path: Assets/ManyWorlds/Space Station/Sci Fi Base/Mesh/Materials/CX_windows.mat
  artifactKey: Guid(3475768a4215d1d4088586f041f9f7cb) Importer(815301076,1909f56bfc062723c751e8b465ee728b)
Start importing Assets/ManyWorlds/Space Station/Sci Fi Base/Mesh/Materials/CX_windows.mat using Guid(3475768a4215d1d4088586f041f9f7cb) Importer(815301076,1909f56bfc062723c751e8b465ee728b)  -> (artifact id: '1c314892800ebca708e27ef607f130e0') in 0.015885 seconds 
========================================================================
Received Import Request.
  Time since last request: 0.000063 seconds.
  path: Assets/ManyWorlds/Space Station/Sci Fi Base/Mesh/Materials/Door_hex_WhitePlastic1.mat
  artifactKey: Guid(aecf86ee5a1d8e4449e7ced0b9b523fa) Importer(815301076,1909f56bfc062723c751e8b465ee728b)
Start importing Assets/ManyWorlds/Space Station/Sci Fi Base/Mesh/Materials/Door_hex_WhitePlastic1.mat using Guid(aecf86ee5a1d8e4449e7ced0b9b523fa) Importer(815301076,1909f56bfc062723c751e8b465ee728b)  -> (artifact id: '28bce5efc116d53f0f278fb950ab6191') in 0.013273 seconds 
========================================================================
Received Import Request.
  Time since last request: 0.000022 seconds.
  path: Assets/ManyWorlds/Space Station/Sci Fi Base/DemoScene/FreeUnusedStuff_DEPRECATED/Mesh/Materials/Dirt01.mat
  artifactKey: Guid(84d98566e08bae24fb1db683f70a1e07) Importer(815301076,1909f56bfc062723c751e8b465ee728b)
Start importing Assets/ManyWorlds/Space Station/Sci Fi Base/DemoScene/FreeUnusedStuff_DEPRECATED/Mesh/Materials/Dirt01.mat using Guid(84d98566e08bae24fb1db683f70a1e07) Importer(815301076,1909f56bfc062723c751e8b465ee728b)  -> (artifact id: '18897a7d1dd0c03758b784c669c8d4c0') in 0.019848 seconds 
========================================================================
Received Import Request.
  Time since last request: 0.000021 seconds.
  path: Assets/ManyWorlds/Space Station/Sci Fi Base/Mesh/Materials/CX_frameblack.mat
  artifactKey: Guid(58b35ca6c9857554db7478a229ec509d) Importer(815301076,1909f56bfc062723c751e8b465ee728b)
Start importing Assets/ManyWorlds/Space Station/Sci Fi Base/Mesh/Materials/CX_frameblack.mat using Guid(58b35ca6c9857554db7478a229ec509d) Importer(815301076,1909f56bfc062723c751e8b465ee728b)  -> (artifact id: '81085f8d8f5a5a5f22365872f8a32ba3') in 0.013693 seconds 
========================================================================
Received Import Request.
  Time since last request: 0.000025 seconds.
  path: Assets/ManyWorlds/Space Station/Sci Fi Base/Mesh/Materials/CX_indoorplastic.mat
  artifactKey: Guid(d5df375dae06696489d3f2c598863c43) Importer(815301076,1909f56bfc062723c751e8b465ee728b)
Start importing Assets/ManyWorlds/Space Station/Sci Fi Base/Mesh/Materials/CX_indoorplastic.mat using Guid(d5df375dae06696489d3f2c598863c43) Importer(815301076,1909f56bfc062723c751e8b465ee728b)  -> (artifact id: '495e8fff8b012b19ed32cfbda2094ca0') in 0.014520 seconds 
========================================================================
Received Import Request.
  Time since last request: 0.000036 seconds.
  path: Assets/ManyWorlds/Space Station/Sci Fi Base/Mesh/Materials/CX_doorframerubber.mat
  artifactKey: Guid(81a6a56afb747084aabcef42eed10929) Importer(815301076,1909f56bfc062723c751e8b465ee728b)
Start importing Assets/ManyWorlds/Space Station/Sci Fi Base/Mesh/Materials/CX_doorframerubber.mat using Guid(81a6a56afb747084aabcef42eed10929) Importer(815301076,1909f56bfc062723c751e8b465ee728b)  -> (artifact id: '772c4e28caabf7891fc3d63d5102b885') in 0.014744 seconds 
========================================================================
Received Import Request.
  Time since last request: 0.042858 seconds.
  path: Assets/ManyWorlds/Space Station/Sci Fi Base/Mesh/Materials/CX_blackrubber.mat
  artifactKey: Guid(bd41c3a416188de47bb536ffde705f62) Importer(815301076,1909f56bfc062723c751e8b465ee728b)
Start importing Assets/ManyWorlds/Space Station/Sci Fi Base/Mesh/Materials/CX_blackrubber.mat using Guid(bd41c3a416188de47bb536ffde705f62) Importer(815301076,1909f56bfc062723c751e8b465ee728b)  -> (artifact id: 'f7be901150ae337034b27030d5a7430f') in 0.012859 seconds 
========================================================================
Received Import Request.
  Time since last request: 0.000024 seconds.
  path: Assets/ManyWorlds/Space Station/Sci Fi Base/Mesh/Materials/CX_doorframe.mat
  artifactKey: Guid(b5eb7c31f67e0d541a5c4deb432ac42b) Importer(815301076,1909f56bfc062723c751e8b465ee728b)
Start importing Assets/ManyWorlds/Space Station/Sci Fi Base/Mesh/Materials/CX_doorframe.mat using Guid(b5eb7c31f67e0d541a5c4deb432ac42b) Importer(815301076,1909f56bfc062723c751e8b465ee728b)  -> (artifact id: 'c7a26e64b1dfefc98a077e7b507d9b05') in 0.012573 seconds 
========================================================================
Received Import Request.
  Time since last request: 0.000023 seconds.
  path: Assets/ManyWorlds/Space Station/Sci Fi Base/Mesh/Materials/CX_doorframelight.mat
  artifactKey: Guid(2843fe0161e4cde40b175c2801ee8187) Importer(815301076,1909f56bfc062723c751e8b465ee728b)
Start importing Assets/ManyWorlds/Space Station/Sci Fi Base/Mesh/Materials/CX_doorframelight.mat using Guid(2843fe0161e4cde40b175c2801ee8187) Importer(815301076,1909f56bfc062723c751e8b465ee728b)  -> (artifact id: '54a8c59eaba163e2258ff9c46c838e73') in 0.012426 seconds 
========================================================================
Received Import Request.
  Time since last request: 0.000023 seconds.
  path: Assets/ManyWorlds/Space Station/Sci Fi Base/Mesh/Materials/CT_insidewalls.mat
  artifactKey: Guid(60bad3ebbddc5314ea88e011b3367185) Importer(815301076,1909f56bfc062723c751e8b465ee728b)
Start importing Assets/ManyWorlds/Space Station/Sci Fi Base/Mesh/Materials/CT_insidewalls.mat using Guid(60bad3ebbddc5314ea88e011b3367185) Importer(815301076,1909f56bfc062723c751e8b465ee728b)  -> (artifact id: '437ae0ef82fa0adb4dd1bbd1ae4674cf') in 0.015910 seconds 
========================================================================
Received Import Request.
  Time since last request: 0.000027 seconds.
  path: Assets/ManyWorlds/Space Station/Sci Fi Base/Mesh/Materials/CT_indoorplastic.mat
  artifactKey: Guid(f27a5af0fc032884285d6f61867eaf8b) Importer(815301076,1909f56bfc062723c751e8b465ee728b)
Start importing Assets/ManyWorlds/Space Station/Sci Fi Base/Mesh/Materials/CT_indoorplastic.mat using Guid(f27a5af0fc032884285d6f61867eaf8b) Importer(815301076,1909f56bfc062723c751e8b465ee728b)  -> (artifact id: '7558d6df70bda6593851df563ba75226') in 0.014613 seconds 
========================================================================
Received Import Request.
  Time since last request: 0.000029 seconds.
  path: Assets/ManyWorlds/Space Station/Sci Fi Base/Mesh/Materials/CT_light.mat
  artifactKey: Guid(5c853f96d012b8144a7b84d88a7328df) Importer(815301076,1909f56bfc062723c751e8b465ee728b)
Start importing Assets/ManyWorlds/Space Station/Sci Fi Base/Mesh/Materials/CT_light.mat using Guid(5c853f96d012b8144a7b84d88a7328df) Importer(815301076,1909f56bfc062723c751e8b465ee728b)  -> (artifact id: '99d7f9b249d0ee6591b0efde2891c56b') in 0.012326 seconds 
========================================================================
Received Import Request.
  Time since last request: 0.000030 seconds.
  path: Assets/ManyWorlds/Space Station/Sci Fi Base/Mesh/Materials/CT_metalframe.mat
  artifactKey: Guid(4a1b47f999c247c45be51a6c5d6b088e) Importer(815301076,1909f56bfc062723c751e8b465ee728b)
Start importing Assets/ManyWorlds/Space Station/Sci Fi Base/Mesh/Materials/CT_metalframe.mat using Guid(4a1b47f999c247c45be51a6c5d6b088e) Importer(815301076,1909f56bfc062723c751e8b465ee728b)  -> (artifact id: '180af4ae0e11c5512fc66c5f7dea84b4') in 0.013525 seconds 
========================================================================
Received Import Request.
  Time since last request: 0.000019 seconds.
  path: Assets/ManyWorlds/Space Station/Sci Fi Base/Mesh/Materials/CT_window.mat
  artifactKey: Guid(3c223edb00ac5f04292f9d8b86fde5d4) Importer(815301076,1909f56bfc062723c751e8b465ee728b)
Start importing Assets/ManyWorlds/Space Station/Sci Fi Base/Mesh/Materials/CT_window.mat using Guid(3c223edb00ac5f04292f9d8b86fde5d4) Importer(815301076,1909f56bfc062723c751e8b465ee728b)  -> (artifact id: '43f50604f8de0a30e6674db31919b8ec') in 0.014892 seconds 
========================================================================
Received Import Request.
  Time since last request: 0.000024 seconds.
  path: Assets/ManyWorlds/Space Station/Sci Fi Base/Mesh/Materials/CT_doorframelight.mat
  artifactKey: Guid(e67680653829a7444b27fadf24976b4c) Importer(815301076,1909f56bfc062723c751e8b465ee728b)
Start importing Assets/ManyWorlds/Space Station/Sci Fi Base/Mesh/Materials/CT_doorframelight.mat using Guid(e67680653829a7444b27fadf24976b4c) Importer(815301076,1909f56bfc062723c751e8b465ee728b)  -> (artifact id: '77656ad6cdde3ba71419e5e424231d2d') in 0.015830 seconds 
========================================================================
Received Import Request.
  Time since last request: 0.000020 seconds.
  path: Assets/ManyWorlds/Space Station/Sci Fi Base/Mesh/Materials/CT_Brubber.mat
  artifactKey: Guid(907e963d8fc844d42a672f7d09cb1090) Importer(815301076,1909f56bfc062723c751e8b465ee728b)
Start importing Assets/ManyWorlds/Space Station/Sci Fi Base/Mesh/Materials/CT_Brubber.mat using Guid(907e963d8fc844d42a672f7d09cb1090) Importer(815301076,1909f56bfc062723c751e8b465ee728b)  -> (artifact id: '37e27e3d843bf7bb709079b90c37a648') in 0.016555 seconds 
========================================================================
Received Import Request.
  Time since last request: 0.000022 seconds.
  path: Assets/ManyWorlds/Space Station/Sci Fi Base/Mesh/Materials/CT_frameblack.mat
  artifactKey: Guid(e3ec05e9a3eabb44b904483461d570fb) Importer(815301076,1909f56bfc062723c751e8b465ee728b)
Start importing Assets/ManyWorlds/Space Station/Sci Fi Base/Mesh/Materials/CT_frameblack.mat using Guid(e3ec05e9a3eabb44b904483461d570fb) Importer(815301076,1909f56bfc062723c751e8b465ee728b)  -> (artifact id: '309ac981753f55c43e952e2b2d56acfb') in 0.012711 seconds 
========================================================================
Received Import Request.
  Time since last request: 0.000020 seconds.
  path: Assets/ManyWorlds/Space Station/Sci Fi Base/Mesh/Materials/CT_doorframerubber.mat
  artifactKey: Guid(c2f576757b70ce149ba15008eb250d3a) Importer(815301076,1909f56bfc062723c751e8b465ee728b)
Start importing Assets/ManyWorlds/Space Station/Sci Fi Base/Mesh/Materials/CT_doorframerubber.mat using Guid(c2f576757b70ce149ba15008eb250d3a) Importer(815301076,1909f56bfc062723c751e8b465ee728b)  -> (artifact id: '96cbe6da046d54d1e597879a0f69b154') in 0.012295 seconds 
========================================================================
Received Import Request.
  Time since last request: 0.000021 seconds.
  path: Assets/ManyWorlds/Space Station/Sci Fi Base/Mesh/Materials/CT_doorframe.mat
  artifactKey: Guid(c063895835cb3c540a49b5540b19e3ed) Importer(815301076,1909f56bfc062723c751e8b465ee728b)
Start importing Assets/ManyWorlds/Space Station/Sci Fi Base/Mesh/Materials/CT_doorframe.mat using Guid(c063895835cb3c540a49b5540b19e3ed) Importer(815301076,1909f56bfc062723c751e8b465ee728b)  -> (artifact id: 'd03f63fa2fe5d97bfd28d23b3a40663d') in 0.014638 seconds 
========================================================================
Received Import Request.
  Time since last request: 0.021835 seconds.
  path: Assets/ManyWorlds/Space Station/Sci Fi Base/Mesh/Materials/CR1_insidewalls.mat
  artifactKey: Guid(4ccf2ed8722d508439a1a276a349bab9) Importer(815301076,1909f56bfc062723c751e8b465ee728b)
Start importing Assets/ManyWorlds/Space Station/Sci Fi Base/Mesh/Materials/CR1_insidewalls.mat using Guid(4ccf2ed8722d508439a1a276a349bab9) Importer(815301076,1909f56bfc062723c751e8b465ee728b)  -> (artifact id: 'b76bd5c9886f688235773973593e23d9') in 0.015124 seconds 
========================================================================
Received Import Request.
  Time since last request: 0.000023 seconds.
  path: Assets/ManyWorlds/Space Station/Sci Fi Base/Mesh/Materials/Cristal_fuel.mat
  artifactKey: Guid(721f053cb462fed4391ef9035f26afe3) Importer(815301076,1909f56bfc062723c751e8b465ee728b)
Start importing Assets/ManyWorlds/Space Station/Sci Fi Base/Mesh/Materials/Cristal_fuel.mat using Guid(721f053cb462fed4391ef9035f26afe3) Importer(815301076,1909f56bfc062723c751e8b465ee728b)  -> (artifact id: '0f455c82dbe404777626cfd99c219588') in 0.014426 seconds 
========================================================================
Received Import Request.
  Time since last request: 0.000023 seconds.
  path: Assets/ManyWorlds/Space Station/Sci Fi Base/Mesh/Materials/CR2_Brubber.mat
  artifactKey: Guid(2c5ca445cee777046bda1477bb2fc218) Importer(815301076,1909f56bfc062723c751e8b465ee728b)
Start importing Assets/ManyWorlds/Space Station/Sci Fi Base/Mesh/Materials/CR2_Brubber.mat using Guid(2c5ca445cee777046bda1477bb2fc218) Importer(815301076,1909f56bfc062723c751e8b465ee728b)  -> (artifact id: 'b723acf3799c27f7f5d9fa89bb125055') in 0.015898 seconds 
========================================================================
Received Import Request.
  Time since last request: 0.000035 seconds.
  path: Assets/ManyWorlds/Space Station/Sci Fi Base/DemoScene/FreeUnusedStuff_DEPRECATED/Mesh/Materials/Crystal00.mat
  artifactKey: Guid(d3e8cb8f102311c4caeeb675b8b9a0b5) Importer(815301076,1909f56bfc062723c751e8b465ee728b)
Start importing Assets/ManyWorlds/Space Station/Sci Fi Base/DemoScene/FreeUnusedStuff_DEPRECATED/Mesh/Materials/Crystal00.mat using Guid(d3e8cb8f102311c4caeeb675b8b9a0b5) Importer(815301076,1909f56bfc062723c751e8b465ee728b)  -> (artifact id: '2ff79a941a1de265166993b990fd6049') in 0.012853 seconds 
========================================================================
Received Import Request.
  Time since last request: 0.000026 seconds.
  path: Assets/ManyWorlds/Space Station/Sci Fi Base/Mesh/Materials/CR1_Brubber.mat
  artifactKey: Guid(9f77eb8af6b28744f880d254e6ff8695) Importer(815301076,1909f56bfc062723c751e8b465ee728b)
Start importing Assets/ManyWorlds/Space Station/Sci Fi Base/Mesh/Materials/CR1_Brubber.mat using Guid(9f77eb8af6b28744f880d254e6ff8695) Importer(815301076,1909f56bfc062723c751e8b465ee728b)  -> (artifact id: 'c0b6a338d6022cac697bd687163c2d13') in 0.014322 seconds 
========================================================================
Received Import Request.
  Time since last request: 0.000022 seconds.
  path: Assets/ManyWorlds/Space Station/Sci Fi Base/Mesh/Materials/CH_windows.mat
  artifactKey: Guid(6f3e9af30b461ee49ab9089f98cc8aa7) Importer(815301076,1909f56bfc062723c751e8b465ee728b)
Start importing Assets/ManyWorlds/Space Station/Sci Fi Base/Mesh/Materials/CH_windows.mat using Guid(6f3e9af30b461ee49ab9089f98cc8aa7) Importer(815301076,1909f56bfc062723c751e8b465ee728b)  -> (artifact id: 'daff58fe8afac0332d9439c398e0f5ee') in 0.029220 seconds 
========================================================================
Received Import Request.
  Time since last request: 0.134632 seconds.
  path: Assets/ManyWorlds/Space Station/Sci Fi Base/Mesh/Materials/CH_frameblack.mat
  artifactKey: Guid(e6b1abb3d4aee6f44978a2e2eff4f3b2) Importer(815301076,1909f56bfc062723c751e8b465ee728b)
Start importing Assets/ManyWorlds/Space Station/Sci Fi Base/Mesh/Materials/CH_frameblack.mat using Guid(e6b1abb3d4aee6f44978a2e2eff4f3b2) Importer(815301076,1909f56bfc062723c751e8b465ee728b)  -> (artifact id: '706d1fa6c5852060f81ff8e17d4811cb') in 0.029927 seconds 
========================================================================
Received Import Request.
  Time since last request: 0.000033 seconds.
  path: Assets/ManyWorlds/Space Station/Sci Fi Base/Mesh/Materials/CD_windows.mat
  artifactKey: Guid(4cd23664376303d49be2f0e84a719c79) Importer(815301076,1909f56bfc062723c751e8b465ee728b)
Start importing Assets/ManyWorlds/Space Station/Sci Fi Base/Mesh/Materials/CD_windows.mat using Guid(4cd23664376303d49be2f0e84a719c79) Importer(815301076,1909f56bfc062723c751e8b465ee728b)  -> (artifact id: '0383cb10a7bd29c43043839ca792ea88') in 0.268315 seconds 
========================================================================
Received Import Request.
  Time since last request: 40.636503 seconds.
  path: Assets/InGameMap.unity
  artifactKey: Guid(92041b126b4b8734ba17d870746c34e9) Importer(815301076,1909f56bfc062723c751e8b465ee728b)
Start importing Assets/InGameMap.unity using Guid(92041b126b4b8734ba17d870746c34e9) Importer(815301076,1909f56bfc062723c751e8b465ee728b)  -> (artifact id: '7a18ad4593cea6c1e87b8ba422cb0898') in 0.003395 seconds 
========================================================================
Received Import Request.
  Time since last request: 9.697749 seconds.
  path: Assets/Scenes/SampleScene.unity
  artifactKey: Guid(9fc0d4010bbf28b4594072e72b8655ab) Importer(815301076,1909f56bfc062723c751e8b465ee728b)
Start importing Assets/Scenes/SampleScene.unity using Guid(9fc0d4010bbf28b4594072e72b8655ab) Importer(815301076,1909f56bfc062723c751e8b465ee728b)  -> (artifact id: '2ce4fadb55a976500c1179b8622b2906') in 0.003893 seconds 
========================================================================
Received Import Request.
  Time since last request: 29.766432 seconds.
  path: Assets/Scenes/Directional Light.prefab
  artifactKey: Guid(a0bb9cf392fdbbf4896f7afc381b2655) Importer(815301076,1909f56bfc062723c751e8b465ee728b)
Start importing Assets/Scenes/Directional Light.prefab using Guid(a0bb9cf392fdbbf4896f7afc381b2655) Importer(815301076,1909f56bfc062723c751e8b465ee728b)  -> (artifact id: '2372d958c80ca322d4c33354d60d58ec') in 0.013286 seconds 
========================================================================
Received Import Request.
  Time since last request: 67.901058 seconds.
  path: Assets/ManyWorlds/Space Station/Sci Fi Base/Materials/WhiteLight001.mat
  artifactKey: Guid(172cdb3b33fb9224e92de005308f54da) Importer(815301076,1909f56bfc062723c751e8b465ee728b)
Start importing Assets/ManyWorlds/Space Station/Sci Fi Base/Materials/WhiteLight001.mat using Guid(172cdb3b33fb9224e92de005308f54da) Importer(815301076,1909f56bfc062723c751e8b465ee728b)  -> (artifact id: '63b59250cb3126ecb1c66b022ffe44de') in 0.011253 seconds 
========================================================================
Received Import Request.
  Time since last request: 0.016847 seconds.
  path: Assets/ManyWorlds/Space Station/Sci Fi Base/Mesh/Materials/WhitePlastic.mat
  artifactKey: Guid(74110ae0dc2cdb342a2f63f46833304f) Importer(815301076,1909f56bfc062723c751e8b465ee728b)
Start importing Assets/ManyWorlds/Space Station/Sci Fi Base/Mesh/Materials/WhitePlastic.mat using Guid(74110ae0dc2cdb342a2f63f46833304f) Importer(815301076,1909f56bfc062723c751e8b465ee728b)  -> (artifact id: 'c73c154b975d330bdfcbc906b6166a12') in 0.012167 seconds 
========================================================================
Received Import Request.
  Time since last request: 0.000039 seconds.
  path: Assets/ManyWorlds/Space Station/Sci Fi Base/Materials/WhitePlastic2.mat
  artifactKey: Guid(0790e9ee377aa684c87fb254ef481e90) Importer(815301076,1909f56bfc062723c751e8b465ee728b)
Start importing Assets/ManyWorlds/Space Station/Sci Fi Base/Materials/WhitePlastic2.mat using Guid(0790e9ee377aa684c87fb254ef481e90) Importer(815301076,1909f56bfc062723c751e8b465ee728b)  -> (artifact id: 'bba9970c061ff0d55a1acec959d71d41') in 0.012701 seconds 
Editor requested this worker to shutdown with reason: Scaling down because of idle timeout
AssetImportWorker is now disconnected from the server
Process exiting
Exiting without the bug reporter. Application will terminate with return code 0