Using pre-set license
Built from '2021.3/staging' branch; Version is '2021.3.18f1 (3129e69bc0c7) revision 3221990'; Using compiler version '192829333'; Build Type 'Release'
OS: 'Windows 10  (10.0.19044) 64bit Education' Language: 'ko' Physical Memory: 15774 MB
BatchMode: 1, IsHumanControllingUs: 0, StartBugReporterOnCrash: 0, Is64bit: 1, IsPro: 1

COMMAND LINE ARGUMENTS:
C:\Program Files\Unity 2021.3.18f1\Editor\Unity.exe
-adb2
-batchMode
-noUpm
-name
AssetImportWorker3
-projectPath
C:/GitHub/graduate
-logFile
Logs/AssetImportWorker3.log
-srvPort
57694
Successfully changed project path to: C:/GitHub/graduate
C:/GitHub/graduate
[UnityMemory] Configuration Parameters - Can be set up in boot.config
    "memorysetup-bucket-allocator-granularity=16"
    "memorysetup-bucket-allocator-bucket-count=8"
    "memorysetup-bucket-allocator-block-size=33554432"
    "memorysetup-bucket-allocator-block-count=8"
    "memorysetup-main-allocator-block-size=16777216"
    "memorysetup-thread-allocator-block-size=16777216"
    "memorysetup-gfx-main-allocator-block-size=16777216"
    "memorysetup-gfx-thread-allocator-block-size=16777216"
    "memorysetup-cache-allocator-block-size=4194304"
    "memorysetup-typetree-allocator-block-size=2097152"
    "memorysetup-profiler-bucket-allocator-granularity=16"
    "memorysetup-profiler-bucket-allocator-bucket-count=8"
    "memorysetup-profiler-bucket-allocator-block-size=33554432"
    "memorysetup-profiler-bucket-allocator-block-count=8"
    "memorysetup-profiler-allocator-block-size=16777216"
    "memorysetup-profiler-editor-allocator-block-size=1048576"
    "memorysetup-temp-allocator-size-main=16777216"
    "memorysetup-job-temp-allocator-block-size=2097152"
    "memorysetup-job-temp-allocator-block-size-background=1048576"
    "memorysetup-job-temp-allocator-reduction-small-platforms=262144"
    "memorysetup-temp-allocator-size-background-worker=32768"
    "memorysetup-temp-allocator-size-job-worker=262144"
    "memorysetup-temp-allocator-size-preload-manager=33554432"
    "memorysetup-temp-allocator-size-nav-mesh-worker=65536"
    "memorysetup-temp-allocator-size-audio-worker=65536"
    "memorysetup-temp-allocator-size-cloud-worker=32768"
    "memorysetup-temp-allocator-size-gi-baking-worker=262144"
    "memorysetup-temp-allocator-size-gfx=262144"
Player connection [3440] Host "[IP] 169.254.99.81 [Port] 0 [Flags] 2 [Guid] 2998043652 [EditorId] 2998043652 [Version] 1048832 [Id] WindowsEditor(7,DESKTOP-02P3CFR) [Debug] 1 [PackageName] WindowsEditor [ProjectName] Editor" joined multi-casting on [225.0.0.222:54997]...

Player connection [3440] Host "[IP] 169.254.99.81 [Port] 0 [Flags] 2 [Guid] 2998043652 [EditorId] 2998043652 [Version] 1048832 [Id] WindowsEditor(7,DESKTOP-02P3CFR) [Debug] 1 [PackageName] WindowsEditor [ProjectName] Editor" joined alternative multi-casting on [225.0.0.222:34997]...

Refreshing native plugins compatible for Editor in 99.35 ms, found 3 plugins.
Preloading 0 native plugins for Editor in 0.00 ms.
Initialize engine version: 2021.3.18f1 (3129e69bc0c7)
[Subsystems] Discovering subsystems at path C:/Program Files/Unity 2021.3.18f1/Editor/Data/Resources/UnitySubsystems
[Subsystems] Discovering subsystems at path C:/GitHub/graduate/Assets
GfxDevice: creating device client; threaded=0; jobified=0
Direct3D:
    Version:  Direct3D 11.0 [level 11.1]
    Renderer: NVIDIA GeForce RTX 3070 Laptop GPU (ID=0x249d)
    Vendor:   NVIDIA
    VRAM:     8044 MB
    Driver:   30.0.15.1295
Initialize mono
Mono path[0] = 'C:/Program Files/Unity 2021.3.18f1/Editor/Data/Managed'
Mono path[1] = 'C:/Program Files/Unity 2021.3.18f1/Editor/Data/MonoBleedingEdge/lib/mono/unityjit-win32'
Mono config path = 'C:/Program Files/Unity 2021.3.18f1/Editor/Data/MonoBleedingEdge/etc'
Using monoOptions --debugger-agent=transport=dt_socket,embedding=1,server=y,suspend=n,address=127.0.0.1:56156
Begin MonoManager ReloadAssembly
Registering precompiled unity dll's ...
Register platform support module: C:/Program Files/Unity 2021.3.18f1/Editor/Data/PlaybackEngines/WindowsStandaloneSupport/UnityEditor.WindowsStandalone.Extensions.dll
Registered in 0.013168 seconds.
Native extension for WindowsStandalone target not found
Refreshing native plugins compatible for Editor in 74.78 ms, found 3 plugins.
Preloading 0 native plugins for Editor in 0.00 ms.
Mono: successfully reloaded assembly
- Completed reload, in  0.686 seconds
Domain Reload Profiling:
	ReloadAssembly (687ms)
		BeginReloadAssembly (124ms)
			ExecutionOrderSort (0ms)
			DisableScriptedObjects (0ms)
			BackupInstance (0ms)
			ReleaseScriptingObjects (0ms)
			CreateAndSetChildDomain (1ms)
		EndReloadAssembly (430ms)
			LoadAssemblies (120ms)
			RebuildTransferFunctionScriptingTraits (0ms)
			SetupTypeCache (97ms)
			ReleaseScriptCaches (0ms)
			RebuildScriptCaches (23ms)
			SetupLoadedEditorAssemblies (254ms)
				LogAssemblyErrors (0ms)
				InitializePlatformSupportModulesInManaged (9ms)
				SetLoadedEditorAssemblies (0ms)
				RefreshPlugins (75ms)
				BeforeProcessingInitializeOnLoad (1ms)
				ProcessInitializeOnLoadAttributes (116ms)
				ProcessInitializeOnLoadMethodAttributes (53ms)
				AfterProcessingInitializeOnLoad (0ms)
				EditorAssembliesLoaded (0ms)
			ExecutionOrderSort2 (0ms)
			AwakeInstancesAfterBackupRestoration (0ms)
Platform modules already initialized, skipping
Registering precompiled user dll's ...
Registered in 0.010872 seconds.
Begin MonoManager ReloadAssembly
Symbol file LoadedFromMemory doesn't match image C:\GitHub\graduate\Library\PackageCache\com.unity.visualscripting@1.8.0\Editor\VisualScripting.Core\Dependencies\YamlDotNet\Unity.VisualScripting.YamlDotNet.dll
Symbol file LoadedFromMemory doesn't match image C:\GitHub\graduate\Library\PackageCache\com.unity.visualscripting@1.8.0\Editor\VisualScripting.Core\Dependencies\DotNetZip\Unity.VisualScripting.IonicZip.dll
Native extension for WindowsStandalone target not found
Refreshing native plugins compatible for Editor in 0.67 ms, found 3 plugins.
Preloading 0 native plugins for Editor in 0.00 ms.
Mono: successfully reloaded assembly
- Completed reload, in  1.136 seconds
Domain Reload Profiling:
	ReloadAssembly (1137ms)
		BeginReloadAssembly (193ms)
			ExecutionOrderSort (0ms)
			DisableScriptedObjects (5ms)
			BackupInstance (0ms)
			ReleaseScriptingObjects (0ms)
			CreateAndSetChildDomain (20ms)
		EndReloadAssembly (780ms)
			LoadAssemblies (169ms)
			RebuildTransferFunctionScriptingTraits (0ms)
			SetupTypeCache (238ms)
			ReleaseScriptCaches (1ms)
			RebuildScriptCaches (40ms)
			SetupLoadedEditorAssemblies (365ms)
				LogAssemblyErrors (0ms)
				InitializePlatformSupportModulesInManaged (8ms)
				SetLoadedEditorAssemblies (0ms)
				RefreshPlugins (1ms)
				BeforeProcessingInitializeOnLoad (104ms)
				ProcessInitializeOnLoadAttributes (213ms)
				ProcessInitializeOnLoadMethodAttributes (19ms)
				AfterProcessingInitializeOnLoad (20ms)
				EditorAssembliesLoaded (0ms)
			ExecutionOrderSort2 (0ms)
			AwakeInstancesAfterBackupRestoration (16ms)
Platform modules already initialized, skipping
========================================================================
Worker process is ready to serve import requests
Launched and connected shader compiler UnityShaderCompiler.exe after 0.10 seconds
Refreshing native plugins compatible for Editor in 1.73 ms, found 3 plugins.
Preloading 0 native plugins for Editor in 0.00 ms.
Unloading 3051 Unused Serialized files (Serialized files now loaded: 0)
Unloading 23 unused Assets / (87.8 KB). Loaded Objects now: 3512.
Memory consumption went from 107.5 MB to 107.4 MB.
Total: 4.632000 ms (FindLiveObjects: 0.419500 ms CreateObjectMapping: 0.262200 ms MarkObjects: 3.780500 ms  DeleteObjects: 0.168600 ms)

AssetImportParameters requested are different than current active one (requested -> active):
  custom:video-decoder-ogg-theora: a1e56fd34408186e4bbccfd4996cb3dc -> 
  custom:container-muxer-webm: aa71ff27fc2769a1b78a27578f13a17b -> 
  custom:container-demuxer-webm: 4f35f7cbe854078d1ac9338744f61a02 -> 
  custom:video-encoder-webm-vp8: eb34c28f22e8b96e1ab97ce403110664 -> 
  custom:audio-encoder-webm-vorbis: bf7c407c2cedff20999df2af8eb42d56 -> 
  custom:framework-win-MediaFoundation: 216162199b28c13a410421893ffa2e32 -> 
  custom:container-demuxer-ogg: 62fdf1f143b41e24485cea50d1cbac27 -> 
  custom:video-decoder-webm-vp8: 9c59270c3fd7afecdb556c50c9e8de78 -> 
  custom:audio-decoder-ogg-vorbis: bf7c407c2cedff20999df2af8eb42d56 -> 
========================================================================
Received Import Request.
  Time since last request: 341469.197105 seconds.
  path: Assets/ManyWorlds/Space Station/Sci Fi Base/DemoScene/1stPersonDemoScene/Lightmap-2_comp_light.exr
  artifactKey: Guid(16f0d94918a610c49a303f4bcf52c984) Importer(815301076,1909f56bfc062723c751e8b465ee728b)
Start importing Assets/ManyWorlds/Space Station/Sci Fi Base/DemoScene/1stPersonDemoScene/Lightmap-2_comp_light.exr using Guid(16f0d94918a610c49a303f4bcf52c984) Importer(815301076,1909f56bfc062723c751e8b465ee728b)  -> (artifact id: '8f04b78aa1525ab522877abaa8738dae') in 0.147138 seconds 
========================================================================
Received Import Request.
  Time since last request: 0.000030 seconds.
  path: Assets/ManyWorlds/Space Station/Sci Fi Base/DemoScene/1stPersonDemoScene/ReflectionProbe-9.exr
  artifactKey: Guid(8367029c7b495e544926a4b1555376af) Importer(815301076,1909f56bfc062723c751e8b465ee728b)
Start importing Assets/ManyWorlds/Space Station/Sci Fi Base/DemoScene/1stPersonDemoScene/ReflectionProbe-9.exr using Guid(8367029c7b495e544926a4b1555376af) Importer(815301076,1909f56bfc062723c751e8b465ee728b)  -> (artifact id: '3cfc564701b0090aebcf9b7685e1fcd0') in 0.045264 seconds 
========================================================================
Received Import Request.
  Time since last request: 0.000033 seconds.
  path: Assets/ManyWorlds/Space Station/Sci Fi Base/DemoScene/1stPersonDemoScene/Lightmap-6_comp_light.exr
  artifactKey: Guid(3d592910c09cb6545bec17ba612d31e5) Importer(815301076,1909f56bfc062723c751e8b465ee728b)
Start importing Assets/ManyWorlds/Space Station/Sci Fi Base/DemoScene/1stPersonDemoScene/Lightmap-6_comp_light.exr using Guid(3d592910c09cb6545bec17ba612d31e5) Importer(815301076,1909f56bfc062723c751e8b465ee728b)  -> (artifact id: '0e2ebdc226f6b5402dbdf3a530de0cea') in 0.034437 seconds 
========================================================================
Received Import Request.
  Time since last request: 0.000035 seconds.
  path: Assets/ManyWorlds/Space Station/Sci Fi Base/DemoScene/1stPersonDemoScene/ReflectionProbe-17.exr
  artifactKey: Guid(76ca26c2a0217d34c860782472b24253) Importer(815301076,1909f56bfc062723c751e8b465ee728b)
Start importing Assets/ManyWorlds/Space Station/Sci Fi Base/DemoScene/1stPersonDemoScene/ReflectionProbe-17.exr using Guid(76ca26c2a0217d34c860782472b24253) Importer(815301076,1909f56bfc062723c751e8b465ee728b)  -> (artifact id: '42dfd8c4195f198e82ba52a90cc56a7d') in 0.016904 seconds 
========================================================================
Received Import Request.
  Time since last request: 0.000032 seconds.
  path: Assets/ManyWorlds/Space Station/Sci Fi Base/DemoScene/1stPersonDemoScene/Lightmap-4_comp_light.exr
  artifactKey: Guid(52ac8867ec0a507408a76a2e348a0b99) Importer(815301076,1909f56bfc062723c751e8b465ee728b)
Start importing Assets/ManyWorlds/Space Station/Sci Fi Base/DemoScene/1stPersonDemoScene/Lightmap-4_comp_light.exr using Guid(52ac8867ec0a507408a76a2e348a0b99) Importer(815301076,1909f56bfc062723c751e8b465ee728b)  -> (artifact id: '22fe038a8369b835b2ac74ae37337135') in 0.021647 seconds 
========================================================================
Received Import Request.
  Time since last request: 0.000040 seconds.
  path: Assets/ManyWorlds/Space Station/Sci Fi Base/DemoScene/1stPersonDemoScene/ReflectionProbe-7.exr
  artifactKey: Guid(f8445e3ce90e39943b1ec505774b115b) Importer(815301076,1909f56bfc062723c751e8b465ee728b)
Start importing Assets/ManyWorlds/Space Station/Sci Fi Base/DemoScene/1stPersonDemoScene/ReflectionProbe-7.exr using Guid(f8445e3ce90e39943b1ec505774b115b) Importer(815301076,1909f56bfc062723c751e8b465ee728b)  -> (artifact id: 'a2d248c2a91deb85a6e00e78a29cd984') in 0.017790 seconds 
========================================================================
Received Import Request.
  Time since last request: 0.000032 seconds.
  path: Assets/ManyWorlds/Space Station/Sci Fi Base/DemoScene/1stPersonDemoScene/ReflectionProbe-21.exr
  artifactKey: Guid(95051ff6625344f409c360899192c971) Importer(815301076,1909f56bfc062723c751e8b465ee728b)
Start importing Assets/ManyWorlds/Space Station/Sci Fi Base/DemoScene/1stPersonDemoScene/ReflectionProbe-21.exr using Guid(95051ff6625344f409c360899192c971) Importer(815301076,1909f56bfc062723c751e8b465ee728b)  -> (artifact id: 'b6fe4a25fb110af0c9a2e9325df5a8b3') in 0.018749 seconds 
========================================================================
Received Import Request.
  Time since last request: 0.000018 seconds.
  path: Assets/ManyWorlds/Space Station/Sci Fi Base/DemoScene/1stPersonDemoScene/ReflectionProbe-3.exr
  artifactKey: Guid(d205d5863f681e24da383eb2d8ef18ee) Importer(815301076,1909f56bfc062723c751e8b465ee728b)
Start importing Assets/ManyWorlds/Space Station/Sci Fi Base/DemoScene/1stPersonDemoScene/ReflectionProbe-3.exr using Guid(d205d5863f681e24da383eb2d8ef18ee) Importer(815301076,1909f56bfc062723c751e8b465ee728b)  -> (artifact id: '1429efeb6a9ddfb67a3b468ab85ba02e') in 0.016705 seconds 
========================================================================
Received Import Request.
  Time since last request: 0.000020 seconds.
  path: Assets/ManyWorlds/Space Station/Sci Fi Base/DemoScene/1stPersonDemoScene/ReflectionProbe-23.exr
  artifactKey: Guid(cf2f5660d6bdc334fabdcce731d1c80f) Importer(815301076,1909f56bfc062723c751e8b465ee728b)
Start importing Assets/ManyWorlds/Space Station/Sci Fi Base/DemoScene/1stPersonDemoScene/ReflectionProbe-23.exr using Guid(cf2f5660d6bdc334fabdcce731d1c80f) Importer(815301076,1909f56bfc062723c751e8b465ee728b)  -> (artifact id: '7256f6f7c9ebdc2436311d44420fcfb7') in 0.015110 seconds 
========================================================================
Received Import Request.
  Time since last request: 0.000027 seconds.
  path: Assets/ManyWorlds/Space Station/Sci Fi Base/DemoScene/1stPersonDemoScene/ReflectionProbe-14.exr
  artifactKey: Guid(f947f261a46e787498ef6b6d652dcb55) Importer(815301076,1909f56bfc062723c751e8b465ee728b)
Start importing Assets/ManyWorlds/Space Station/Sci Fi Base/DemoScene/1stPersonDemoScene/ReflectionProbe-14.exr using Guid(f947f261a46e787498ef6b6d652dcb55) Importer(815301076,1909f56bfc062723c751e8b465ee728b)  -> (artifact id: '43b67c2b35d5f9ec29381dcf0c37de60') in 0.016311 seconds 
========================================================================
Received Import Request.
  Time since last request: 0.000020 seconds.
  path: Assets/ManyWorlds/Space Station/Sci Fi Base/DemoScene/1stPersonDemoScene/ReflectionProbe-29.exr
  artifactKey: Guid(6d1020334355a0a40bdb59116bfc96a4) Importer(815301076,1909f56bfc062723c751e8b465ee728b)
Start importing Assets/ManyWorlds/Space Station/Sci Fi Base/DemoScene/1stPersonDemoScene/ReflectionProbe-29.exr using Guid(6d1020334355a0a40bdb59116bfc96a4) Importer(815301076,1909f56bfc062723c751e8b465ee728b)  -> (artifact id: '1e452720712d08e968d39422a083148f') in 0.020316 seconds 
Editor requested this worker to shutdown with reason: Scaling down because of idle timeout
AssetImportWorker is now disconnected from the server
Process exiting
Exiting without the bug reporter. Application will terminate with return code 0