Using pre-set license
Built from '2021.3/staging' branch; Version is '2021.3.18f1 (3129e69bc0c7) revision 3221990'; Using compiler version '192829333'; Build Type 'Release'
OS: 'Windows 10  (10.0.19044) 64bit Education' Language: 'ko' Physical Memory: 15774 MB
BatchMode: 1, IsHumanControllingUs: 0, StartBugReporterOnCrash: 0, Is64bit: 1, IsPro: 1

COMMAND LINE ARGUMENTS:
C:\Program Files\Unity 2021.3.18f1\Editor\Unity.exe
-adb2
-batchMode
-noUpm
-name
AssetImportWorker2
-projectPath
C:/GitHub/graduate
-logFile
Logs/AssetImportWorker2.log
-srvPort
<<<<<<< HEAD
<<<<<<< Updated upstream
54977
=======
54721
>>>>>>> Stashed changes
=======
61194
>>>>>>> parent of d869e4c4 (230217)
Successfully changed project path to: C:/GitHub/graduate
C:/GitHub/graduate
[UnityMemory] Configuration Parameters - Can be set up in boot.config
    "memorysetup-bucket-allocator-granularity=16"
    "memorysetup-bucket-allocator-bucket-count=8"
    "memorysetup-bucket-allocator-block-size=33554432"
    "memorysetup-bucket-allocator-block-count=8"
    "memorysetup-main-allocator-block-size=16777216"
    "memorysetup-thread-allocator-block-size=16777216"
    "memorysetup-gfx-main-allocator-block-size=16777216"
    "memorysetup-gfx-thread-allocator-block-size=16777216"
    "memorysetup-cache-allocator-block-size=4194304"
    "memorysetup-typetree-allocator-block-size=2097152"
    "memorysetup-profiler-bucket-allocator-granularity=16"
    "memorysetup-profiler-bucket-allocator-bucket-count=8"
    "memorysetup-profiler-bucket-allocator-block-size=33554432"
    "memorysetup-profiler-bucket-allocator-block-count=8"
    "memorysetup-profiler-allocator-block-size=16777216"
    "memorysetup-profiler-editor-allocator-block-size=1048576"
    "memorysetup-temp-allocator-size-main=16777216"
    "memorysetup-job-temp-allocator-block-size=2097152"
    "memorysetup-job-temp-allocator-block-size-background=1048576"
    "memorysetup-job-temp-allocator-reduction-small-platforms=262144"
    "memorysetup-temp-allocator-size-background-worker=32768"
    "memorysetup-temp-allocator-size-job-worker=262144"
    "memorysetup-temp-allocator-size-preload-manager=33554432"
    "memorysetup-temp-allocator-size-nav-mesh-worker=65536"
    "memorysetup-temp-allocator-size-audio-worker=65536"
    "memorysetup-temp-allocator-size-cloud-worker=32768"
    "memorysetup-temp-allocator-size-gi-baking-worker=262144"
    "memorysetup-temp-allocator-size-gfx=262144"
<<<<<<< HEAD
<<<<<<< Updated upstream
Player connection [20380] Host "[IP] 169.254.99.81 [Port] 0 [Flags] 2 [Guid] 1319790055 [EditorId] 1319790055 [Version] 1048832 [Id] WindowsEditor(7,DESKTOP-02P3CFR) [Debug] 1 [PackageName] WindowsEditor [ProjectName] Editor" joined multi-casting on [225.0.0.222:54997]...

Player connection [20380] Host "[IP] 169.254.99.81 [Port] 0 [Flags] 2 [Guid] 1319790055 [EditorId] 1319790055 [Version] 1048832 [Id] WindowsEditor(7,DESKTOP-02P3CFR) [Debug] 1 [PackageName] WindowsEditor [ProjectName] Editor" joined alternative multi-casting on [225.0.0.222:34997]...

Refreshing native plugins compatible for Editor in 88.87 ms, found 3 plugins.
=======
Player connection [14236] Host "[IP] 169.254.99.81 [Port] 0 [Flags] 2 [Guid] 1428116724 [EditorId] 1428116724 [Version] 1048832 [Id] WindowsEditor(7,DESKTOP-02P3CFR) [Debug] 1 [PackageName] WindowsEditor [ProjectName] Editor" joined multi-casting on [225.0.0.222:54997]...

Player connection [14236] Host "[IP] 169.254.99.81 [Port] 0 [Flags] 2 [Guid] 1428116724 [EditorId] 1428116724 [Version] 1048832 [Id] WindowsEditor(7,DESKTOP-02P3CFR) [Debug] 1 [PackageName] WindowsEditor [ProjectName] Editor" joined alternative multi-casting on [225.0.0.222:34997]...

Refreshing native plugins compatible for Editor in 120.26 ms, found 3 plugins.
>>>>>>> Stashed changes
=======
Player connection [15124] Host "[IP] 169.254.99.81 [Port] 0 [Flags] 2 [Guid] 4070370380 [EditorId] 4070370380 [Version] 1048832 [Id] WindowsEditor(7,DESKTOP-02P3CFR) [Debug] 1 [PackageName] WindowsEditor [ProjectName] Editor" joined multi-casting on [225.0.0.222:54997]...

Player connection [15124] Host "[IP] 169.254.99.81 [Port] 0 [Flags] 2 [Guid] 4070370380 [EditorId] 4070370380 [Version] 1048832 [Id] WindowsEditor(7,DESKTOP-02P3CFR) [Debug] 1 [PackageName] WindowsEditor [ProjectName] Editor" joined alternative multi-casting on [225.0.0.222:34997]...

Refreshing native plugins compatible for Editor in 102.81 ms, found 3 plugins.
>>>>>>> parent of d869e4c4 (230217)
Preloading 0 native plugins for Editor in 0.00 ms.
Initialize engine version: 2021.3.18f1 (3129e69bc0c7)
[Subsystems] Discovering subsystems at path C:/Program Files/Unity 2021.3.18f1/Editor/Data/Resources/UnitySubsystems
[Subsystems] Discovering subsystems at path C:/GitHub/graduate/Assets
GfxDevice: creating device client; threaded=0; jobified=0
Direct3D:
    Version:  Direct3D 11.0 [level 11.1]
    Renderer: NVIDIA GeForce RTX 3070 Laptop GPU (ID=0x249d)
    Vendor:   NVIDIA
    VRAM:     8044 MB
    Driver:   30.0.15.1295
Initialize mono
Mono path[0] = 'C:/Program Files/Unity 2021.3.18f1/Editor/Data/Managed'
Mono path[1] = 'C:/Program Files/Unity 2021.3.18f1/Editor/Data/MonoBleedingEdge/lib/mono/unityjit-win32'
Mono config path = 'C:/Program Files/Unity 2021.3.18f1/Editor/Data/MonoBleedingEdge/etc'
<<<<<<< HEAD
<<<<<<< Updated upstream
Using monoOptions --debugger-agent=transport=dt_socket,embedding=1,server=y,suspend=n,address=127.0.0.1:56316
Begin MonoManager ReloadAssembly
Registering precompiled unity dll's ...
Register platform support module: C:/Program Files/Unity 2021.3.18f1/Editor/Data/PlaybackEngines/WindowsStandaloneSupport/UnityEditor.WindowsStandalone.Extensions.dll
Registered in 0.014176 seconds.
Native extension for WindowsStandalone target not found
Refreshing native plugins compatible for Editor in 76.92 ms, found 3 plugins.
Preloading 0 native plugins for Editor in 0.00 ms.
Mono: successfully reloaded assembly
- Completed reload, in  0.682 seconds
Domain Reload Profiling:
	ReloadAssembly (682ms)
		BeginReloadAssembly (128ms)
=======
Using monoOptions --debugger-agent=transport=dt_socket,embedding=1,server=y,suspend=n,address=127.0.0.1:56952
Begin MonoManager ReloadAssembly
Registering precompiled unity dll's ...
Register platform support module: C:/Program Files/Unity 2021.3.18f1/Editor/Data/PlaybackEngines/WindowsStandaloneSupport/UnityEditor.WindowsStandalone.Extensions.dll
Registered in 0.015894 seconds.
Native extension for WindowsStandalone target not found
Refreshing native plugins compatible for Editor in 95.31 ms, found 3 plugins.
Preloading 0 native plugins for Editor in 0.00 ms.
Mono: successfully reloaded assembly
- Completed reload, in  0.766 seconds
Domain Reload Profiling:
	ReloadAssembly (766ms)
		BeginReloadAssembly (133ms)
>>>>>>> Stashed changes
=======
Using monoOptions --debugger-agent=transport=dt_socket,embedding=1,server=y,suspend=n,address=127.0.0.1:56380
Begin MonoManager ReloadAssembly
Registering precompiled unity dll's ...
Register platform support module: C:/Program Files/Unity 2021.3.18f1/Editor/Data/PlaybackEngines/WindowsStandaloneSupport/UnityEditor.WindowsStandalone.Extensions.dll
Registered in 0.016633 seconds.
Native extension for WindowsStandalone target not found
Refreshing native plugins compatible for Editor in 78.78 ms, found 3 plugins.
Preloading 0 native plugins for Editor in 0.00 ms.
Mono: successfully reloaded assembly
- Completed reload, in  0.806 seconds
Domain Reload Profiling:
	ReloadAssembly (807ms)
		BeginReloadAssembly (145ms)
>>>>>>> parent of d869e4c4 (230217)
			ExecutionOrderSort (0ms)
			DisableScriptedObjects (0ms)
			BackupInstance (0ms)
			ReleaseScriptingObjects (0ms)
			CreateAndSetChildDomain (1ms)
<<<<<<< HEAD
<<<<<<< Updated upstream
		EndReloadAssembly (425ms)
			LoadAssemblies (122ms)
			RebuildTransferFunctionScriptingTraits (0ms)
			SetupTypeCache (94ms)
			ReleaseScriptCaches (0ms)
			RebuildScriptCaches (23ms)
			SetupLoadedEditorAssemblies (250ms)
				LogAssemblyErrors (0ms)
				InitializePlatformSupportModulesInManaged (10ms)
				SetLoadedEditorAssemblies (0ms)
				RefreshPlugins (77ms)
				BeforeProcessingInitializeOnLoad (1ms)
				ProcessInitializeOnLoadAttributes (112ms)
				ProcessInitializeOnLoadMethodAttributes (49ms)
=======
		EndReloadAssembly (490ms)
			LoadAssemblies (128ms)
			RebuildTransferFunctionScriptingTraits (0ms)
			SetupTypeCache (112ms)
			ReleaseScriptCaches (0ms)
			RebuildScriptCaches (24ms)
			SetupLoadedEditorAssemblies (288ms)
				LogAssemblyErrors (0ms)
				InitializePlatformSupportModulesInManaged (11ms)
				SetLoadedEditorAssemblies (0ms)
				RefreshPlugins (95ms)
				BeforeProcessingInitializeOnLoad (1ms)
				ProcessInitializeOnLoadAttributes (122ms)
				ProcessInitializeOnLoadMethodAttributes (58ms)
>>>>>>> Stashed changes
=======
		EndReloadAssembly (510ms)
			LoadAssemblies (139ms)
			RebuildTransferFunctionScriptingTraits (0ms)
			SetupTypeCache (123ms)
			ReleaseScriptCaches (0ms)
			RebuildScriptCaches (27ms)
			SetupLoadedEditorAssemblies (284ms)
				LogAssemblyErrors (0ms)
				InitializePlatformSupportModulesInManaged (10ms)
				SetLoadedEditorAssemblies (0ms)
				RefreshPlugins (79ms)
				BeforeProcessingInitializeOnLoad (1ms)
				ProcessInitializeOnLoadAttributes (130ms)
				ProcessInitializeOnLoadMethodAttributes (64ms)
>>>>>>> parent of d869e4c4 (230217)
				AfterProcessingInitializeOnLoad (0ms)
				EditorAssembliesLoaded (0ms)
			ExecutionOrderSort2 (0ms)
			AwakeInstancesAfterBackupRestoration (0ms)
Platform modules already initialized, skipping
Registering precompiled user dll's ...
<<<<<<< HEAD
<<<<<<< Updated upstream
Registered in 0.010237 seconds.
=======
Registered in 0.010708 seconds.
>>>>>>> parent of d869e4c4 (230217)
Begin MonoManager ReloadAssembly
Symbol file LoadedFromMemory doesn't match image C:\GitHub\graduate\Library\PackageCache\com.unity.visualscripting@1.8.0\Editor\VisualScripting.Core\Dependencies\YamlDotNet\Unity.VisualScripting.YamlDotNet.dll
Symbol file LoadedFromMemory doesn't match image C:\GitHub\graduate\Library\PackageCache\com.unity.visualscripting@1.8.0\Editor\VisualScripting.Core\Dependencies\DotNetZip\Unity.VisualScripting.IonicZip.dll
Native extension for WindowsStandalone target not found
<<<<<<< HEAD
Refreshing native plugins compatible for Editor in 0.94 ms, found 3 plugins.
Preloading 0 native plugins for Editor in 0.00 ms.
Mono: successfully reloaded assembly
- Completed reload, in  1.134 seconds
Domain Reload Profiling:
	ReloadAssembly (1135ms)
		BeginReloadAssembly (160ms)
=======
Refreshing native plugins compatible for Editor in 0.68 ms, found 3 plugins.
Preloading 0 native plugins for Editor in 0.00 ms.
Mono: successfully reloaded assembly
- Completed reload, in  1.042 seconds
Domain Reload Profiling:
	ReloadAssembly (1043ms)
		BeginReloadAssembly (154ms)
>>>>>>> parent of d869e4c4 (230217)
			ExecutionOrderSort (0ms)
			DisableScriptedObjects (5ms)
			BackupInstance (0ms)
			ReleaseScriptingObjects (0ms)
<<<<<<< HEAD
			CreateAndSetChildDomain (22ms)
		EndReloadAssembly (844ms)
			LoadAssemblies (138ms)
			RebuildTransferFunctionScriptingTraits (0ms)
			SetupTypeCache (262ms)
			ReleaseScriptCaches (1ms)
			RebuildScriptCaches (58ms)
			SetupLoadedEditorAssemblies (374ms)
=======
			CreateAndSetChildDomain (20ms)
		EndReloadAssembly (759ms)
			LoadAssemblies (134ms)
			RebuildTransferFunctionScriptingTraits (0ms)
			SetupTypeCache (230ms)
			ReleaseScriptCaches (1ms)
			RebuildScriptCaches (40ms)
			SetupLoadedEditorAssemblies (353ms)
>>>>>>> parent of d869e4c4 (230217)
				LogAssemblyErrors (0ms)
				InitializePlatformSupportModulesInManaged (7ms)
				SetLoadedEditorAssemblies (0ms)
				RefreshPlugins (1ms)
<<<<<<< HEAD
				BeforeProcessingInitializeOnLoad (108ms)
				ProcessInitializeOnLoadAttributes (218ms)
				ProcessInitializeOnLoadMethodAttributes (18ms)
				AfterProcessingInitializeOnLoad (21ms)
				EditorAssembliesLoaded (0ms)
			ExecutionOrderSort2 (0ms)
			AwakeInstancesAfterBackupRestoration (15ms)
Platform modules already initialized, skipping
========================================================================
Worker process is ready to serve import requests
Launched and connected shader compiler UnityShaderCompiler.exe after 0.08 seconds
Refreshing native plugins compatible for Editor in 1.73 ms, found 3 plugins.
=======
				BeforeProcessingInitializeOnLoad (103ms)
				ProcessInitializeOnLoadAttributes (205ms)
				ProcessInitializeOnLoadMethodAttributes (17ms)
				AfterProcessingInitializeOnLoad (20ms)
				EditorAssembliesLoaded (0ms)
			ExecutionOrderSort2 (0ms)
			AwakeInstancesAfterBackupRestoration (13ms)
Platform modules already initialized, skipping
========================================================================
Worker process is ready to serve import requests
Launched and connected shader compiler UnityShaderCompiler.exe after 0.09 seconds
Refreshing native plugins compatible for Editor in 1.45 ms, found 3 plugins.
>>>>>>> parent of d869e4c4 (230217)
Preloading 0 native plugins for Editor in 0.00 ms.
Unloading 3051 Unused Serialized files (Serialized files now loaded: 0)
Unloading 23 unused Assets / (87.6 KB). Loaded Objects now: 3520.
Memory consumption went from 108.6 MB to 108.5 MB.
<<<<<<< HEAD
Total: 6.386600 ms (FindLiveObjects: 0.559800 ms CreateObjectMapping: 0.135600 ms MarkObjects: 5.407300 ms  DeleteObjects: 0.280800 ms)
=======
Total: 2.707200 ms (FindLiveObjects: 0.255800 ms CreateObjectMapping: 0.091200 ms MarkObjects: 2.275100 ms  DeleteObjects: 0.084500 ms)
>>>>>>> parent of d869e4c4 (230217)

AssetImportParameters requested are different than current active one (requested -> active):
  custom:video-decoder-ogg-theora: a1e56fd34408186e4bbccfd4996cb3dc -> 
  custom:container-muxer-webm: aa71ff27fc2769a1b78a27578f13a17b -> 
  custom:container-demuxer-webm: 4f35f7cbe854078d1ac9338744f61a02 -> 
  custom:video-encoder-webm-vp8: eb34c28f22e8b96e1ab97ce403110664 -> 
  custom:audio-encoder-webm-vorbis: bf7c407c2cedff20999df2af8eb42d56 -> 
  custom:framework-win-MediaFoundation: 216162199b28c13a410421893ffa2e32 -> 
  custom:container-demuxer-ogg: 62fdf1f143b41e24485cea50d1cbac27 -> 
  custom:video-decoder-webm-vp8: 9c59270c3fd7afecdb556c50c9e8de78 -> 
  custom:audio-decoder-ogg-vorbis: bf7c407c2cedff20999df2af8eb42d56 -> 
<<<<<<< HEAD
=======
Registered in 0.011657 seconds.
Begin MonoManager ReloadAssembly
Symbol file LoadedFromMemory doesn't match image C:\GitHub\graduate\Library\PackageCache\com.unity.visualscripting@1.8.0\Editor\VisualScripting.Core\Dependencies\YamlDotNet\Unity.VisualScripting.YamlDotNet.dll
Symbol file LoadedFromMemory doesn't match image C:\GitHub\graduate\Library\PackageCache\com.unity.visualscripting@1.8.0\Editor\VisualScripting.Core\Dependencies\DotNetZip\Unity.VisualScripting.IonicZip.dll
>>>>>>> Stashed changes
=======
========================================================================
Received Import Request.
  Time since last request: 345597.108299 seconds.
  path: Assets/ManyWorlds/Space Station/Sci Fi Base/Prefabs/Lightning/Props_Lights00.prefab
  artifactKey: Guid(93c817430d17b8f41bcf0348014bc225) Importer(815301076,1909f56bfc062723c751e8b465ee728b)
Start importing Assets/ManyWorlds/Space Station/Sci Fi Base/Prefabs/Lightning/Props_Lights00.prefab using Guid(93c817430d17b8f41bcf0348014bc225) Importer(815301076,1909f56bfc062723c751e8b465ee728b)  -> (artifact id: '187eba0b6108786729e348b995ba670f') in 0.150465 seconds 
========================================================================
Received Import Request.
  Time since last request: 0.332768 seconds.
  path: Assets/ManyWorlds/Space Station/Sci Fi Base/Prefabs/Misc/Galaxy.prefab
  artifactKey: Guid(e12ae32cfd717a64592f1df0687acfcb) Importer(815301076,1909f56bfc062723c751e8b465ee728b)
Start importing Assets/ManyWorlds/Space Station/Sci Fi Base/Prefabs/Misc/Galaxy.prefab using Guid(e12ae32cfd717a64592f1df0687acfcb) Importer(815301076,1909f56bfc062723c751e8b465ee728b)  -> (artifact id: 'b26ef61678fef42f5df95a96f109cc2c') in 0.018982 seconds 
========================================================================
Received Import Request.
  Time since last request: 0.396307 seconds.
  path: Assets/ManyWorlds/Space Station/Sci Fi Base/Prefabs/Props/bed_space01.prefab
  artifactKey: Guid(a8eb865397aa16a478fb44fa7f17678c) Importer(815301076,1909f56bfc062723c751e8b465ee728b)
Start importing Assets/ManyWorlds/Space Station/Sci Fi Base/Prefabs/Props/bed_space01.prefab using Guid(a8eb865397aa16a478fb44fa7f17678c) Importer(815301076,1909f56bfc062723c751e8b465ee728b)  -> (artifact id: 'f4c6aae28444ac26cb28764780d881e1') in 0.111172 seconds 
========================================================================
Received Import Request.
  Time since last request: 0.000026 seconds.
  path: Assets/ManyWorlds/Space Station/Sci Fi Base/Prefabs/Props/ScreenPedestal05.prefab
  artifactKey: Guid(11f4e6a43d6b26545bfed04486e23aca) Importer(815301076,1909f56bfc062723c751e8b465ee728b)
Start importing Assets/ManyWorlds/Space Station/Sci Fi Base/Prefabs/Props/ScreenPedestal05.prefab using Guid(11f4e6a43d6b26545bfed04486e23aca) Importer(815301076,1909f56bfc062723c751e8b465ee728b)  -> (artifact id: '21c1c1f5cf93f53317065e3e06ae1663') in 0.078324 seconds 
========================================================================
Received Import Request.
  Time since last request: 0.000036 seconds.
  path: Assets/ManyWorlds/Space Station/Sci Fi Base/Prefabs/Props/Props_Pipes03.prefab
  artifactKey: Guid(cff060d8d87e88c4a9a133f1e050ee58) Importer(815301076,1909f56bfc062723c751e8b465ee728b)
Start importing Assets/ManyWorlds/Space Station/Sci Fi Base/Prefabs/Props/Props_Pipes03.prefab using Guid(cff060d8d87e88c4a9a133f1e050ee58) Importer(815301076,1909f56bfc062723c751e8b465ee728b)  -> (artifact id: '9d43cbf02f7caa50ea99051e35b3acd0') in 0.047686 seconds 
========================================================================
Received Import Request.
  Time since last request: 0.000083 seconds.
  path: Assets/ManyWorlds/Space Station/Sci Fi Base/Prefabs/Props/Props_Pipes00.prefab
  artifactKey: Guid(4b3fd288547ea8e4da456ba52d240410) Importer(815301076,1909f56bfc062723c751e8b465ee728b)
Start importing Assets/ManyWorlds/Space Station/Sci Fi Base/Prefabs/Props/Props_Pipes00.prefab using Guid(4b3fd288547ea8e4da456ba52d240410) Importer(815301076,1909f56bfc062723c751e8b465ee728b)  -> (artifact id: '77684e4b74d5945df5ce2b1c0044687e') in 0.051581 seconds 
========================================================================
Received Import Request.
  Time since last request: 0.000023 seconds.
  path: Assets/ManyWorlds/Space Station/Sci Fi Base/Prefabs/Props/Props_Tubes01.prefab
  artifactKey: Guid(0d5a3806a6cdaf2459010cb929895d90) Importer(815301076,1909f56bfc062723c751e8b465ee728b)
Start importing Assets/ManyWorlds/Space Station/Sci Fi Base/Prefabs/Props/Props_Tubes01.prefab using Guid(0d5a3806a6cdaf2459010cb929895d90) Importer(815301076,1909f56bfc062723c751e8b465ee728b)  -> (artifact id: '8bbed04e026f1020495473a790b4f7fc') in 0.045750 seconds 
========================================================================
Received Import Request.
  Time since last request: 0.000022 seconds.
  path: Assets/ManyWorlds/Space Station/Sci Fi Base/Prefabs/Props/Props_Screen02.prefab
  artifactKey: Guid(37fe0955d0a04bc4f9ca9f0e05a4376e) Importer(815301076,1909f56bfc062723c751e8b465ee728b)
Start importing Assets/ManyWorlds/Space Station/Sci Fi Base/Prefabs/Props/Props_Screen02.prefab using Guid(37fe0955d0a04bc4f9ca9f0e05a4376e) Importer(815301076,1909f56bfc062723c751e8b465ee728b)  -> (artifact id: '1916d500a2cf839bb48888b95f7554c7') in 0.037895 seconds 
========================================================================
Received Import Request.
  Time since last request: 0.000019 seconds.
  path: Assets/ManyWorlds/Space Station/Sci Fi Base/Prefabs/Props/ScreenPedestal06.prefab
  artifactKey: Guid(3b892f5761ae0e9459c01045575497c6) Importer(815301076,1909f56bfc062723c751e8b465ee728b)
Start importing Assets/ManyWorlds/Space Station/Sci Fi Base/Prefabs/Props/ScreenPedestal06.prefab using Guid(3b892f5761ae0e9459c01045575497c6) Importer(815301076,1909f56bfc062723c751e8b465ee728b)  -> (artifact id: '2134cbac782fdf85bb7729b8653bf65a') in 0.055362 seconds 
========================================================================
Received Import Request.
  Time since last request: 0.000025 seconds.
  path: Assets/ManyWorlds/Space Station/Sci Fi Base/Prefabs/Props/Screenpedestal08.prefab
  artifactKey: Guid(e652b3dd64f342a46802d1168dd40839) Importer(815301076,1909f56bfc062723c751e8b465ee728b)
Start importing Assets/ManyWorlds/Space Station/Sci Fi Base/Prefabs/Props/Screenpedestal08.prefab using Guid(e652b3dd64f342a46802d1168dd40839) Importer(815301076,1909f56bfc062723c751e8b465ee728b)  -> (artifact id: '873367f5c2ea5f6a57bb0cd151cad110') in 0.047946 seconds 
========================================================================
Received Import Request.
  Time since last request: 0.000027 seconds.
  path: Assets/ManyWorlds/Space Station/Sci Fi Base/Prefabs/Props/Props_Screen03.prefab
  artifactKey: Guid(171d3df6cae96b94cbfd86bfecee6ed7) Importer(815301076,1909f56bfc062723c751e8b465ee728b)
Start importing Assets/ManyWorlds/Space Station/Sci Fi Base/Prefabs/Props/Props_Screen03.prefab using Guid(171d3df6cae96b94cbfd86bfecee6ed7) Importer(815301076,1909f56bfc062723c751e8b465ee728b)  -> (artifact id: '11f4afbb6f579e242e7a90c30e13f5da') in 0.038645 seconds 
========================================================================
Received Import Request.
  Time since last request: 0.000025 seconds.
  path: Assets/ManyWorlds/Space Station/Sci Fi Base/Prefabs/Props/ScreenPedestal01.prefab
  artifactKey: Guid(475e2f0a884e6764cb179167cd45e126) Importer(815301076,1909f56bfc062723c751e8b465ee728b)
Start importing Assets/ManyWorlds/Space Station/Sci Fi Base/Prefabs/Props/ScreenPedestal01.prefab using Guid(475e2f0a884e6764cb179167cd45e126) Importer(815301076,1909f56bfc062723c751e8b465ee728b)  -> (artifact id: '54f5f3c6f34adadf89718011db9ad0eb') in 0.042361 seconds 
========================================================================
Received Import Request.
  Time since last request: 0.000026 seconds.
  path: Assets/ManyWorlds/Space Station/Sci Fi Base/Prefabs/Props/PropsPlanks03.prefab
  artifactKey: Guid(7439c17bbd42ab34c94827f214609ff1) Importer(815301076,1909f56bfc062723c751e8b465ee728b)
Start importing Assets/ManyWorlds/Space Station/Sci Fi Base/Prefabs/Props/PropsPlanks03.prefab using Guid(7439c17bbd42ab34c94827f214609ff1) Importer(815301076,1909f56bfc062723c751e8b465ee728b)  -> (artifact id: 'a466319db319fcbc55c347bc2ae3685f') in 0.035325 seconds 
========================================================================
Received Import Request.
  Time since last request: 0.000022 seconds.
  path: Assets/ManyWorlds/Space Station/Sci Fi Base/Prefabs/Props/PropsPlanks02.prefab
  artifactKey: Guid(722e33cae016d694ca1e08bf9f0d6758) Importer(815301076,1909f56bfc062723c751e8b465ee728b)
Start importing Assets/ManyWorlds/Space Station/Sci Fi Base/Prefabs/Props/PropsPlanks02.prefab using Guid(722e33cae016d694ca1e08bf9f0d6758) Importer(815301076,1909f56bfc062723c751e8b465ee728b)  -> (artifact id: 'cfe0fd73f32aba424bbbb75f29f7c7b1') in 0.033849 seconds 
========================================================================
Received Import Request.
  Time since last request: 1.542273 seconds.
  path: Assets/ManyWorlds/Space Station/Sci Fi Base/Prefabs/Build Pieces/Corridor
  artifactKey: Guid(87410b0c9ba10ca4ea787b7e22caca3c) Importer(815301076,1909f56bfc062723c751e8b465ee728b)
Start importing Assets/ManyWorlds/Space Station/Sci Fi Base/Prefabs/Build Pieces/Corridor using Guid(87410b0c9ba10ca4ea787b7e22caca3c) Importer(815301076,1909f56bfc062723c751e8b465ee728b)  -> (artifact id: 'db6997e8571351aa1f425fd63c1355a5') in 0.004588 seconds 
========================================================================
Received Import Request.
  Time since last request: 0.133647 seconds.
  path: Assets/ManyWorlds/Space Station/Sci Fi Base/Prefabs/Build Pieces/Corridor/Corridor_01.prefab
  artifactKey: Guid(6016480e107cbd940a0e68f4ec17b250) Importer(815301076,1909f56bfc062723c751e8b465ee728b)
Start importing Assets/ManyWorlds/Space Station/Sci Fi Base/Prefabs/Build Pieces/Corridor/Corridor_01.prefab using Guid(6016480e107cbd940a0e68f4ec17b250) Importer(815301076,1909f56bfc062723c751e8b465ee728b)  -> (artifact id: 'd5231ec6e6f4bde7fc3b2ceb9c35fb09') in 0.016740 seconds 
========================================================================
Received Import Request.
  Time since last request: 0.000022 seconds.
  path: Assets/ManyWorlds/Space Station/Sci Fi Base/Prefabs/Build Pieces/Corridor/Separation_corridor_01.prefab
  artifactKey: Guid(773057ab6694ede4d845592ec96873f1) Importer(815301076,1909f56bfc062723c751e8b465ee728b)
Start importing Assets/ManyWorlds/Space Station/Sci Fi Base/Prefabs/Build Pieces/Corridor/Separation_corridor_01.prefab using Guid(773057ab6694ede4d845592ec96873f1) Importer(815301076,1909f56bfc062723c751e8b465ee728b)  -> (artifact id: '3d5dceb8e8cda5fbf67e9a6f07a8fe4a') in 0.019380 seconds 
========================================================================
Received Import Request.
  Time since last request: 0.000025 seconds.
  path: Assets/ManyWorlds/Space Station/Sci Fi Base/Prefabs/Build Pieces/Corridor/Separation_corridor_03.prefab
  artifactKey: Guid(a6db242eabbee914096f6ae5381b641e) Importer(815301076,1909f56bfc062723c751e8b465ee728b)
Start importing Assets/ManyWorlds/Space Station/Sci Fi Base/Prefabs/Build Pieces/Corridor/Separation_corridor_03.prefab using Guid(a6db242eabbee914096f6ae5381b641e) Importer(815301076,1909f56bfc062723c751e8b465ee728b)  -> (artifact id: '43016d88ebcbab5c68d82f8b7ffb266c') in 0.017692 seconds 
========================================================================
Received Import Request.
  Time since last request: 2.912661 seconds.
  path: Assets/ManyWorlds/Space Station/Sci Fi Base/Prefabs/Build Pieces/Conectors/Connect_01.prefab
  artifactKey: Guid(b75aa735807394b4f84aeda7dfe43cb7) Importer(815301076,1909f56bfc062723c751e8b465ee728b)
Start importing Assets/ManyWorlds/Space Station/Sci Fi Base/Prefabs/Build Pieces/Conectors/Connect_01.prefab using Guid(b75aa735807394b4f84aeda7dfe43cb7) Importer(815301076,1909f56bfc062723c751e8b465ee728b)  -> (artifact id: '5cf1800ef5a408c4d978e4f9a762b03c') in 0.100843 seconds 
========================================================================
Received Import Request.
  Time since last request: 7.237152 seconds.
  path: Assets/ManyWorlds/Space Station/Sci Fi Base/Prefabs/Build Pieces/Tunnels/Tunnel_vent_01.prefab
  artifactKey: Guid(9b1a949d4916a744db8c80fb756e21b7) Importer(815301076,1909f56bfc062723c751e8b465ee728b)
Start importing Assets/ManyWorlds/Space Station/Sci Fi Base/Prefabs/Build Pieces/Tunnels/Tunnel_vent_01.prefab using Guid(9b1a949d4916a744db8c80fb756e21b7) Importer(815301076,1909f56bfc062723c751e8b465ee728b)  -> (artifact id: '6c55a6b5d9a8404c67292823f77acf1e') in 0.017325 seconds 
========================================================================
Received Import Request.
  Time since last request: 0.000018 seconds.
  path: Assets/ManyWorlds/Space Station/Sci Fi Base/Prefabs/Build Pieces/Tunnels/Tunnel_vent_corner01.prefab
  artifactKey: Guid(ef154c5d50940164fa39c8cb01e9e605) Importer(815301076,1909f56bfc062723c751e8b465ee728b)
Start importing Assets/ManyWorlds/Space Station/Sci Fi Base/Prefabs/Build Pieces/Tunnels/Tunnel_vent_corner01.prefab using Guid(ef154c5d50940164fa39c8cb01e9e605) Importer(815301076,1909f56bfc062723c751e8b465ee728b)  -> (artifact id: '83307a93b092710f751ed82a358c13b7') in 0.025624 seconds 
========================================================================
Received Import Request.
  Time since last request: 0.946099 seconds.
  path: Assets/ManyWorlds/Space Station/Sci Fi Base/Prefabs/Build Pieces/Rooms/Room_bedModule.prefab
  artifactKey: Guid(0cf4e3be5cb0b834c98f872a4a372462) Importer(815301076,1909f56bfc062723c751e8b465ee728b)
Start importing Assets/ManyWorlds/Space Station/Sci Fi Base/Prefabs/Build Pieces/Rooms/Room_bedModule.prefab using Guid(0cf4e3be5cb0b834c98f872a4a372462) Importer(815301076,1909f56bfc062723c751e8b465ee728b)  -> (artifact id: 'cc1fe6ec25b47fff15741ba5887a11f2') in 0.027340 seconds 
========================================================================
Received Import Request.
  Time since last request: 0.000026 seconds.
  path: Assets/ManyWorlds/Space Station/Sci Fi Base/Prefabs/Build Pieces/Rooms/Room_pipes.prefab
  artifactKey: Guid(856c800e1101c47499a4781a7fff2c39) Importer(815301076,1909f56bfc062723c751e8b465ee728b)
Start importing Assets/ManyWorlds/Space Station/Sci Fi Base/Prefabs/Build Pieces/Rooms/Room_pipes.prefab using Guid(856c800e1101c47499a4781a7fff2c39) Importer(815301076,1909f56bfc062723c751e8b465ee728b)  -> (artifact id: '85ac5cd89cbd836485fbfd40ff6071bf') in 0.261313 seconds 
========================================================================
Received Import Request.
  Time since last request: 1142.266994 seconds.
  path: Assets/ManyWorlds/Space Station/Sci Fi Base/DemoScene/1stPersonDemoScene/LightingData.asset
  artifactKey: Guid(cacdb5eb686935c4bb64274d98b3974e) Importer(815301076,1909f56bfc062723c751e8b465ee728b)
Start importing Assets/ManyWorlds/Space Station/Sci Fi Base/DemoScene/1stPersonDemoScene/LightingData.asset using Guid(cacdb5eb686935c4bb64274d98b3974e) Importer(815301076,1909f56bfc062723c751e8b465ee728b)  -> (artifact id: 'deff7635804d096e2cb15ccccaa954e3') in 0.009041 seconds 
========================================================================
Received Import Request.
  Time since last request: 0.023427 seconds.
  path: Assets/ManyWorlds/Space Station/Sci Fi Base/DemoScene/1stPersonDemoScene/Lightmap-1_comp_light.exr
  artifactKey: Guid(d1b16deeea1c53249a70fcb6168b4f25) Importer(815301076,1909f56bfc062723c751e8b465ee728b)
Start importing Assets/ManyWorlds/Space Station/Sci Fi Base/DemoScene/1stPersonDemoScene/Lightmap-1_comp_light.exr using Guid(d1b16deeea1c53249a70fcb6168b4f25) Importer(815301076,1909f56bfc062723c751e8b465ee728b)  -> (artifact id: '434f23a81432ddcb25b5d5c9a52e7c0c') in 0.039470 seconds 
========================================================================
Received Import Request.
  Time since last request: 0.000044 seconds.
  path: Assets/ManyWorlds/Space Station/Sci Fi Base/DemoScene/1stPersonDemoScene/Lightmap-5_comp_light.exr
  artifactKey: Guid(7b9caef706bacde45a98098ebb1e9ed1) Importer(815301076,1909f56bfc062723c751e8b465ee728b)
Start importing Assets/ManyWorlds/Space Station/Sci Fi Base/DemoScene/1stPersonDemoScene/Lightmap-5_comp_light.exr using Guid(7b9caef706bacde45a98098ebb1e9ed1) Importer(815301076,1909f56bfc062723c751e8b465ee728b)  -> (artifact id: '68b4da9b2530d59fbb67425d2f07c517') in 0.036451 seconds 
========================================================================
Received Import Request.
  Time since last request: 0.000040 seconds.
  path: Assets/ManyWorlds/Space Station/Sci Fi Base/DemoScene/1stPersonDemoScene/ReflectionProbe-0.exr
  artifactKey: Guid(f88a1fb662212a24eadff4fcb3298ba8) Importer(815301076,1909f56bfc062723c751e8b465ee728b)
Start importing Assets/ManyWorlds/Space Station/Sci Fi Base/DemoScene/1stPersonDemoScene/ReflectionProbe-0.exr using Guid(f88a1fb662212a24eadff4fcb3298ba8) Importer(815301076,1909f56bfc062723c751e8b465ee728b)  -> (artifact id: '35c146a25d98594756235f9ed5ecb02a') in 0.031656 seconds 
========================================================================
Received Import Request.
  Time since last request: 0.000034 seconds.
  path: Assets/ManyWorlds/Space Station/Sci Fi Base/DemoScene/1stPersonDemoScene/ReflectionProbe-1.exr
  artifactKey: Guid(7f270324e1bcc314588af980429b5e5d) Importer(815301076,1909f56bfc062723c751e8b465ee728b)
Start importing Assets/ManyWorlds/Space Station/Sci Fi Base/DemoScene/1stPersonDemoScene/ReflectionProbe-1.exr using Guid(7f270324e1bcc314588af980429b5e5d) Importer(815301076,1909f56bfc062723c751e8b465ee728b)  -> (artifact id: '6a3ffaf83ec86fd4ba34fd71bdd476cf') in 0.036681 seconds 
========================================================================
Received Import Request.
  Time since last request: 0.000025 seconds.
  path: Assets/ManyWorlds/Space Station/Sci Fi Base/DemoScene/1stPersonDemoScene/ReflectionProbe-2.exr
  artifactKey: Guid(54d889ab1e65c864da04156c0bf02b9a) Importer(815301076,1909f56bfc062723c751e8b465ee728b)
Start importing Assets/ManyWorlds/Space Station/Sci Fi Base/DemoScene/1stPersonDemoScene/ReflectionProbe-2.exr using Guid(54d889ab1e65c864da04156c0bf02b9a) Importer(815301076,1909f56bfc062723c751e8b465ee728b)  -> (artifact id: '9eab565d8566f98e786c72a15dd4bec5') in 0.030273 seconds 
Editor requested this worker to shutdown with reason: Scaling down because of idle timeout
AssetImportWorker is now disconnected from the server
Process exiting
Exiting without the bug reporter. Application will terminate with return code 0
>>>>>>> parent of d869e4c4 (230217)
