Using pre-set license
Built from '2021.3/staging' branch; Version is '2021.3.18f1 (3129e69bc0c7) revision 3221990'; Using compiler version '192829333'; Build Type 'Release'
OS: 'Windows 10  (10.0.19044) 64bit Education' Language: 'ko' Physical Memory: 15774 MB
BatchMode: 1, IsHumanControllingUs: 0, StartBugReporterOnCrash: 0, Is64bit: 1, IsPro: 1

COMMAND LINE ARGUMENTS:
C:\Program Files\Unity 2021.3.18f1\Editor\Unity.exe
-adb2
-batchMode
-noUpm
-name
AssetImportWorker2
-projectPath
C:/GitHub/graduate
-logFile
Logs/AssetImportWorker2.log
-srvPort
57694
Successfully changed project path to: C:/GitHub/graduate
C:/GitHub/graduate
[UnityMemory] Configuration Parameters - Can be set up in boot.config
    "memorysetup-bucket-allocator-granularity=16"
    "memorysetup-bucket-allocator-bucket-count=8"
    "memorysetup-bucket-allocator-block-size=33554432"
    "memorysetup-bucket-allocator-block-count=8"
    "memorysetup-main-allocator-block-size=16777216"
    "memorysetup-thread-allocator-block-size=16777216"
    "memorysetup-gfx-main-allocator-block-size=16777216"
    "memorysetup-gfx-thread-allocator-block-size=16777216"
    "memorysetup-cache-allocator-block-size=4194304"
    "memorysetup-typetree-allocator-block-size=2097152"
    "memorysetup-profiler-bucket-allocator-granularity=16"
    "memorysetup-profiler-bucket-allocator-bucket-count=8"
    "memorysetup-profiler-bucket-allocator-block-size=33554432"
    "memorysetup-profiler-bucket-allocator-block-count=8"
    "memorysetup-profiler-allocator-block-size=16777216"
    "memorysetup-profiler-editor-allocator-block-size=1048576"
    "memorysetup-temp-allocator-size-main=16777216"
    "memorysetup-job-temp-allocator-block-size=2097152"
    "memorysetup-job-temp-allocator-block-size-background=1048576"
    "memorysetup-job-temp-allocator-reduction-small-platforms=262144"
    "memorysetup-temp-allocator-size-background-worker=32768"
    "memorysetup-temp-allocator-size-job-worker=262144"
    "memorysetup-temp-allocator-size-preload-manager=33554432"
    "memorysetup-temp-allocator-size-nav-mesh-worker=65536"
    "memorysetup-temp-allocator-size-audio-worker=65536"
    "memorysetup-temp-allocator-size-cloud-worker=32768"
    "memorysetup-temp-allocator-size-gi-baking-worker=262144"
    "memorysetup-temp-allocator-size-gfx=262144"
Player connection [2384] Host "[IP] 169.254.99.81 [Port] 0 [Flags] 2 [Guid] 52591657 [EditorId] 52591657 [Version] 1048832 [Id] WindowsEditor(7,DESKTOP-02P3CFR) [Debug] 1 [PackageName] WindowsEditor [ProjectName] Editor" joined multi-casting on [225.0.0.222:54997]...

Player connection [2384] Host "[IP] 169.254.99.81 [Port] 0 [Flags] 2 [Guid] 52591657 [EditorId] 52591657 [Version] 1048832 [Id] WindowsEditor(7,DESKTOP-02P3CFR) [Debug] 1 [PackageName] WindowsEditor [ProjectName] Editor" joined alternative multi-casting on [225.0.0.222:34997]...

Refreshing native plugins compatible for Editor in 111.40 ms, found 3 plugins.
Preloading 0 native plugins for Editor in 0.00 ms.
Initialize engine version: 2021.3.18f1 (3129e69bc0c7)
[Subsystems] Discovering subsystems at path C:/Program Files/Unity 2021.3.18f1/Editor/Data/Resources/UnitySubsystems
[Subsystems] Discovering subsystems at path C:/GitHub/graduate/Assets
GfxDevice: creating device client; threaded=0; jobified=0
Direct3D:
    Version:  Direct3D 11.0 [level 11.1]
    Renderer: NVIDIA GeForce RTX 3070 Laptop GPU (ID=0x249d)
    Vendor:   NVIDIA
    VRAM:     8044 MB
    Driver:   30.0.15.1295
Initialize mono
Mono path[0] = 'C:/Program Files/Unity 2021.3.18f1/Editor/Data/Managed'
Mono path[1] = 'C:/Program Files/Unity 2021.3.18f1/Editor/Data/MonoBleedingEdge/lib/mono/unityjit-win32'
Mono config path = 'C:/Program Files/Unity 2021.3.18f1/Editor/Data/MonoBleedingEdge/etc'
Using monoOptions --debugger-agent=transport=dt_socket,embedding=1,server=y,suspend=n,address=127.0.0.1:56388
Begin MonoManager ReloadAssembly
Registering precompiled unity dll's ...
Register platform support module: C:/Program Files/Unity 2021.3.18f1/Editor/Data/PlaybackEngines/WindowsStandaloneSupport/UnityEditor.WindowsStandalone.Extensions.dll
Registered in 0.014266 seconds.
Native extension for WindowsStandalone target not found
Refreshing native plugins compatible for Editor in 78.95 ms, found 3 plugins.
Preloading 0 native plugins for Editor in 0.00 ms.
Mono: successfully reloaded assembly
- Completed reload, in  0.677 seconds
Domain Reload Profiling:
	ReloadAssembly (677ms)
		BeginReloadAssembly (123ms)
			ExecutionOrderSort (0ms)
			DisableScriptedObjects (0ms)
			BackupInstance (0ms)
			ReleaseScriptingObjects (0ms)
			CreateAndSetChildDomain (1ms)
		EndReloadAssembly (429ms)
			LoadAssemblies (118ms)
			RebuildTransferFunctionScriptingTraits (0ms)
			SetupTypeCache (95ms)
			ReleaseScriptCaches (0ms)
			RebuildScriptCaches (23ms)
			SetupLoadedEditorAssemblies (255ms)
				LogAssemblyErrors (0ms)
				InitializePlatformSupportModulesInManaged (9ms)
				SetLoadedEditorAssemblies (0ms)
				RefreshPlugins (79ms)
				BeforeProcessingInitializeOnLoad (1ms)
				ProcessInitializeOnLoadAttributes (118ms)
				ProcessInitializeOnLoadMethodAttributes (48ms)
				AfterProcessingInitializeOnLoad (0ms)
				EditorAssembliesLoaded (0ms)
			ExecutionOrderSort2 (0ms)
			AwakeInstancesAfterBackupRestoration (0ms)
Platform modules already initialized, skipping
Registering precompiled user dll's ...
Registered in 0.011112 seconds.
Begin MonoManager ReloadAssembly
Symbol file LoadedFromMemory doesn't match image C:\GitHub\graduate\Library\PackageCache\com.unity.visualscripting@1.8.0\Editor\VisualScripting.Core\Dependencies\YamlDotNet\Unity.VisualScripting.YamlDotNet.dll
Symbol file LoadedFromMemory doesn't match image C:\GitHub\graduate\Library\PackageCache\com.unity.visualscripting@1.8.0\Editor\VisualScripting.Core\Dependencies\DotNetZip\Unity.VisualScripting.IonicZip.dll
Native extension for WindowsStandalone target not found
Refreshing native plugins compatible for Editor in 0.68 ms, found 3 plugins.
Preloading 0 native plugins for Editor in 0.00 ms.
Mono: successfully reloaded assembly
- Completed reload, in  1.118 seconds
Domain Reload Profiling:
	ReloadAssembly (1119ms)
		BeginReloadAssembly (211ms)
			ExecutionOrderSort (0ms)
			DisableScriptedObjects (7ms)
			BackupInstance (0ms)
			ReleaseScriptingObjects (0ms)
			CreateAndSetChildDomain (21ms)
		EndReloadAssembly (756ms)
			LoadAssemblies (181ms)
			RebuildTransferFunctionScriptingTraits (0ms)
			SetupTypeCache (222ms)
			ReleaseScriptCaches (0ms)
			RebuildScriptCaches (40ms)
			SetupLoadedEditorAssemblies (361ms)
				LogAssemblyErrors (0ms)
				InitializePlatformSupportModulesInManaged (8ms)
				SetLoadedEditorAssemblies (0ms)
				RefreshPlugins (1ms)
				BeforeProcessingInitializeOnLoad (96ms)
				ProcessInitializeOnLoadAttributes (218ms)
				ProcessInitializeOnLoadMethodAttributes (18ms)
				AfterProcessingInitializeOnLoad (20ms)
				EditorAssembliesLoaded (0ms)
			ExecutionOrderSort2 (0ms)
			AwakeInstancesAfterBackupRestoration (12ms)
Platform modules already initialized, skipping
========================================================================
Worker process is ready to serve import requests
Launched and connected shader compiler UnityShaderCompiler.exe after 0.11 seconds
Refreshing native plugins compatible for Editor in 1.61 ms, found 3 plugins.
Preloading 0 native plugins for Editor in 0.00 ms.
Unloading 3051 Unused Serialized files (Serialized files now loaded: 0)
Unloading 23 unused Assets / (87.8 KB). Loaded Objects now: 3512.
Memory consumption went from 107.5 MB to 107.5 MB.
Total: 4.598600 ms (FindLiveObjects: 0.401900 ms CreateObjectMapping: 0.284900 ms MarkObjects: 3.795500 ms  DeleteObjects: 0.115100 ms)

AssetImportParameters requested are different than current active one (requested -> active):
  custom:video-decoder-ogg-theora: a1e56fd34408186e4bbccfd4996cb3dc -> 
  custom:container-muxer-webm: aa71ff27fc2769a1b78a27578f13a17b -> 
  custom:container-demuxer-webm: 4f35f7cbe854078d1ac9338744f61a02 -> 
  custom:video-encoder-webm-vp8: eb34c28f22e8b96e1ab97ce403110664 -> 
  custom:audio-encoder-webm-vorbis: bf7c407c2cedff20999df2af8eb42d56 -> 
  custom:framework-win-MediaFoundation: 216162199b28c13a410421893ffa2e32 -> 
  custom:container-demuxer-ogg: 62fdf1f143b41e24485cea50d1cbac27 -> 
  custom:video-decoder-webm-vp8: 9c59270c3fd7afecdb556c50c9e8de78 -> 
  custom:audio-decoder-ogg-vorbis: bf7c407c2cedff20999df2af8eb42d56 -> 
========================================================================
Received Import Request.
  Time since last request: 341469.157394 seconds.
  path: Assets/ManyWorlds/Space Station/Sci Fi Base/DemoScene/1stPersonDemoScene
  artifactKey: Guid(6b8c0f47755c34edf83b2c0fce759a5a) Importer(815301076,1909f56bfc062723c751e8b465ee728b)
Start importing Assets/ManyWorlds/Space Station/Sci Fi Base/DemoScene/1stPersonDemoScene using Guid(6b8c0f47755c34edf83b2c0fce759a5a) Importer(815301076,1909f56bfc062723c751e8b465ee728b)  -> (artifact id: 'e76bd4cea76f1efd03490ad582274bdc') in 0.011330 seconds 
========================================================================
Received Import Request.
  Time since last request: 0.020910 seconds.
  path: Assets/ManyWorlds/Space Station/Sci Fi Base/DemoScene/1stPersonDemoScene/LightingData.asset
  artifactKey: Guid(cacdb5eb686935c4bb64274d98b3974e) Importer(815301076,1909f56bfc062723c751e8b465ee728b)
Start importing Assets/ManyWorlds/Space Station/Sci Fi Base/DemoScene/1stPersonDemoScene/LightingData.asset using Guid(cacdb5eb686935c4bb64274d98b3974e) Importer(815301076,1909f56bfc062723c751e8b465ee728b)  -> (artifact id: '1347add2c351e65df5b53558b39c0527') in 0.049951 seconds 
========================================================================
Received Import Request.
  Time since last request: 0.000022 seconds.
  path: Assets/ManyWorlds/Space Station/Sci Fi Base/DemoScene/1stPersonDemoScene/ReflectionProbe-19.exr
  artifactKey: Guid(4227ab5865741964cadd84dede27a585) Importer(815301076,1909f56bfc062723c751e8b465ee728b)
Start importing Assets/ManyWorlds/Space Station/Sci Fi Base/DemoScene/1stPersonDemoScene/ReflectionProbe-19.exr using Guid(4227ab5865741964cadd84dede27a585) Importer(815301076,1909f56bfc062723c751e8b465ee728b)  -> (artifact id: 'adac95765ebc1e3a977d87cc612ffa94') in 0.103529 seconds 
========================================================================
Received Import Request.
  Time since last request: 0.000031 seconds.
  path: Assets/ManyWorlds/Space Station/Sci Fi Base/DemoScene/1stPersonDemoScene/ReflectionProbe-26.exr
  artifactKey: Guid(0a1d3e0bd5764ed4cb511dc3c21a3229) Importer(815301076,1909f56bfc062723c751e8b465ee728b)
Start importing Assets/ManyWorlds/Space Station/Sci Fi Base/DemoScene/1stPersonDemoScene/ReflectionProbe-26.exr using Guid(0a1d3e0bd5764ed4cb511dc3c21a3229) Importer(815301076,1909f56bfc062723c751e8b465ee728b)  -> (artifact id: '293d7ab09ca2e5e83ca94d5aeb348225') in 0.022892 seconds 
========================================================================
Received Import Request.
  Time since last request: 0.000018 seconds.
  path: Assets/ManyWorlds/Space Station/Sci Fi Base/DemoScene/1stPersonDemoScene/ReflectionProbe-20.exr
  artifactKey: Guid(02e0476c26a7a3a4d89ae2a1b9966728) Importer(815301076,1909f56bfc062723c751e8b465ee728b)
Start importing Assets/ManyWorlds/Space Station/Sci Fi Base/DemoScene/1stPersonDemoScene/ReflectionProbe-20.exr using Guid(02e0476c26a7a3a4d89ae2a1b9966728) Importer(815301076,1909f56bfc062723c751e8b465ee728b)  -> (artifact id: 'a061f94ef6cc8b66c659d5e576734f55') in 0.018505 seconds 
========================================================================
Received Import Request.
  Time since last request: 0.000035 seconds.
  path: Assets/ManyWorlds/Space Station/Sci Fi Base/DemoScene/1stPersonDemoScene/Lightmap-10_comp_light.exr
  artifactKey: Guid(6179da31bb8dc064ca72d8209f4e195f) Importer(815301076,1909f56bfc062723c751e8b465ee728b)
Start importing Assets/ManyWorlds/Space Station/Sci Fi Base/DemoScene/1stPersonDemoScene/Lightmap-10_comp_light.exr using Guid(6179da31bb8dc064ca72d8209f4e195f) Importer(815301076,1909f56bfc062723c751e8b465ee728b)  -> (artifact id: '6c040516b8036147f001b87fdfaf85b3') in 0.048255 seconds 
========================================================================
Received Import Request.
  Time since last request: 0.000022 seconds.
  path: Assets/ManyWorlds/Space Station/Sci Fi Base/DemoScene/1stPersonDemoScene/Lightmap-7_comp_light.exr
  artifactKey: Guid(a12a9696d88d7fe43a96d99fda59f70b) Importer(815301076,1909f56bfc062723c751e8b465ee728b)
Start importing Assets/ManyWorlds/Space Station/Sci Fi Base/DemoScene/1stPersonDemoScene/Lightmap-7_comp_light.exr using Guid(a12a9696d88d7fe43a96d99fda59f70b) Importer(815301076,1909f56bfc062723c751e8b465ee728b)  -> (artifact id: '0f969f6af805bbe10a52fcfa0d7b3ce6') in 0.023270 seconds 
========================================================================
Received Import Request.
  Time since last request: 0.000025 seconds.
  path: Assets/ManyWorlds/Space Station/Sci Fi Base/DemoScene/1stPersonDemoScene/Lightmap-5_comp_light.exr
  artifactKey: Guid(7b9caef706bacde45a98098ebb1e9ed1) Importer(815301076,1909f56bfc062723c751e8b465ee728b)
Start importing Assets/ManyWorlds/Space Station/Sci Fi Base/DemoScene/1stPersonDemoScene/Lightmap-5_comp_light.exr using Guid(7b9caef706bacde45a98098ebb1e9ed1) Importer(815301076,1909f56bfc062723c751e8b465ee728b)  -> (artifact id: 'afc4d32f630e24e16894168b446c214b') in 0.019414 seconds 
========================================================================
Received Import Request.
  Time since last request: 0.000019 seconds.
  path: Assets/ManyWorlds/Space Station/Sci Fi Base/DemoScene/1stPersonDemoScene/ReflectionProbe-4.exr
  artifactKey: Guid(72b930f051107b045856ab76b234ecf1) Importer(815301076,1909f56bfc062723c751e8b465ee728b)
Start importing Assets/ManyWorlds/Space Station/Sci Fi Base/DemoScene/1stPersonDemoScene/ReflectionProbe-4.exr using Guid(72b930f051107b045856ab76b234ecf1) Importer(815301076,1909f56bfc062723c751e8b465ee728b)  -> (artifact id: '025ec88724eb98a675a1cda584e17c2c') in 0.019227 seconds 
========================================================================
Received Import Request.
  Time since last request: 0.000018 seconds.
  path: Assets/ManyWorlds/Space Station/Sci Fi Base/DemoScene/1stPersonDemoScene/ReflectionProbe-13.exr
  artifactKey: Guid(68f5af2d482d646419bf0c9a8d346331) Importer(815301076,1909f56bfc062723c751e8b465ee728b)
Start importing Assets/ManyWorlds/Space Station/Sci Fi Base/DemoScene/1stPersonDemoScene/ReflectionProbe-13.exr using Guid(68f5af2d482d646419bf0c9a8d346331) Importer(815301076,1909f56bfc062723c751e8b465ee728b)  -> (artifact id: '4d75554894682fa612b5eb47db863002') in 0.016485 seconds 
========================================================================
Received Import Request.
  Time since last request: 0.000017 seconds.
  path: Assets/ManyWorlds/Space Station/Sci Fi Base/DemoScene/1stPersonDemoScene/ReflectionProbe-27.exr
  artifactKey: Guid(2dc9895b278dc7c4eb725c92e6a22bda) Importer(815301076,1909f56bfc062723c751e8b465ee728b)
Start importing Assets/ManyWorlds/Space Station/Sci Fi Base/DemoScene/1stPersonDemoScene/ReflectionProbe-27.exr using Guid(2dc9895b278dc7c4eb725c92e6a22bda) Importer(815301076,1909f56bfc062723c751e8b465ee728b)  -> (artifact id: '0f7cafc452c4021ccc91a2e05c35781d') in 0.016121 seconds 
========================================================================
Received Import Request.
  Time since last request: 0.000024 seconds.
  path: Assets/ManyWorlds/Space Station/Sci Fi Base/DemoScene/1stPersonDemoScene/ReflectionProbe-18.exr
  artifactKey: Guid(4e85fa1383ec23f40bd19d865d7271d6) Importer(815301076,1909f56bfc062723c751e8b465ee728b)
Start importing Assets/ManyWorlds/Space Station/Sci Fi Base/DemoScene/1stPersonDemoScene/ReflectionProbe-18.exr using Guid(4e85fa1383ec23f40bd19d865d7271d6) Importer(815301076,1909f56bfc062723c751e8b465ee728b)  -> (artifact id: '1c221fb75cd50af75766830593950600') in 0.016638 seconds 
========================================================================
Received Import Request.
  Time since last request: 0.000029 seconds.
  path: Assets/ManyWorlds/Space Station/Sci Fi Base/DemoScene/1stPersonDemoScene/ReflectionProbe-10.exr
  artifactKey: Guid(7861ce6e570d9514f8155dd29ab32091) Importer(815301076,1909f56bfc062723c751e8b465ee728b)
Start importing Assets/ManyWorlds/Space Station/Sci Fi Base/DemoScene/1stPersonDemoScene/ReflectionProbe-10.exr using Guid(7861ce6e570d9514f8155dd29ab32091) Importer(815301076,1909f56bfc062723c751e8b465ee728b)  -> (artifact id: '4136b816a7ea5bd59c32bd57f112e1b9') in 0.017642 seconds 
========================================================================
Received Import Request.
  Time since last request: 0.000017 seconds.
  path: Assets/ManyWorlds/Space Station/Sci Fi Base/DemoScene/1stPersonDemoScene/ReflectionProbe-15.exr
  artifactKey: Guid(24d31aa2f7708e44eb998fac16f81346) Importer(815301076,1909f56bfc062723c751e8b465ee728b)
Start importing Assets/ManyWorlds/Space Station/Sci Fi Base/DemoScene/1stPersonDemoScene/ReflectionProbe-15.exr using Guid(24d31aa2f7708e44eb998fac16f81346) Importer(815301076,1909f56bfc062723c751e8b465ee728b)  -> (artifact id: '5ad0bb216258b283197839f11a2e31ef') in 0.015662 seconds 
========================================================================
Received Import Request.
  Time since last request: 9.173459 seconds.
  path: Assets/ManyWorlds/PostProcessingProfile
  artifactKey: Guid(9c6a22805338f4545afd7e1d0665e9fc) Importer(815301076,1909f56bfc062723c751e8b465ee728b)
Start importing Assets/ManyWorlds/PostProcessingProfile using Guid(9c6a22805338f4545afd7e1d0665e9fc) Importer(815301076,1909f56bfc062723c751e8b465ee728b)  -> (artifact id: 'ce00844810d0f2bcbe140d53a2ba12dc') in 0.004252 seconds 
========================================================================
Received Import Request.
  Time since last request: 2.620451 seconds.
  path: Assets/ManyWorlds/Space Station/Sci Fi Base/DemoScene/1stPersonDemoScene.unity
  artifactKey: Guid(92041b126b4b8734ba17d870746c34e9) Importer(815301076,1909f56bfc062723c751e8b465ee728b)
Start importing Assets/ManyWorlds/Space Station/Sci Fi Base/DemoScene/1stPersonDemoScene.unity using Guid(92041b126b4b8734ba17d870746c34e9) Importer(815301076,1909f56bfc062723c751e8b465ee728b)  -> (artifact id: '060af8fb2d75641d54b6b7fd640ab71b') in 0.004327 seconds 
