Using pre-set license
Built from '2021.3/staging' branch; Version is '2021.3.18f1 (3129e69bc0c7) revision 3221990'; Using compiler version '192829333'; Build Type 'Release'
OS: 'Windows 10  (10.0.19044) 64bit Education' Language: 'ko' Physical Memory: 15774 MB
BatchMode: 1, IsHumanControllingUs: 0, StartBugReporterOnCrash: 0, Is64bit: 1, IsPro: 1

COMMAND LINE ARGUMENTS:
C:\Program Files\Unity 2021.3.18f1\Editor\Unity.exe
-adb2
-batchMode
-noUpm
-name
AssetImportWorker7
-projectPath
C:/GitHub/graduate
-logFile
Logs/AssetImportWorker7.log
-srvPort
61194
Successfully changed project path to: C:/GitHub/graduate
C:/GitHub/graduate
[UnityMemory] Configuration Parameters - Can be set up in boot.config
    "memorysetup-bucket-allocator-granularity=16"
    "memorysetup-bucket-allocator-bucket-count=8"
    "memorysetup-bucket-allocator-block-size=33554432"
    "memorysetup-bucket-allocator-block-count=8"
    "memorysetup-main-allocator-block-size=16777216"
    "memorysetup-thread-allocator-block-size=16777216"
    "memorysetup-gfx-main-allocator-block-size=16777216"
    "memorysetup-gfx-thread-allocator-block-size=16777216"
    "memorysetup-cache-allocator-block-size=4194304"
    "memorysetup-typetree-allocator-block-size=2097152"
    "memorysetup-profiler-bucket-allocator-granularity=16"
    "memorysetup-profiler-bucket-allocator-bucket-count=8"
    "memorysetup-profiler-bucket-allocator-block-size=33554432"
    "memorysetup-profiler-bucket-allocator-block-count=8"
    "memorysetup-profiler-allocator-block-size=16777216"
    "memorysetup-profiler-editor-allocator-block-size=1048576"
    "memorysetup-temp-allocator-size-main=16777216"
    "memorysetup-job-temp-allocator-block-size=2097152"
    "memorysetup-job-temp-allocator-block-size-background=1048576"
    "memorysetup-job-temp-allocator-reduction-small-platforms=262144"
    "memorysetup-temp-allocator-size-background-worker=32768"
    "memorysetup-temp-allocator-size-job-worker=262144"
    "memorysetup-temp-allocator-size-preload-manager=33554432"
    "memorysetup-temp-allocator-size-nav-mesh-worker=65536"
    "memorysetup-temp-allocator-size-audio-worker=65536"
    "memorysetup-temp-allocator-size-cloud-worker=32768"
    "memorysetup-temp-allocator-size-gi-baking-worker=262144"
    "memorysetup-temp-allocator-size-gfx=262144"
Player connection [24252] Host "[IP] 169.254.99.81 [Port] 0 [Flags] 2 [Guid] 2698469412 [EditorId] 2698469412 [Version] 1048832 [Id] WindowsEditor(7,DESKTOP-02P3CFR) [Debug] 1 [PackageName] WindowsEditor [ProjectName] Editor" joined multi-casting on [225.0.0.222:54997]...

Player connection [24252] Host "[IP] 169.254.99.81 [Port] 0 [Flags] 2 [Guid] 2698469412 [EditorId] 2698469412 [Version] 1048832 [Id] WindowsEditor(7,DESKTOP-02P3CFR) [Debug] 1 [PackageName] WindowsEditor [ProjectName] Editor" joined alternative multi-casting on [225.0.0.222:34997]...

Refreshing native plugins compatible for Editor in 94.17 ms, found 3 plugins.
Preloading 0 native plugins for Editor in 0.00 ms.
Initialize engine version: 2021.3.18f1 (3129e69bc0c7)
[Subsystems] Discovering subsystems at path C:/Program Files/Unity 2021.3.18f1/Editor/Data/Resources/UnitySubsystems
[Subsystems] Discovering subsystems at path C:/GitHub/graduate/Assets
GfxDevice: creating device client; threaded=0; jobified=0
Direct3D:
    Version:  Direct3D 11.0 [level 11.1]
    Renderer: NVIDIA GeForce RTX 3070 Laptop GPU (ID=0x249d)
    Vendor:   NVIDIA
    VRAM:     8044 MB
    Driver:   30.0.15.1295
Initialize mono
Mono path[0] = 'C:/Program Files/Unity 2021.3.18f1/Editor/Data/Managed'
Mono path[1] = 'C:/Program Files/Unity 2021.3.18f1/Editor/Data/MonoBleedingEdge/lib/mono/unityjit-win32'
Mono config path = 'C:/Program Files/Unity 2021.3.18f1/Editor/Data/MonoBleedingEdge/etc'
Using monoOptions --debugger-agent=transport=dt_socket,embedding=1,server=y,suspend=n,address=127.0.0.1:56420
Begin MonoManager ReloadAssembly
Registering precompiled unity dll's ...
Register platform support module: C:/Program Files/Unity 2021.3.18f1/Editor/Data/PlaybackEngines/WindowsStandaloneSupport/UnityEditor.WindowsStandalone.Extensions.dll
Registered in 0.013800 seconds.
Native extension for WindowsStandalone target not found
Refreshing native plugins compatible for Editor in 73.09 ms, found 3 plugins.
Preloading 0 native plugins for Editor in 0.00 ms.
Mono: successfully reloaded assembly
- Completed reload, in  0.668 seconds
Domain Reload Profiling:
	ReloadAssembly (669ms)
		BeginReloadAssembly (131ms)
			ExecutionOrderSort (0ms)
			DisableScriptedObjects (0ms)
			BackupInstance (0ms)
			ReleaseScriptingObjects (0ms)
			CreateAndSetChildDomain (1ms)
		EndReloadAssembly (407ms)
			LoadAssemblies (126ms)
			RebuildTransferFunctionScriptingTraits (0ms)
			SetupTypeCache (90ms)
			ReleaseScriptCaches (0ms)
			RebuildScriptCaches (22ms)
			SetupLoadedEditorAssemblies (240ms)
				LogAssemblyErrors (0ms)
				InitializePlatformSupportModulesInManaged (9ms)
				SetLoadedEditorAssemblies (0ms)
				RefreshPlugins (73ms)
				BeforeProcessingInitializeOnLoad (1ms)
				ProcessInitializeOnLoadAttributes (106ms)
				ProcessInitializeOnLoadMethodAttributes (50ms)
				AfterProcessingInitializeOnLoad (0ms)
				EditorAssembliesLoaded (0ms)
			ExecutionOrderSort2 (0ms)
			AwakeInstancesAfterBackupRestoration (0ms)
Platform modules already initialized, skipping
Registering precompiled user dll's ...
Registered in 0.010729 seconds.
Begin MonoManager ReloadAssembly
Symbol file LoadedFromMemory doesn't match image C:\GitHub\graduate\Library\PackageCache\com.unity.visualscripting@1.8.0\Editor\VisualScripting.Core\Dependencies\YamlDotNet\Unity.VisualScripting.YamlDotNet.dll
Symbol file LoadedFromMemory doesn't match image C:\GitHub\graduate\Library\PackageCache\com.unity.visualscripting@1.8.0\Editor\VisualScripting.Core\Dependencies\DotNetZip\Unity.VisualScripting.IonicZip.dll
Native extension for WindowsStandalone target not found
Refreshing native plugins compatible for Editor in 0.62 ms, found 3 plugins.
Preloading 0 native plugins for Editor in 0.00 ms.
Mono: successfully reloaded assembly
- Completed reload, in  1.401 seconds
Domain Reload Profiling:
	ReloadAssembly (1402ms)
		BeginReloadAssembly (156ms)
			ExecutionOrderSort (0ms)
			DisableScriptedObjects (5ms)
			BackupInstance (0ms)
			ReleaseScriptingObjects (0ms)
			CreateAndSetChildDomain (20ms)
		EndReloadAssembly (1112ms)
			LoadAssemblies (504ms)
			RebuildTransferFunctionScriptingTraits (0ms)
			SetupTypeCache (222ms)
			ReleaseScriptCaches (0ms)
			RebuildScriptCaches (38ms)
			SetupLoadedEditorAssemblies (350ms)
				LogAssemblyErrors (0ms)
				InitializePlatformSupportModulesInManaged (7ms)
				SetLoadedEditorAssemblies (0ms)
				RefreshPlugins (1ms)
				BeforeProcessingInitializeOnLoad (97ms)
				ProcessInitializeOnLoadAttributes (208ms)
				ProcessInitializeOnLoadMethodAttributes (17ms)
				AfterProcessingInitializeOnLoad (20ms)
				EditorAssembliesLoaded (0ms)
			ExecutionOrderSort2 (0ms)
			AwakeInstancesAfterBackupRestoration (13ms)
Platform modules already initialized, skipping
========================================================================
Worker process is ready to serve import requests
Launched and connected shader compiler UnityShaderCompiler.exe after 0.10 seconds
Refreshing native plugins compatible for Editor in 1.07 ms, found 3 plugins.
Preloading 0 native plugins for Editor in 0.00 ms.
Unloading 3051 Unused Serialized files (Serialized files now loaded: 0)
Unloading 23 unused Assets / (87.6 KB). Loaded Objects now: 3520.
Memory consumption went from 108.6 MB to 108.5 MB.
Total: 3.372000 ms (FindLiveObjects: 0.261900 ms CreateObjectMapping: 0.283500 ms MarkObjects: 2.732200 ms  DeleteObjects: 0.093700 ms)

AssetImportParameters requested are different than current active one (requested -> active):
  custom:video-decoder-ogg-theora: a1e56fd34408186e4bbccfd4996cb3dc -> 
  custom:container-muxer-webm: aa71ff27fc2769a1b78a27578f13a17b -> 
  custom:container-demuxer-webm: 4f35f7cbe854078d1ac9338744f61a02 -> 
  custom:video-encoder-webm-vp8: eb34c28f22e8b96e1ab97ce403110664 -> 
  custom:audio-encoder-webm-vorbis: bf7c407c2cedff20999df2af8eb42d56 -> 
  custom:framework-win-MediaFoundation: 216162199b28c13a410421893ffa2e32 -> 
  custom:container-demuxer-ogg: 62fdf1f143b41e24485cea50d1cbac27 -> 
  custom:video-decoder-webm-vp8: 9c59270c3fd7afecdb556c50c9e8de78 -> 
  custom:audio-decoder-ogg-vorbis: bf7c407c2cedff20999df2af8eb42d56 -> 
========================================================================
Received Import Request.
  Time since last request: 350876.057189 seconds.
  path: Assets/1stPersonDemoScene/Lightmap-0_comp_light.exr
  artifactKey: Guid(505fd6f26a97ac746ba5cb192dd1d55d) Importer(815301076,1909f56bfc062723c751e8b465ee728b)
Start importing Assets/1stPersonDemoScene/Lightmap-0_comp_light.exr using Guid(505fd6f26a97ac746ba5cb192dd1d55d) Importer(815301076,1909f56bfc062723c751e8b465ee728b)  -> (artifact id: 'a8d2e4cdfa36af12eaa0712a9c104345') in 0.108827 seconds 
========================================================================
Received Import Request.
  Time since last request: 0.000121 seconds.
  path: Assets/1stPersonDemoScene/ReflectionProbe-2.exr
  artifactKey: Guid(fd229aa5763b45d43b6b6ffe575e604c) Importer(815301076,1909f56bfc062723c751e8b465ee728b)
Start importing Assets/1stPersonDemoScene/ReflectionProbe-2.exr using Guid(fd229aa5763b45d43b6b6ffe575e604c) Importer(815301076,1909f56bfc062723c751e8b465ee728b)  -> (artifact id: '5f10d4533773a9736a065c50e44df1d3') in 0.051570 seconds 
========================================================================
Received Import Request.
  Time since last request: 0.000032 seconds.
  path: Assets/1stPersonDemoScene/ReflectionProbe-5.exr
  artifactKey: Guid(1adfabbfea157bf4bb63cc7710b93d98) Importer(815301076,1909f56bfc062723c751e8b465ee728b)
Start importing Assets/1stPersonDemoScene/ReflectionProbe-5.exr using Guid(1adfabbfea157bf4bb63cc7710b93d98) Importer(815301076,1909f56bfc062723c751e8b465ee728b)  -> (artifact id: '4acfd767b14588c54d60da2b995737bd') in 0.021031 seconds 
========================================================================
Received Import Request.
  Time since last request: 0.000032 seconds.
  path: Assets/1stPersonDemoScene/ReflectionProbe-1.exr
  artifactKey: Guid(7d0e4bbec871d434ab515973471fba0e) Importer(815301076,1909f56bfc062723c751e8b465ee728b)
Start importing Assets/1stPersonDemoScene/ReflectionProbe-1.exr using Guid(7d0e4bbec871d434ab515973471fba0e) Importer(815301076,1909f56bfc062723c751e8b465ee728b)  -> (artifact id: '70d210917987dfa9aab51d8fd69fe52c') in 0.027525 seconds 
========================================================================
Received Import Request.
  Time since last request: 0.000046 seconds.
  path: Assets/1stPersonDemoScene/Lightmap-4_comp_light.exr
  artifactKey: Guid(cd10f30561a952343a3342d089d798c0) Importer(815301076,1909f56bfc062723c751e8b465ee728b)
Start importing Assets/1stPersonDemoScene/Lightmap-4_comp_light.exr using Guid(cd10f30561a952343a3342d089d798c0) Importer(815301076,1909f56bfc062723c751e8b465ee728b)  -> (artifact id: '7dbc25024dcd1085d1483655aa9c0927') in 0.035909 seconds 
========================================================================
Received Import Request.
  Time since last request: 0.000027 seconds.
  path: Assets/1stPersonDemoScene/Lightmap-7_comp_light.exr
  artifactKey: Guid(a02d03ef762d9d24dbd5ffb1784c11e0) Importer(815301076,1909f56bfc062723c751e8b465ee728b)
Start importing Assets/1stPersonDemoScene/Lightmap-7_comp_light.exr using Guid(a02d03ef762d9d24dbd5ffb1784c11e0) Importer(815301076,1909f56bfc062723c751e8b465ee728b)  -> (artifact id: '03177fab64b06219cfd3f193095dd4db') in 0.027759 seconds 
========================================================================
Received Import Request.
  Time since last request: 0.000028 seconds.
  path: Assets/1stPersonDemoScene/Lightmap-3_comp_light.exr
  artifactKey: Guid(0063148cdd7b7c2489272c4e584bc66f) Importer(815301076,1909f56bfc062723c751e8b465ee728b)
Start importing Assets/1stPersonDemoScene/Lightmap-3_comp_light.exr using Guid(0063148cdd7b7c2489272c4e584bc66f) Importer(815301076,1909f56bfc062723c751e8b465ee728b)  -> (artifact id: 'fdf215528065f9326861d742e4547064') in 0.035415 seconds 
========================================================================
Received Import Request.
  Time since last request: 6.710501 seconds.
  path: Assets/InGameMap/Lightmap-2_comp_light.exr
  artifactKey: Guid(c7e67fe805fa4b045b3c4c612a04c514) Importer(815301076,1909f56bfc062723c751e8b465ee728b)
Start importing Assets/InGameMap/Lightmap-2_comp_light.exr using Guid(c7e67fe805fa4b045b3c4c612a04c514) Importer(815301076,1909f56bfc062723c751e8b465ee728b)  -> (artifact id: '0092fd845e25097992e10f4343b87a80') in 0.020780 seconds 
========================================================================
Received Import Request.
  Time since last request: 0.000041 seconds.
  path: Assets/InGameMap/ReflectionProbe-4.exr
  artifactKey: Guid(8c4597da8ddddcd42bf9219b51bf1e9c) Importer(815301076,1909f56bfc062723c751e8b465ee728b)
Start importing Assets/InGameMap/ReflectionProbe-4.exr using Guid(8c4597da8ddddcd42bf9219b51bf1e9c) Importer(815301076,1909f56bfc062723c751e8b465ee728b)  -> (artifact id: 'cf791248b2c05ff710b113d3df73d9b7') in 0.021741 seconds 
========================================================================
Received Import Request.
  Time since last request: 0.000031 seconds.
  path: Assets/InGameMap/Lightmap-3_comp_light.exr
  artifactKey: Guid(de1425fb8f8cc3541adef24c64937a0b) Importer(815301076,1909f56bfc062723c751e8b465ee728b)
Start importing Assets/InGameMap/Lightmap-3_comp_light.exr using Guid(de1425fb8f8cc3541adef24c64937a0b) Importer(815301076,1909f56bfc062723c751e8b465ee728b)  -> (artifact id: '735f8a00339dc1b368ad6a6011e46701') in 0.020893 seconds 
========================================================================
Received Import Request.
  Time since last request: 0.000052 seconds.
  path: Assets/InGameMap/ReflectionProbe-0.exr
  artifactKey: Guid(ace5b858c2b4090459c09b35e38f7a00) Importer(815301076,1909f56bfc062723c751e8b465ee728b)
Start importing Assets/InGameMap/ReflectionProbe-0.exr using Guid(ace5b858c2b4090459c09b35e38f7a00) Importer(815301076,1909f56bfc062723c751e8b465ee728b)  -> (artifact id: 'b0fb1b4479da9536342a244ca0426cb1') in 0.018119 seconds 
Editor requested this worker to shutdown with reason: Scaling down because of idle timeout
AssetImportWorker is now disconnected from the server
Process exiting
Exiting without the bug reporter. Application will terminate with return code 0